
*** Running vivado
    with args -log Top_Student.vds -m64 -product Vivado -mode batch -messageDb vivado.pb -notrace -source Top_Student.tcl


****** Vivado v2018.2 (64-bit)
  **** SW Build 2258646 on Thu Jun 14 20:03:12 MDT 2018
  **** IP Build 2256618 on Thu Jun 14 22:10:49 MDT 2018
    ** Copyright 1986-2018 Xilinx, Inc. All Rights Reserved.

source Top_Student.tcl -notrace
Command: synth_design -top Top_Student -part xc7a35tcpg236-1
Starting synth_design
Attempting to get a license for feature 'Synthesis' and/or device 'xc7a35t'
INFO: [Common 17-349] Got license for feature 'Synthesis' and/or device 'xc7a35t'
INFO: Launching helper process for spawning children vivado processes
INFO: Helper process launched with PID 10936 
WARNING: [Synth 8-2611] redeclaration of ansi port pixel_index is not allowed [C:/Users/jiayu/Documents/EE2026/FDP/FDP.srcs/sources_1/new/task_r.v:28]
WARNING: [Synth 8-2611] redeclaration of ansi port pixel_index is not allowed [C:/Users/jiayu/Documents/EE2026/FDP/FDP.srcs/sources_1/new/task_s.v:35]
---------------------------------------------------------------------------------
Starting RTL Elaboration : Time (s): cpu = 00:00:01 ; elapsed = 00:00:01 . Memory (MB): peak = 368.660 ; gain = 111.957
---------------------------------------------------------------------------------
INFO: [Synth 8-6157] synthesizing module 'Top_Student' [C:/Users/jiayu/Documents/EE2026/FDP/FDP.srcs/sources_1/new/Top_Student.v:68]
INFO: [Synth 8-6157] synthesizing module 'task_p' [C:/Users/jiayu/Documents/EE2026/FDP/FDP.srcs/sources_1/new/task_p.v:72]
	Parameter RED bound to: 16'b1111100000000000 
	Parameter GREEN bound to: 16'b0000011111100000 
	Parameter WHITE bound to: 16'b1111111111111111 
	Parameter BLACK bound to: 16'b0000000000000000 
INFO: [Synth 8-6157] synthesizing module 'clk_6p5mhz' [C:/Users/jiayu/Documents/EE2026/FDP/FDP.srcs/sources_1/new/task_p.v:12]
INFO: [Synth 8-6155] done synthesizing module 'clk_6p5mhz' (1#1) [C:/Users/jiayu/Documents/EE2026/FDP/FDP.srcs/sources_1/new/task_p.v:12]
INFO: [Synth 8-6157] synthesizing module 'debouncer' [C:/Users/jiayu/Documents/EE2026/FDP/FDP.srcs/sources_1/new/task_p.v:34]
INFO: [Synth 8-6157] synthesizing module 'clk_1ms' [C:/Users/jiayu/Documents/EE2026/FDP/FDP.srcs/sources_1/new/task_p.v:23]
INFO: [Synth 8-6155] done synthesizing module 'clk_1ms' (2#1) [C:/Users/jiayu/Documents/EE2026/FDP/FDP.srcs/sources_1/new/task_p.v:23]
INFO: [Synth 8-6155] done synthesizing module 'debouncer' (3#1) [C:/Users/jiayu/Documents/EE2026/FDP/FDP.srcs/sources_1/new/task_p.v:34]
INFO: [Synth 8-6155] done synthesizing module 'task_p' (4#1) [C:/Users/jiayu/Documents/EE2026/FDP/FDP.srcs/sources_1/new/task_p.v:72]
INFO: [Synth 8-6157] synthesizing module 'task_q' [C:/Users/jiayu/Documents/EE2026/FDP/FDP.srcs/sources_1/new/task_q.v:5]
	Parameter GREEN bound to: 16'b0000011111100000 
	Parameter RED bound to: 16'b1111100000000000 
	Parameter BLUE bound to: 16'b0000000000011111 
	Parameter YELLOW bound to: 16'b1111111111100000 
	Parameter BLACK bound to: 16'b0000000000000000 
INFO: [Synth 8-6157] synthesizing module 'my_clock' [C:/Users/jiayu/Documents/EE2026/FDP/FDP.srcs/sources_1/new/my_clock.v:1]
INFO: [Synth 8-6155] done synthesizing module 'my_clock' (5#1) [C:/Users/jiayu/Documents/EE2026/FDP/FDP.srcs/sources_1/new/my_clock.v:1]
INFO: [Synth 8-226] default block is never used [C:/Users/jiayu/Documents/EE2026/FDP/FDP.srcs/sources_1/new/task_q.v:105]
INFO: [Synth 8-6155] done synthesizing module 'task_q' (6#1) [C:/Users/jiayu/Documents/EE2026/FDP/FDP.srcs/sources_1/new/task_q.v:5]
INFO: [Synth 8-6157] synthesizing module 'task_r' [C:/Users/jiayu/Documents/EE2026/FDP/FDP.srcs/sources_1/new/task_r.v:4]
	Parameter GREEN bound to: 16'b0000011111100000 
	Parameter RED bound to: 16'b1111100000000000 
	Parameter BLUE bound to: 16'b0000000000011111 
	Parameter YELLOW bound to: 16'b1111111111100000 
	Parameter BLACK bound to: 16'b0000000000000000 
	Parameter LBLUE bound to: 16'b0011100011111111 
INFO: [Synth 8-6155] done synthesizing module 'task_r' (7#1) [C:/Users/jiayu/Documents/EE2026/FDP/FDP.srcs/sources_1/new/task_r.v:4]
INFO: [Synth 8-6157] synthesizing module 'task_s' [C:/Users/jiayu/Documents/EE2026/FDP/FDP.srcs/sources_1/new/task_s.v:13]
	Parameter MIN_CX bound to: 7'b0100110 
	Parameter MAX_CX bound to: 7'b1010101 
INFO: [Synth 8-6157] synthesizing module 'CLOCK' [C:/Users/jiayu/Documents/EE2026/FDP/FDP.srcs/sources_1/new/task_s.v:1]
INFO: [Synth 8-6155] done synthesizing module 'CLOCK' (8#1) [C:/Users/jiayu/Documents/EE2026/FDP/FDP.srcs/sources_1/new/task_s.v:1]
INFO: [Synth 8-6155] done synthesizing module 'task_s' (9#1) [C:/Users/jiayu/Documents/EE2026/FDP/FDP.srcs/sources_1/new/task_s.v:13]
INFO: [Synth 8-6157] synthesizing module 'Oled_Display' [C:/Users/jiayu/Documents/EE2026/FDP/FDP.srcs/sources_1/imports/Desktop/Oled_Display.v:36]
	Parameter Width bound to: 96 - type: integer 
	Parameter Height bound to: 64 - type: integer 
	Parameter PixelCount bound to: 6144 - type: integer 
	Parameter PixelCountWidth bound to: 13 - type: integer 
	Parameter ClkFreq bound to: 6250000 - type: integer 
	Parameter FrameFreq bound to: 60 - type: integer 
	Parameter FrameDiv bound to: 104166 - type: integer 
	Parameter FrameDivWidth bound to: 17 - type: integer 
	Parameter PowerDelay bound to: 20 - type: integer 
	Parameter ResetDelay bound to: 3 - type: integer 
	Parameter VccEnDelay bound to: 20 - type: integer 
	Parameter StartupCompleteDelay bound to: 100 - type: integer 
	Parameter MaxDelay bound to: 100 - type: integer 
	Parameter MaxDelayCount bound to: 625000 - type: integer 
	Parameter StateCount bound to: 32 - type: integer 
	Parameter StateWidth bound to: 5 - type: integer 
	Parameter PowerUp bound to: 5'b00000 
	Parameter Reset bound to: 5'b00001 
	Parameter ReleaseReset bound to: 5'b00011 
	Parameter EnableDriver bound to: 5'b00010 
	Parameter DisplayOff bound to: 5'b00110 
	Parameter SetRemapDisplayFormat bound to: 5'b00111 
	Parameter SetStartLine bound to: 5'b00101 
	Parameter SetOffset bound to: 5'b00100 
	Parameter SetNormalDisplay bound to: 5'b01100 
	Parameter SetMultiplexRatio bound to: 5'b01101 
	Parameter SetMasterConfiguration bound to: 5'b01111 
	Parameter DisablePowerSave bound to: 5'b01110 
	Parameter SetPhaseAdjust bound to: 5'b01010 
	Parameter SetDisplayClock bound to: 5'b01011 
	Parameter SetSecondPrechargeA bound to: 5'b01001 
	Parameter SetSecondPrechargeB bound to: 5'b01000 
	Parameter SetSecondPrechargeC bound to: 5'b11000 
	Parameter SetPrechargeLevel bound to: 5'b11001 
	Parameter SetVCOMH bound to: 5'b11011 
	Parameter SetMasterCurrent bound to: 5'b11010 
	Parameter SetContrastA bound to: 5'b11110 
	Parameter SetContrastB bound to: 5'b11111 
	Parameter SetContrastC bound to: 5'b11101 
	Parameter DisableScrolling bound to: 5'b11100 
	Parameter ClearScreen bound to: 5'b10100 
	Parameter VccEn bound to: 5'b10101 
	Parameter DisplayOn bound to: 5'b10111 
	Parameter PrepareNextFrame bound to: 5'b10110 
	Parameter SetColAddress bound to: 5'b10010 
	Parameter SetRowAddress bound to: 5'b10011 
	Parameter WaitNextFrame bound to: 5'b10001 
	Parameter SendPixel bound to: 5'b10000 
	Parameter SpiCommandMaxWidth bound to: 40 - type: integer 
	Parameter SpiCommandBitCountWidth bound to: 6 - type: integer 
INFO: [Synth 8-226] default block is never used [C:/Users/jiayu/Documents/EE2026/FDP/FDP.srcs/sources_1/imports/Desktop/Oled_Display.v:123]
INFO: [Synth 8-226] default block is never used [C:/Users/jiayu/Documents/EE2026/FDP/FDP.srcs/sources_1/imports/Desktop/Oled_Display.v:198]
WARNING: [Synth 8-693] zero replication count - replication ignored [C:/Users/jiayu/Documents/EE2026/FDP/FDP.srcs/sources_1/imports/Desktop/Oled_Display.v:346]
INFO: [Synth 8-6155] done synthesizing module 'Oled_Display' (10#1) [C:/Users/jiayu/Documents/EE2026/FDP/FDP.srcs/sources_1/imports/Desktop/Oled_Display.v:36]
INFO: [Synth 8-6157] synthesizing module 'clk_divider' [C:/Users/jiayu/Documents/EE2026/FDP/FDP.srcs/sources_1/new/Top_Student.v:13]
INFO: [Synth 8-6155] done synthesizing module 'clk_divider' (11#1) [C:/Users/jiayu/Documents/EE2026/FDP/FDP.srcs/sources_1/new/Top_Student.v:13]
INFO: [Synth 8-226] default block is never used [C:/Users/jiayu/Documents/EE2026/FDP/FDP.srcs/sources_1/new/Top_Student.v:130]
INFO: [Synth 8-6155] done synthesizing module 'Top_Student' (12#1) [C:/Users/jiayu/Documents/EE2026/FDP/FDP.srcs/sources_1/new/Top_Student.v:68]
WARNING: [Synth 8-3331] design Top_Student has unconnected port JC_out[2]
---------------------------------------------------------------------------------
Finished RTL Elaboration : Time (s): cpu = 00:00:02 ; elapsed = 00:00:02 . Memory (MB): peak = 414.281 ; gain = 157.578
---------------------------------------------------------------------------------

Report Check Netlist: 
+------+------------------+-------+---------+-------+------------------+
|      |Item              |Errors |Warnings |Status |Description       |
+------+------------------+-------+---------+-------+------------------+
|1     |multi_driven_nets |      0|        0|Passed |Multi driven nets |
+------+------------------+-------+---------+-------+------------------+
---------------------------------------------------------------------------------
Start Handling Custom Attributes
---------------------------------------------------------------------------------
---------------------------------------------------------------------------------
Finished Handling Custom Attributes : Time (s): cpu = 00:00:02 ; elapsed = 00:00:02 . Memory (MB): peak = 414.281 ; gain = 157.578
---------------------------------------------------------------------------------
---------------------------------------------------------------------------------
Finished RTL Optimization Phase 1 : Time (s): cpu = 00:00:02 ; elapsed = 00:00:02 . Memory (MB): peak = 414.281 ; gain = 157.578
---------------------------------------------------------------------------------
INFO: [Device 21-403] Loading part xc7a35tcpg236-1
INFO: [Project 1-570] Preparing netlist for logic optimization

Processing XDC Constraints
Initializing timing engine
Parsing XDC File [C:/Users/jiayu/Documents/EE2026/FDP/FDP.srcs/constrs_1/new/my_xdc.xdc]
Finished Parsing XDC File [C:/Users/jiayu/Documents/EE2026/FDP/FDP.srcs/constrs_1/new/my_xdc.xdc]
INFO: [Project 1-236] Implementation specific constraints were found while reading constraint file [C:/Users/jiayu/Documents/EE2026/FDP/FDP.srcs/constrs_1/new/my_xdc.xdc]. These constraints will be ignored for synthesis but will be used in implementation. Impacted constraints are listed in the file [.Xil/Top_Student_propImpl.xdc].
Resolution: To avoid this warning, move constraints listed in [.Xil/Top_Student_propImpl.xdc] to another XDC file and exclude this new file from synthesis with the used_in_synthesis property (File Properties dialog in GUI) and re-run elaboration/synthesis.
Completed Processing XDC Constraints

INFO: [Project 1-111] Unisim Transformation Summary:
No Unisim elements were transformed.

Constraint Validation Runtime : Time (s): cpu = 00:00:00 ; elapsed = 00:00:00.002 . Memory (MB): peak = 776.945 ; gain = 0.000
---------------------------------------------------------------------------------
Finished Constraint Validation : Time (s): cpu = 00:00:06 ; elapsed = 00:00:08 . Memory (MB): peak = 777.043 ; gain = 520.340
---------------------------------------------------------------------------------
---------------------------------------------------------------------------------
Start Loading Part and Timing Information
---------------------------------------------------------------------------------
Loading part: xc7a35tcpg236-1
---------------------------------------------------------------------------------
Finished Loading Part and Timing Information : Time (s): cpu = 00:00:06 ; elapsed = 00:00:08 . Memory (MB): peak = 777.043 ; gain = 520.340
---------------------------------------------------------------------------------
---------------------------------------------------------------------------------
Start Applying 'set_property' XDC Constraints
---------------------------------------------------------------------------------
---------------------------------------------------------------------------------
Finished applying 'set_property' XDC Constraints : Time (s): cpu = 00:00:06 ; elapsed = 00:00:08 . Memory (MB): peak = 777.043 ; gain = 520.340
---------------------------------------------------------------------------------
INFO: [Synth 8-5544] ROM "SLOW_CLOCK0" won't be mapped to Block RAM because address size (3) smaller than threshold (5)
INFO: [Synth 8-5545] ROM "my_clk0" won't be mapped to RAM because address size (32) is larger than maximum supported(25)
INFO: [Synth 8-4471] merging register 'bitmap_reg[1][0:63]' into 'bitmap_reg[0][0:63]' [C:/Users/jiayu/Documents/EE2026/FDP/FDP.srcs/sources_1/new/task_q.v:53]
INFO: [Synth 8-4471] merging register 'bitmap_reg[2][0:63]' into 'bitmap_reg[0][0:63]' [C:/Users/jiayu/Documents/EE2026/FDP/FDP.srcs/sources_1/new/task_q.v:53]
INFO: [Synth 8-4471] merging register 'bitmap_reg[3][0:63]' into 'bitmap_reg[0][0:63]' [C:/Users/jiayu/Documents/EE2026/FDP/FDP.srcs/sources_1/new/task_q.v:53]
INFO: [Synth 8-4471] merging register 'bitmap_reg[4][0:63]' into 'bitmap_reg[0][0:63]' [C:/Users/jiayu/Documents/EE2026/FDP/FDP.srcs/sources_1/new/task_q.v:53]
INFO: [Synth 8-4471] merging register 'bitmap_reg[5][0:63]' into 'bitmap_reg[0][0:63]' [C:/Users/jiayu/Documents/EE2026/FDP/FDP.srcs/sources_1/new/task_q.v:53]
INFO: [Synth 8-4471] merging register 'bitmap_reg[6][0:63]' into 'bitmap_reg[0][0:63]' [C:/Users/jiayu/Documents/EE2026/FDP/FDP.srcs/sources_1/new/task_q.v:53]
INFO: [Synth 8-4471] merging register 'bitmap_reg[7][0:63]' into 'bitmap_reg[0][0:63]' [C:/Users/jiayu/Documents/EE2026/FDP/FDP.srcs/sources_1/new/task_q.v:53]
INFO: [Synth 8-4471] merging register 'bitmap_reg[8][0:63]' into 'bitmap_reg[0][0:63]' [C:/Users/jiayu/Documents/EE2026/FDP/FDP.srcs/sources_1/new/task_q.v:53]
INFO: [Synth 8-4471] merging register 'bitmap_reg[9][0:63]' into 'bitmap_reg[0][0:63]' [C:/Users/jiayu/Documents/EE2026/FDP/FDP.srcs/sources_1/new/task_q.v:53]
INFO: [Synth 8-4471] merging register 'bitmap_reg[10][0:63]' into 'bitmap_reg[0][0:63]' [C:/Users/jiayu/Documents/EE2026/FDP/FDP.srcs/sources_1/new/task_q.v:53]
INFO: [Synth 8-4471] merging register 'bitmap_reg[11][0:63]' into 'bitmap_reg[0][0:63]' [C:/Users/jiayu/Documents/EE2026/FDP/FDP.srcs/sources_1/new/task_q.v:53]
INFO: [Synth 8-4471] merging register 'bitmap_reg[12][0:63]' into 'bitmap_reg[0][0:63]' [C:/Users/jiayu/Documents/EE2026/FDP/FDP.srcs/sources_1/new/task_q.v:53]
INFO: [Synth 8-4471] merging register 'bitmap_reg[13][0:63]' into 'bitmap_reg[0][0:63]' [C:/Users/jiayu/Documents/EE2026/FDP/FDP.srcs/sources_1/new/task_q.v:53]
INFO: [Synth 8-4471] merging register 'bitmap_reg[14][0:63]' into 'bitmap_reg[0][0:63]' [C:/Users/jiayu/Documents/EE2026/FDP/FDP.srcs/sources_1/new/task_q.v:53]
INFO: [Synth 8-4471] merging register 'bitmap_reg[15][0:63]' into 'bitmap_reg[0][0:63]' [C:/Users/jiayu/Documents/EE2026/FDP/FDP.srcs/sources_1/new/task_q.v:53]
INFO: [Synth 8-4471] merging register 'bitmap_reg[16][0:63]' into 'bitmap_reg[0][0:63]' [C:/Users/jiayu/Documents/EE2026/FDP/FDP.srcs/sources_1/new/task_q.v:53]
INFO: [Synth 8-4471] merging register 'bitmap_reg[17][0:63]' into 'bitmap_reg[0][0:63]' [C:/Users/jiayu/Documents/EE2026/FDP/FDP.srcs/sources_1/new/task_q.v:53]
INFO: [Synth 8-4471] merging register 'bitmap_reg[18][0:63]' into 'bitmap_reg[0][0:63]' [C:/Users/jiayu/Documents/EE2026/FDP/FDP.srcs/sources_1/new/task_q.v:53]
INFO: [Synth 8-4471] merging register 'bitmap_reg[21][0:63]' into 'bitmap_reg[20][0:63]' [C:/Users/jiayu/Documents/EE2026/FDP/FDP.srcs/sources_1/new/task_q.v:53]
INFO: [Synth 8-4471] merging register 'bitmap_reg[23][0:63]' into 'bitmap_reg[22][0:63]' [C:/Users/jiayu/Documents/EE2026/FDP/FDP.srcs/sources_1/new/task_q.v:53]
INFO: [Synth 8-4471] merging register 'bitmap_reg[24][0:63]' into 'bitmap_reg[19][0:63]' [C:/Users/jiayu/Documents/EE2026/FDP/FDP.srcs/sources_1/new/task_q.v:53]
INFO: [Synth 8-4471] merging register 'bitmap_reg[25][0:63]' into 'bitmap_reg[19][0:63]' [C:/Users/jiayu/Documents/EE2026/FDP/FDP.srcs/sources_1/new/task_q.v:53]
INFO: [Synth 8-4471] merging register 'bitmap_reg[26][0:63]' into 'bitmap_reg[19][0:63]' [C:/Users/jiayu/Documents/EE2026/FDP/FDP.srcs/sources_1/new/task_q.v:53]
INFO: [Synth 8-4471] merging register 'bitmap_reg[27][0:63]' into 'bitmap_reg[0][0:63]' [C:/Users/jiayu/Documents/EE2026/FDP/FDP.srcs/sources_1/new/task_q.v:53]
INFO: [Synth 8-4471] merging register 'bitmap_reg[28][0:63]' into 'bitmap_reg[0][0:63]' [C:/Users/jiayu/Documents/EE2026/FDP/FDP.srcs/sources_1/new/task_q.v:53]
INFO: [Synth 8-4471] merging register 'bitmap_reg[29][0:63]' into 'bitmap_reg[0][0:63]' [C:/Users/jiayu/Documents/EE2026/FDP/FDP.srcs/sources_1/new/task_q.v:53]
INFO: [Synth 8-4471] merging register 'bitmap_reg[30][0:63]' into 'bitmap_reg[0][0:63]' [C:/Users/jiayu/Documents/EE2026/FDP/FDP.srcs/sources_1/new/task_q.v:53]
INFO: [Synth 8-4471] merging register 'bitmap_reg[31][0:63]' into 'bitmap_reg[0][0:63]' [C:/Users/jiayu/Documents/EE2026/FDP/FDP.srcs/sources_1/new/task_q.v:53]
INFO: [Synth 8-4471] merging register 'bitmap_reg[32][0:63]' into 'bitmap_reg[0][0:63]' [C:/Users/jiayu/Documents/EE2026/FDP/FDP.srcs/sources_1/new/task_q.v:53]
INFO: [Synth 8-4471] merging register 'bitmap_reg[33][0:63]' into 'bitmap_reg[0][0:63]' [C:/Users/jiayu/Documents/EE2026/FDP/FDP.srcs/sources_1/new/task_q.v:53]
INFO: [Synth 8-4471] merging register 'bitmap_reg[34][0:63]' into 'bitmap_reg[0][0:63]' [C:/Users/jiayu/Documents/EE2026/FDP/FDP.srcs/sources_1/new/task_q.v:53]
INFO: [Synth 8-4471] merging register 'bitmap_reg[35][0:63]' into 'bitmap_reg[0][0:63]' [C:/Users/jiayu/Documents/EE2026/FDP/FDP.srcs/sources_1/new/task_q.v:53]
INFO: [Synth 8-4471] merging register 'bitmap_reg[36][0:63]' into 'bitmap_reg[0][0:63]' [C:/Users/jiayu/Documents/EE2026/FDP/FDP.srcs/sources_1/new/task_q.v:53]
INFO: [Synth 8-4471] merging register 'bitmap_reg[37][0:63]' into 'bitmap_reg[0][0:63]' [C:/Users/jiayu/Documents/EE2026/FDP/FDP.srcs/sources_1/new/task_q.v:53]
INFO: [Synth 8-4471] merging register 'bitmap_reg[38][0:63]' into 'bitmap_reg[0][0:63]' [C:/Users/jiayu/Documents/EE2026/FDP/FDP.srcs/sources_1/new/task_q.v:53]
INFO: [Synth 8-4471] merging register 'bitmap_reg[40][0:63]' into 'bitmap_reg[39][0:63]' [C:/Users/jiayu/Documents/EE2026/FDP/FDP.srcs/sources_1/new/task_q.v:53]
INFO: [Synth 8-4471] merging register 'bitmap_reg[41][0:63]' into 'bitmap_reg[39][0:63]' [C:/Users/jiayu/Documents/EE2026/FDP/FDP.srcs/sources_1/new/task_q.v:53]
INFO: [Synth 8-4471] merging register 'bitmap_reg[42][0:63]' into 'bitmap_reg[39][0:63]' [C:/Users/jiayu/Documents/EE2026/FDP/FDP.srcs/sources_1/new/task_q.v:53]
INFO: [Synth 8-4471] merging register 'bitmap_reg[43][0:63]' into 'bitmap_reg[39][0:63]' [C:/Users/jiayu/Documents/EE2026/FDP/FDP.srcs/sources_1/new/task_q.v:53]
INFO: [Synth 8-4471] merging register 'bitmap_reg[44][0:63]' into 'bitmap_reg[39][0:63]' [C:/Users/jiayu/Documents/EE2026/FDP/FDP.srcs/sources_1/new/task_q.v:53]
INFO: [Synth 8-4471] merging register 'bitmap_reg[45][0:63]' into 'bitmap_reg[39][0:63]' [C:/Users/jiayu/Documents/EE2026/FDP/FDP.srcs/sources_1/new/task_q.v:53]
INFO: [Synth 8-4471] merging register 'bitmap_reg[46][0:63]' into 'bitmap_reg[39][0:63]' [C:/Users/jiayu/Documents/EE2026/FDP/FDP.srcs/sources_1/new/task_q.v:53]
INFO: [Synth 8-4471] merging register 'bitmap_reg[47][0:63]' into 'bitmap_reg[39][0:63]' [C:/Users/jiayu/Documents/EE2026/FDP/FDP.srcs/sources_1/new/task_q.v:53]
INFO: [Synth 8-4471] merging register 'bitmap_reg[48][0:63]' into 'bitmap_reg[39][0:63]' [C:/Users/jiayu/Documents/EE2026/FDP/FDP.srcs/sources_1/new/task_q.v:53]
INFO: [Synth 8-4471] merging register 'bitmap_reg[49][0:63]' into 'bitmap_reg[39][0:63]' [C:/Users/jiayu/Documents/EE2026/FDP/FDP.srcs/sources_1/new/task_q.v:53]
INFO: [Synth 8-4471] merging register 'bitmap_reg[50][0:63]' into 'bitmap_reg[39][0:63]' [C:/Users/jiayu/Documents/EE2026/FDP/FDP.srcs/sources_1/new/task_q.v:53]
INFO: [Synth 8-4471] merging register 'bitmap_reg[51][0:63]' into 'bitmap_reg[39][0:63]' [C:/Users/jiayu/Documents/EE2026/FDP/FDP.srcs/sources_1/new/task_q.v:53]
INFO: [Synth 8-4471] merging register 'bitmap_reg[52][0:63]' into 'bitmap_reg[39][0:63]' [C:/Users/jiayu/Documents/EE2026/FDP/FDP.srcs/sources_1/new/task_q.v:53]
INFO: [Synth 8-4471] merging register 'bitmap_reg[53][0:63]' into 'bitmap_reg[39][0:63]' [C:/Users/jiayu/Documents/EE2026/FDP/FDP.srcs/sources_1/new/task_q.v:53]
INFO: [Synth 8-4471] merging register 'bitmap_reg[54][0:63]' into 'bitmap_reg[39][0:63]' [C:/Users/jiayu/Documents/EE2026/FDP/FDP.srcs/sources_1/new/task_q.v:53]
INFO: [Synth 8-4471] merging register 'bitmap_reg[55][0:63]' into 'bitmap_reg[39][0:63]' [C:/Users/jiayu/Documents/EE2026/FDP/FDP.srcs/sources_1/new/task_q.v:53]
INFO: [Synth 8-4471] merging register 'bitmap_reg[56][0:63]' into 'bitmap_reg[39][0:63]' [C:/Users/jiayu/Documents/EE2026/FDP/FDP.srcs/sources_1/new/task_q.v:53]
INFO: [Synth 8-4471] merging register 'bitmap_reg[57][0:63]' into 'bitmap_reg[39][0:63]' [C:/Users/jiayu/Documents/EE2026/FDP/FDP.srcs/sources_1/new/task_q.v:53]
INFO: [Synth 8-4471] merging register 'bitmap_reg[58][0:63]' into 'bitmap_reg[39][0:63]' [C:/Users/jiayu/Documents/EE2026/FDP/FDP.srcs/sources_1/new/task_q.v:53]
INFO: [Synth 8-4471] merging register 'bitmap_reg[59][0:63]' into 'bitmap_reg[0][0:63]' [C:/Users/jiayu/Documents/EE2026/FDP/FDP.srcs/sources_1/new/task_q.v:53]
INFO: [Synth 8-4471] merging register 'bitmap_reg[60][0:63]' into 'bitmap_reg[0][0:63]' [C:/Users/jiayu/Documents/EE2026/FDP/FDP.srcs/sources_1/new/task_q.v:53]
INFO: [Synth 8-4471] merging register 'bitmap_reg[61][0:63]' into 'bitmap_reg[0][0:63]' [C:/Users/jiayu/Documents/EE2026/FDP/FDP.srcs/sources_1/new/task_q.v:53]
INFO: [Synth 8-4471] merging register 'bitmap_reg[62][0:63]' into 'bitmap_reg[0][0:63]' [C:/Users/jiayu/Documents/EE2026/FDP/FDP.srcs/sources_1/new/task_q.v:53]
INFO: [Synth 8-4471] merging register 'bitmap_reg[63][0:63]' into 'bitmap_reg[0][0:63]' [C:/Users/jiayu/Documents/EE2026/FDP/FDP.srcs/sources_1/new/task_q.v:53]
INFO: [Synth 8-4471] merging register 'bitmap_reg[64][0:63]' into 'bitmap_reg[0][0:63]' [C:/Users/jiayu/Documents/EE2026/FDP/FDP.srcs/sources_1/new/task_q.v:53]
INFO: [Synth 8-4471] merging register 'bitmap_reg[65][0:63]' into 'bitmap_reg[0][0:63]' [C:/Users/jiayu/Documents/EE2026/FDP/FDP.srcs/sources_1/new/task_q.v:53]
INFO: [Synth 8-4471] merging register 'bitmap_reg[66][0:63]' into 'bitmap_reg[0][0:63]' [C:/Users/jiayu/Documents/EE2026/FDP/FDP.srcs/sources_1/new/task_q.v:53]
INFO: [Synth 8-4471] merging register 'bitmap_reg[67][0:63]' into 'bitmap_reg[0][0:63]' [C:/Users/jiayu/Documents/EE2026/FDP/FDP.srcs/sources_1/new/task_q.v:53]
INFO: [Synth 8-4471] merging register 'bitmap_reg[68][0:63]' into 'bitmap_reg[0][0:63]' [C:/Users/jiayu/Documents/EE2026/FDP/FDP.srcs/sources_1/new/task_q.v:53]
INFO: [Synth 8-4471] merging register 'bitmap_reg[69][0:63]' into 'bitmap_reg[0][0:63]' [C:/Users/jiayu/Documents/EE2026/FDP/FDP.srcs/sources_1/new/task_q.v:53]
INFO: [Synth 8-4471] merging register 'bitmap_reg[71][0:63]' into 'bitmap_reg[70][0:63]' [C:/Users/jiayu/Documents/EE2026/FDP/FDP.srcs/sources_1/new/task_q.v:53]
INFO: [Synth 8-4471] merging register 'bitmap_reg[72][0:63]' into 'bitmap_reg[70][0:63]' [C:/Users/jiayu/Documents/EE2026/FDP/FDP.srcs/sources_1/new/task_q.v:53]
INFO: [Synth 8-4471] merging register 'bitmap_reg[73][0:63]' into 'bitmap_reg[70][0:63]' [C:/Users/jiayu/Documents/EE2026/FDP/FDP.srcs/sources_1/new/task_q.v:53]
INFO: [Synth 8-4471] merging register 'bitmap_reg[74][0:63]' into 'bitmap_reg[70][0:63]' [C:/Users/jiayu/Documents/EE2026/FDP/FDP.srcs/sources_1/new/task_q.v:53]
INFO: [Synth 8-4471] merging register 'bitmap_reg[75][0:63]' into 'bitmap_reg[70][0:63]' [C:/Users/jiayu/Documents/EE2026/FDP/FDP.srcs/sources_1/new/task_q.v:53]
INFO: [Synth 8-4471] merging register 'bitmap_reg[77][0:63]' into 'bitmap_reg[76][0:63]' [C:/Users/jiayu/Documents/EE2026/FDP/FDP.srcs/sources_1/new/task_q.v:53]
INFO: [Synth 8-4471] merging register 'bitmap_reg[79][0:63]' into 'bitmap_reg[78][0:63]' [C:/Users/jiayu/Documents/EE2026/FDP/FDP.srcs/sources_1/new/task_q.v:53]
INFO: [Synth 8-4471] merging register 'bitmap_reg[81][0:63]' into 'bitmap_reg[80][0:63]' [C:/Users/jiayu/Documents/EE2026/FDP/FDP.srcs/sources_1/new/task_q.v:53]
INFO: [Synth 8-4471] merging register 'bitmap_reg[82][0:63]' into 'bitmap_reg[0][0:63]' [C:/Users/jiayu/Documents/EE2026/FDP/FDP.srcs/sources_1/new/task_q.v:53]
INFO: [Synth 8-4471] merging register 'bitmap_reg[83][0:63]' into 'bitmap_reg[0][0:63]' [C:/Users/jiayu/Documents/EE2026/FDP/FDP.srcs/sources_1/new/task_q.v:53]
INFO: [Synth 8-4471] merging register 'bitmap_reg[84][0:63]' into 'bitmap_reg[0][0:63]' [C:/Users/jiayu/Documents/EE2026/FDP/FDP.srcs/sources_1/new/task_q.v:53]
INFO: [Synth 8-4471] merging register 'bitmap_reg[85][0:63]' into 'bitmap_reg[0][0:63]' [C:/Users/jiayu/Documents/EE2026/FDP/FDP.srcs/sources_1/new/task_q.v:53]
INFO: [Synth 8-4471] merging register 'bitmap_reg[86][0:63]' into 'bitmap_reg[0][0:63]' [C:/Users/jiayu/Documents/EE2026/FDP/FDP.srcs/sources_1/new/task_q.v:53]
INFO: [Synth 8-4471] merging register 'bitmap_reg[87][0:63]' into 'bitmap_reg[0][0:63]' [C:/Users/jiayu/Documents/EE2026/FDP/FDP.srcs/sources_1/new/task_q.v:53]
INFO: [Synth 8-4471] merging register 'bitmap_reg[88][0:63]' into 'bitmap_reg[0][0:63]' [C:/Users/jiayu/Documents/EE2026/FDP/FDP.srcs/sources_1/new/task_q.v:53]
INFO: [Synth 8-4471] merging register 'bitmap_reg[89][0:63]' into 'bitmap_reg[0][0:63]' [C:/Users/jiayu/Documents/EE2026/FDP/FDP.srcs/sources_1/new/task_q.v:53]
INFO: [Synth 8-4471] merging register 'bitmap_reg[90][0:63]' into 'bitmap_reg[0][0:63]' [C:/Users/jiayu/Documents/EE2026/FDP/FDP.srcs/sources_1/new/task_q.v:53]
INFO: [Synth 8-4471] merging register 'bitmap_reg[91][0:63]' into 'bitmap_reg[0][0:63]' [C:/Users/jiayu/Documents/EE2026/FDP/FDP.srcs/sources_1/new/task_q.v:53]
INFO: [Synth 8-4471] merging register 'bitmap_reg[92][0:63]' into 'bitmap_reg[0][0:63]' [C:/Users/jiayu/Documents/EE2026/FDP/FDP.srcs/sources_1/new/task_q.v:53]
INFO: [Synth 8-4471] merging register 'bitmap_reg[93][0:63]' into 'bitmap_reg[0][0:63]' [C:/Users/jiayu/Documents/EE2026/FDP/FDP.srcs/sources_1/new/task_q.v:53]
INFO: [Synth 8-4471] merging register 'bitmap_reg[94][0:63]' into 'bitmap_reg[0][0:63]' [C:/Users/jiayu/Documents/EE2026/FDP/FDP.srcs/sources_1/new/task_q.v:53]
INFO: [Synth 8-4471] merging register 'bitmap_reg[95][0:63]' into 'bitmap_reg[0][0:63]' [C:/Users/jiayu/Documents/EE2026/FDP/FDP.srcs/sources_1/new/task_q.v:53]
WARNING: [Synth 8-6014] Unused sequential element bitmap_reg[1] was removed.  [C:/Users/jiayu/Documents/EE2026/FDP/FDP.srcs/sources_1/new/task_q.v:53]
WARNING: [Synth 8-6014] Unused sequential element bitmap_reg[2] was removed.  [C:/Users/jiayu/Documents/EE2026/FDP/FDP.srcs/sources_1/new/task_q.v:53]
WARNING: [Synth 8-6014] Unused sequential element bitmap_reg[3] was removed.  [C:/Users/jiayu/Documents/EE2026/FDP/FDP.srcs/sources_1/new/task_q.v:53]
WARNING: [Synth 8-6014] Unused sequential element bitmap_reg[4] was removed.  [C:/Users/jiayu/Documents/EE2026/FDP/FDP.srcs/sources_1/new/task_q.v:53]
WARNING: [Synth 8-6014] Unused sequential element bitmap_reg[5] was removed.  [C:/Users/jiayu/Documents/EE2026/FDP/FDP.srcs/sources_1/new/task_q.v:53]
WARNING: [Synth 8-6014] Unused sequential element bitmap_reg[6] was removed.  [C:/Users/jiayu/Documents/EE2026/FDP/FDP.srcs/sources_1/new/task_q.v:53]
WARNING: [Synth 8-6014] Unused sequential element bitmap_reg[7] was removed.  [C:/Users/jiayu/Documents/EE2026/FDP/FDP.srcs/sources_1/new/task_q.v:53]
WARNING: [Synth 8-6014] Unused sequential element bitmap_reg[8] was removed.  [C:/Users/jiayu/Documents/EE2026/FDP/FDP.srcs/sources_1/new/task_q.v:53]
WARNING: [Synth 8-6014] Unused sequential element bitmap_reg[9] was removed.  [C:/Users/jiayu/Documents/EE2026/FDP/FDP.srcs/sources_1/new/task_q.v:53]
WARNING: [Synth 8-6014] Unused sequential element bitmap_reg[10] was removed.  [C:/Users/jiayu/Documents/EE2026/FDP/FDP.srcs/sources_1/new/task_q.v:53]
WARNING: [Synth 8-6014] Unused sequential element bitmap_reg[11] was removed.  [C:/Users/jiayu/Documents/EE2026/FDP/FDP.srcs/sources_1/new/task_q.v:53]
WARNING: [Synth 8-6014] Unused sequential element bitmap_reg[12] was removed.  [C:/Users/jiayu/Documents/EE2026/FDP/FDP.srcs/sources_1/new/task_q.v:53]
WARNING: [Synth 8-6014] Unused sequential element bitmap_reg[13] was removed.  [C:/Users/jiayu/Documents/EE2026/FDP/FDP.srcs/sources_1/new/task_q.v:53]
WARNING: [Synth 8-6014] Unused sequential element bitmap_reg[14] was removed.  [C:/Users/jiayu/Documents/EE2026/FDP/FDP.srcs/sources_1/new/task_q.v:53]
WARNING: [Synth 8-6014] Unused sequential element bitmap_reg[15] was removed.  [C:/Users/jiayu/Documents/EE2026/FDP/FDP.srcs/sources_1/new/task_q.v:53]
WARNING: [Synth 8-6014] Unused sequential element bitmap_reg[16] was removed.  [C:/Users/jiayu/Documents/EE2026/FDP/FDP.srcs/sources_1/new/task_q.v:53]
WARNING: [Synth 8-6014] Unused sequential element bitmap_reg[17] was removed.  [C:/Users/jiayu/Documents/EE2026/FDP/FDP.srcs/sources_1/new/task_q.v:53]
WARNING: [Synth 8-6014] Unused sequential element bitmap_reg[18] was removed.  [C:/Users/jiayu/Documents/EE2026/FDP/FDP.srcs/sources_1/new/task_q.v:53]
WARNING: [Synth 8-6014] Unused sequential element bitmap_reg[21] was removed.  [C:/Users/jiayu/Documents/EE2026/FDP/FDP.srcs/sources_1/new/task_q.v:53]
WARNING: [Synth 8-6014] Unused sequential element bitmap_reg[23] was removed.  [C:/Users/jiayu/Documents/EE2026/FDP/FDP.srcs/sources_1/new/task_q.v:53]
WARNING: [Synth 8-6014] Unused sequential element bitmap_reg[24] was removed.  [C:/Users/jiayu/Documents/EE2026/FDP/FDP.srcs/sources_1/new/task_q.v:53]
WARNING: [Synth 8-6014] Unused sequential element bitmap_reg[25] was removed.  [C:/Users/jiayu/Documents/EE2026/FDP/FDP.srcs/sources_1/new/task_q.v:53]
WARNING: [Synth 8-6014] Unused sequential element bitmap_reg[26] was removed.  [C:/Users/jiayu/Documents/EE2026/FDP/FDP.srcs/sources_1/new/task_q.v:53]
WARNING: [Synth 8-6014] Unused sequential element bitmap_reg[27] was removed.  [C:/Users/jiayu/Documents/EE2026/FDP/FDP.srcs/sources_1/new/task_q.v:53]
WARNING: [Synth 8-6014] Unused sequential element bitmap_reg[28] was removed.  [C:/Users/jiayu/Documents/EE2026/FDP/FDP.srcs/sources_1/new/task_q.v:53]
WARNING: [Synth 8-6014] Unused sequential element bitmap_reg[29] was removed.  [C:/Users/jiayu/Documents/EE2026/FDP/FDP.srcs/sources_1/new/task_q.v:53]
WARNING: [Synth 8-6014] Unused sequential element bitmap_reg[30] was removed.  [C:/Users/jiayu/Documents/EE2026/FDP/FDP.srcs/sources_1/new/task_q.v:53]
WARNING: [Synth 8-6014] Unused sequential element bitmap_reg[31] was removed.  [C:/Users/jiayu/Documents/EE2026/FDP/FDP.srcs/sources_1/new/task_q.v:53]
WARNING: [Synth 8-6014] Unused sequential element bitmap_reg[32] was removed.  [C:/Users/jiayu/Documents/EE2026/FDP/FDP.srcs/sources_1/new/task_q.v:53]
WARNING: [Synth 8-6014] Unused sequential element bitmap_reg[33] was removed.  [C:/Users/jiayu/Documents/EE2026/FDP/FDP.srcs/sources_1/new/task_q.v:53]
WARNING: [Synth 8-6014] Unused sequential element bitmap_reg[34] was removed.  [C:/Users/jiayu/Documents/EE2026/FDP/FDP.srcs/sources_1/new/task_q.v:53]
WARNING: [Synth 8-6014] Unused sequential element bitmap_reg[35] was removed.  [C:/Users/jiayu/Documents/EE2026/FDP/FDP.srcs/sources_1/new/task_q.v:53]
WARNING: [Synth 8-6014] Unused sequential element bitmap_reg[36] was removed.  [C:/Users/jiayu/Documents/EE2026/FDP/FDP.srcs/sources_1/new/task_q.v:53]
WARNING: [Synth 8-6014] Unused sequential element bitmap_reg[37] was removed.  [C:/Users/jiayu/Documents/EE2026/FDP/FDP.srcs/sources_1/new/task_q.v:53]
WARNING: [Synth 8-6014] Unused sequential element bitmap_reg[38] was removed.  [C:/Users/jiayu/Documents/EE2026/FDP/FDP.srcs/sources_1/new/task_q.v:53]
WARNING: [Synth 8-6014] Unused sequential element bitmap_reg[40] was removed.  [C:/Users/jiayu/Documents/EE2026/FDP/FDP.srcs/sources_1/new/task_q.v:53]
WARNING: [Synth 8-6014] Unused sequential element bitmap_reg[41] was removed.  [C:/Users/jiayu/Documents/EE2026/FDP/FDP.srcs/sources_1/new/task_q.v:53]
WARNING: [Synth 8-6014] Unused sequential element bitmap_reg[42] was removed.  [C:/Users/jiayu/Documents/EE2026/FDP/FDP.srcs/sources_1/new/task_q.v:53]
WARNING: [Synth 8-6014] Unused sequential element bitmap_reg[43] was removed.  [C:/Users/jiayu/Documents/EE2026/FDP/FDP.srcs/sources_1/new/task_q.v:53]
WARNING: [Synth 8-6014] Unused sequential element bitmap_reg[44] was removed.  [C:/Users/jiayu/Documents/EE2026/FDP/FDP.srcs/sources_1/new/task_q.v:53]
WARNING: [Synth 8-6014] Unused sequential element bitmap_reg[45] was removed.  [C:/Users/jiayu/Documents/EE2026/FDP/FDP.srcs/sources_1/new/task_q.v:53]
WARNING: [Synth 8-6014] Unused sequential element bitmap_reg[46] was removed.  [C:/Users/jiayu/Documents/EE2026/FDP/FDP.srcs/sources_1/new/task_q.v:53]
WARNING: [Synth 8-6014] Unused sequential element bitmap_reg[47] was removed.  [C:/Users/jiayu/Documents/EE2026/FDP/FDP.srcs/sources_1/new/task_q.v:53]
WARNING: [Synth 8-6014] Unused sequential element bitmap_reg[48] was removed.  [C:/Users/jiayu/Documents/EE2026/FDP/FDP.srcs/sources_1/new/task_q.v:53]
WARNING: [Synth 8-6014] Unused sequential element bitmap_reg[49] was removed.  [C:/Users/jiayu/Documents/EE2026/FDP/FDP.srcs/sources_1/new/task_q.v:53]
WARNING: [Synth 8-6014] Unused sequential element bitmap_reg[50] was removed.  [C:/Users/jiayu/Documents/EE2026/FDP/FDP.srcs/sources_1/new/task_q.v:53]
WARNING: [Synth 8-6014] Unused sequential element bitmap_reg[51] was removed.  [C:/Users/jiayu/Documents/EE2026/FDP/FDP.srcs/sources_1/new/task_q.v:53]
WARNING: [Synth 8-6014] Unused sequential element bitmap_reg[52] was removed.  [C:/Users/jiayu/Documents/EE2026/FDP/FDP.srcs/sources_1/new/task_q.v:53]
WARNING: [Synth 8-6014] Unused sequential element bitmap_reg[53] was removed.  [C:/Users/jiayu/Documents/EE2026/FDP/FDP.srcs/sources_1/new/task_q.v:53]
WARNING: [Synth 8-6014] Unused sequential element bitmap_reg[54] was removed.  [C:/Users/jiayu/Documents/EE2026/FDP/FDP.srcs/sources_1/new/task_q.v:53]
WARNING: [Synth 8-6014] Unused sequential element bitmap_reg[55] was removed.  [C:/Users/jiayu/Documents/EE2026/FDP/FDP.srcs/sources_1/new/task_q.v:53]
WARNING: [Synth 8-6014] Unused sequential element bitmap_reg[56] was removed.  [C:/Users/jiayu/Documents/EE2026/FDP/FDP.srcs/sources_1/new/task_q.v:53]
WARNING: [Synth 8-6014] Unused sequential element bitmap_reg[57] was removed.  [C:/Users/jiayu/Documents/EE2026/FDP/FDP.srcs/sources_1/new/task_q.v:53]
WARNING: [Synth 8-6014] Unused sequential element bitmap_reg[58] was removed.  [C:/Users/jiayu/Documents/EE2026/FDP/FDP.srcs/sources_1/new/task_q.v:53]
WARNING: [Synth 8-6014] Unused sequential element bitmap_reg[59] was removed.  [C:/Users/jiayu/Documents/EE2026/FDP/FDP.srcs/sources_1/new/task_q.v:53]
WARNING: [Synth 8-6014] Unused sequential element bitmap_reg[60] was removed.  [C:/Users/jiayu/Documents/EE2026/FDP/FDP.srcs/sources_1/new/task_q.v:53]
WARNING: [Synth 8-6014] Unused sequential element bitmap_reg[61] was removed.  [C:/Users/jiayu/Documents/EE2026/FDP/FDP.srcs/sources_1/new/task_q.v:53]
WARNING: [Synth 8-6014] Unused sequential element bitmap_reg[62] was removed.  [C:/Users/jiayu/Documents/EE2026/FDP/FDP.srcs/sources_1/new/task_q.v:53]
WARNING: [Synth 8-6014] Unused sequential element bitmap_reg[63] was removed.  [C:/Users/jiayu/Documents/EE2026/FDP/FDP.srcs/sources_1/new/task_q.v:53]
WARNING: [Synth 8-6014] Unused sequential element bitmap_reg[64] was removed.  [C:/Users/jiayu/Documents/EE2026/FDP/FDP.srcs/sources_1/new/task_q.v:53]
WARNING: [Synth 8-6014] Unused sequential element bitmap_reg[65] was removed.  [C:/Users/jiayu/Documents/EE2026/FDP/FDP.srcs/sources_1/new/task_q.v:53]
WARNING: [Synth 8-6014] Unused sequential element bitmap_reg[66] was removed.  [C:/Users/jiayu/Documents/EE2026/FDP/FDP.srcs/sources_1/new/task_q.v:53]
WARNING: [Synth 8-6014] Unused sequential element bitmap_reg[67] was removed.  [C:/Users/jiayu/Documents/EE2026/FDP/FDP.srcs/sources_1/new/task_q.v:53]
WARNING: [Synth 8-6014] Unused sequential element bitmap_reg[68] was removed.  [C:/Users/jiayu/Documents/EE2026/FDP/FDP.srcs/sources_1/new/task_q.v:53]
WARNING: [Synth 8-6014] Unused sequential element bitmap_reg[69] was removed.  [C:/Users/jiayu/Documents/EE2026/FDP/FDP.srcs/sources_1/new/task_q.v:53]
WARNING: [Synth 8-6014] Unused sequential element bitmap_reg[71] was removed.  [C:/Users/jiayu/Documents/EE2026/FDP/FDP.srcs/sources_1/new/task_q.v:53]
WARNING: [Synth 8-6014] Unused sequential element bitmap_reg[72] was removed.  [C:/Users/jiayu/Documents/EE2026/FDP/FDP.srcs/sources_1/new/task_q.v:53]
WARNING: [Synth 8-6014] Unused sequential element bitmap_reg[73] was removed.  [C:/Users/jiayu/Documents/EE2026/FDP/FDP.srcs/sources_1/new/task_q.v:53]
WARNING: [Synth 8-6014] Unused sequential element bitmap_reg[74] was removed.  [C:/Users/jiayu/Documents/EE2026/FDP/FDP.srcs/sources_1/new/task_q.v:53]
WARNING: [Synth 8-6014] Unused sequential element bitmap_reg[75] was removed.  [C:/Users/jiayu/Documents/EE2026/FDP/FDP.srcs/sources_1/new/task_q.v:53]
WARNING: [Synth 8-6014] Unused sequential element bitmap_reg[77] was removed.  [C:/Users/jiayu/Documents/EE2026/FDP/FDP.srcs/sources_1/new/task_q.v:53]
WARNING: [Synth 8-6014] Unused sequential element bitmap_reg[79] was removed.  [C:/Users/jiayu/Documents/EE2026/FDP/FDP.srcs/sources_1/new/task_q.v:53]
WARNING: [Synth 8-6014] Unused sequential element bitmap_reg[81] was removed.  [C:/Users/jiayu/Documents/EE2026/FDP/FDP.srcs/sources_1/new/task_q.v:53]
WARNING: [Synth 8-6014] Unused sequential element bitmap_reg[82] was removed.  [C:/Users/jiayu/Documents/EE2026/FDP/FDP.srcs/sources_1/new/task_q.v:53]
WARNING: [Synth 8-6014] Unused sequential element bitmap_reg[83] was removed.  [C:/Users/jiayu/Documents/EE2026/FDP/FDP.srcs/sources_1/new/task_q.v:53]
WARNING: [Synth 8-6014] Unused sequential element bitmap_reg[84] was removed.  [C:/Users/jiayu/Documents/EE2026/FDP/FDP.srcs/sources_1/new/task_q.v:53]
WARNING: [Synth 8-6014] Unused sequential element bitmap_reg[85] was removed.  [C:/Users/jiayu/Documents/EE2026/FDP/FDP.srcs/sources_1/new/task_q.v:53]
WARNING: [Synth 8-6014] Unused sequential element bitmap_reg[86] was removed.  [C:/Users/jiayu/Documents/EE2026/FDP/FDP.srcs/sources_1/new/task_q.v:53]
WARNING: [Synth 8-6014] Unused sequential element bitmap_reg[87] was removed.  [C:/Users/jiayu/Documents/EE2026/FDP/FDP.srcs/sources_1/new/task_q.v:53]
WARNING: [Synth 8-6014] Unused sequential element bitmap_reg[88] was removed.  [C:/Users/jiayu/Documents/EE2026/FDP/FDP.srcs/sources_1/new/task_q.v:53]
WARNING: [Synth 8-6014] Unused sequential element bitmap_reg[89] was removed.  [C:/Users/jiayu/Documents/EE2026/FDP/FDP.srcs/sources_1/new/task_q.v:53]
WARNING: [Synth 8-6014] Unused sequential element bitmap_reg[90] was removed.  [C:/Users/jiayu/Documents/EE2026/FDP/FDP.srcs/sources_1/new/task_q.v:53]
WARNING: [Synth 8-6014] Unused sequential element bitmap_reg[91] was removed.  [C:/Users/jiayu/Documents/EE2026/FDP/FDP.srcs/sources_1/new/task_q.v:53]
WARNING: [Synth 8-6014] Unused sequential element bitmap_reg[92] was removed.  [C:/Users/jiayu/Documents/EE2026/FDP/FDP.srcs/sources_1/new/task_q.v:53]
WARNING: [Synth 8-6014] Unused sequential element bitmap_reg[93] was removed.  [C:/Users/jiayu/Documents/EE2026/FDP/FDP.srcs/sources_1/new/task_q.v:53]
WARNING: [Synth 8-6014] Unused sequential element bitmap_reg[94] was removed.  [C:/Users/jiayu/Documents/EE2026/FDP/FDP.srcs/sources_1/new/task_q.v:53]
WARNING: [Synth 8-6014] Unused sequential element bitmap_reg[95] was removed.  [C:/Users/jiayu/Documents/EE2026/FDP/FDP.srcs/sources_1/new/task_q.v:53]
INFO: [Synth 8-5545] ROM "my_clk0" won't be mapped to RAM because address size (32) is larger than maximum supported(25)
INFO: [Synth 8-5818] HDL ADVISOR - The operator resource <adder> is shared. To prevent sharing consider applying a KEEP on the output of the operator [C:/Users/jiayu/Documents/EE2026/FDP/FDP.srcs/sources_1/new/task_s.v:64]
INFO: [Synth 8-5546] ROM "move_tick" won't be mapped to RAM because it is too sparse
INFO: [Synth 8-802] inferred FSM for state register 'state_reg' in module 'Oled_Display'
INFO: [Synth 8-5546] ROM "fsm_next_state0" won't be mapped to RAM because it is too sparse
INFO: [Synth 8-5544] ROM "fsm_next_state0" won't be mapped to Block RAM because address size (1) smaller than threshold (5)
INFO: [Synth 8-5546] ROM "fsm_next_state0" won't be mapped to RAM because it is too sparse
INFO: [Synth 8-5545] ROM "counter1" won't be mapped to RAM because address size (32) is larger than maximum supported(25)
INFO: [Synth 8-5545] ROM "clk_out0" won't be mapped to RAM because address size (32) is larger than maximum supported(25)
INFO: [Synth 8-5544] ROM "seg_data" won't be mapped to Block RAM because address size (2) smaller than threshold (5)
INFO: [Synth 8-5544] ROM "anode_data" won't be mapped to Block RAM because address size (2) smaller than threshold (5)
INFO: [Synth 8-5544] ROM "dp_sw" won't be mapped to Block RAM because address size (2) smaller than threshold (5)
---------------------------------------------------------------------------------------------------
                   State |                     New Encoding |                Previous Encoding 
---------------------------------------------------------------------------------------------------
                 PowerUp | 00000000100000000000000000000000 |                            00000
                   Reset | 00000000000100000000000000000000 |                            00001
            ReleaseReset | 00000000000000000000100000000000 |                            00011
            EnableDriver | 00000000000000000001000000000000 |                            00010
              DisplayOff | 00000000000000000100000000000000 |                            00110
   SetRemapDisplayFormat | 00000100000000000000000000000000 |                            00111
            SetStartLine | 00001000000000000000000000000000 |                            00101
               SetOffset | 10000000000000000000000000000000 |                            00100
        SetNormalDisplay | 00000000000000000000000010000000 |                            01100
       SetMultiplexRatio | 00000000000000000000000000100000 |                            01101
  SetMasterConfiguration | 00000000000000000000000001000000 |                            01111
        DisablePowerSave | 00000000000000000000000000000100 |                            01110
          SetPhaseAdjust | 00000000000000000000000000001000 |                            01010
         SetDisplayClock | 00000000001000000000000000000000 |                            01011
     SetSecondPrechargeA | 00000000010000000000000000000000 |                            01001
     SetSecondPrechargeB | 01000000000000000000000000000000 |                            01000
     SetSecondPrechargeC | 00000010000000000000000000000000 |                            11000
       SetPrechargeLevel | 00000001000000000000000000000000 |                            11001
                SetVCOMH | 00000000000000010000000000000000 |                            11011
        SetMasterCurrent | 00000000000000100000000000000000 |                            11010
            SetContrastA | 00000000000001000000000000000000 |                            11110
            SetContrastB | 00100000000000000000000000000000 |                            11111
            SetContrastC | 00000000000000000000000000000001 |                            11101
        DisableScrolling | 00000000000000000000000000000010 |                            11100
             ClearScreen | 00000000000000000000000000010000 |                            10100
                   VccEn | 00010000000000000000000000000000 |                            10101
               DisplayOn | 00000000000010000000000000000000 |                            10111
        PrepareNextFrame | 00000000000000001000000000000000 |                            10110
           SetColAddress | 00000000000000000000010000000000 |                            10010
           SetRowAddress | 00000000000000000000000100000000 |                            10011
           WaitNextFrame | 00000000000000000000001000000000 |                            10001
               SendPixel | 00000000000000000010000000000000 |                            10000
---------------------------------------------------------------------------------------------------
INFO: [Synth 8-3354] encoded FSM with state register 'state_reg' using encoding 'one-hot' in module 'Oled_Display'
---------------------------------------------------------------------------------
Finished RTL Optimization Phase 2 : Time (s): cpu = 00:00:07 ; elapsed = 00:00:09 . Memory (MB): peak = 793.555 ; gain = 536.852
---------------------------------------------------------------------------------

Report RTL Partitions: 
+-+--------------+------------+----------+
| |RTL Partition |Replication |Instances |
+-+--------------+------------+----------+
+-+--------------+------------+----------+
---------------------------------------------------------------------------------
Start RTL Component Statistics 
---------------------------------------------------------------------------------
Detailed RTL Component Info : 
+---Adders : 
	   2 Input     32 Bit       Adders := 6     
	   2 Input     22 Bit       Adders := 1     
	   2 Input     17 Bit       Adders := 2     
	   2 Input     10 Bit       Adders := 3     
	   2 Input      9 Bit       Adders := 1     
	   2 Input      8 Bit       Adders := 1     
	   3 Input      8 Bit       Adders := 1     
	   2 Input      7 Bit       Adders := 3     
	   2 Input      6 Bit       Adders := 1     
	   2 Input      3 Bit       Adders := 1     
	   2 Input      2 Bit       Adders := 2     
+---Registers : 
	               64 Bit    Registers := 9     
	               40 Bit    Registers := 1     
	               32 Bit    Registers := 2     
	               22 Bit    Registers := 1     
	               17 Bit    Registers := 2     
	               16 Bit    Registers := 5     
	                9 Bit    Registers := 1     
	                8 Bit    Registers := 1     
	                7 Bit    Registers := 1     
	                6 Bit    Registers := 1     
	                3 Bit    Registers := 1     
	                2 Bit    Registers := 3     
	                1 Bit    Registers := 19    
+---Multipliers : 
	                32x32  Multipliers := 2     
+---Muxes : 
	   9 Input     64 Bit        Muxes := 1     
	   2 Input     40 Bit        Muxes := 3     
	   3 Input     32 Bit        Muxes := 1     
	   4 Input     32 Bit        Muxes := 1     
	  32 Input     32 Bit        Muxes := 1     
	   2 Input     32 Bit        Muxes := 3     
	   2 Input     22 Bit        Muxes := 1     
	  32 Input     20 Bit        Muxes := 1     
	   2 Input     17 Bit        Muxes := 2     
	   2 Input     16 Bit        Muxes := 4     
	   7 Input     16 Bit        Muxes := 1     
	   3 Input     16 Bit        Muxes := 1     
	   2 Input     15 Bit        Muxes := 1     
	   2 Input     11 Bit        Muxes := 1     
	   2 Input      9 Bit        Muxes := 1     
	   4 Input      7 Bit        Muxes := 1     
	  32 Input      6 Bit        Muxes := 1     
	   2 Input      6 Bit        Muxes := 1     
	   2 Input      5 Bit        Muxes := 2     
	  32 Input      5 Bit        Muxes := 1     
	  96 Input      4 Bit        Muxes := 1     
	   4 Input      4 Bit        Muxes := 1     
	   2 Input      3 Bit        Muxes := 1     
	   2 Input      2 Bit        Muxes := 1     
	   2 Input      1 Bit        Muxes := 19    
	   3 Input      1 Bit        Muxes := 2     
	   4 Input      1 Bit        Muxes := 1     
---------------------------------------------------------------------------------
Finished RTL Component Statistics 
---------------------------------------------------------------------------------
---------------------------------------------------------------------------------
Start RTL Hierarchical Component Statistics 
---------------------------------------------------------------------------------
Hierarchical RTL Component report 
Module Top_Student 
Detailed RTL Component Info : 
+---Adders : 
	   2 Input      2 Bit       Adders := 1     
+---Registers : 
	               16 Bit    Registers := 1     
	                2 Bit    Registers := 1     
+---Muxes : 
	   4 Input      7 Bit        Muxes := 1     
	   4 Input      4 Bit        Muxes := 1     
	   4 Input      1 Bit        Muxes := 1     
Module clk_6p5mhz 
Detailed RTL Component Info : 
+---Adders : 
	   2 Input      3 Bit       Adders := 1     
+---Registers : 
	                3 Bit    Registers := 1     
	                1 Bit    Registers := 1     
+---Muxes : 
	   2 Input      3 Bit        Muxes := 1     
	   2 Input      1 Bit        Muxes := 1     
Module clk_1ms 
Detailed RTL Component Info : 
+---Adders : 
	   2 Input     17 Bit       Adders := 1     
+---Registers : 
	               17 Bit    Registers := 1     
	                1 Bit    Registers := 1     
+---Muxes : 
	   2 Input     17 Bit        Muxes := 1     
Module debouncer 
Detailed RTL Component Info : 
+---Adders : 
	   2 Input      8 Bit       Adders := 1     
+---Registers : 
	                8 Bit    Registers := 1     
	                1 Bit    Registers := 4     
+---Muxes : 
	   2 Input      1 Bit        Muxes := 3     
Module task_p 
Detailed RTL Component Info : 
+---Adders : 
	   2 Input     32 Bit       Adders := 3     
+---Registers : 
	               16 Bit    Registers := 1     
	                1 Bit    Registers := 1     
+---Multipliers : 
	                32x32  Multipliers := 2     
+---Muxes : 
	   2 Input     16 Bit        Muxes := 2     
	   2 Input     11 Bit        Muxes := 1     
Module my_clock 
Detailed RTL Component Info : 
+---Registers : 
	                1 Bit    Registers := 1     
+---Muxes : 
	   2 Input      1 Bit        Muxes := 1     
Module task_q 
Detailed RTL Component Info : 
+---Adders : 
	   2 Input     32 Bit       Adders := 2     
	   2 Input      2 Bit       Adders := 1     
+---Registers : 
	               64 Bit    Registers := 9     
	               32 Bit    Registers := 2     
	               16 Bit    Registers := 1     
	                2 Bit    Registers := 1     
	                1 Bit    Registers := 2     
+---Muxes : 
	   9 Input     64 Bit        Muxes := 1     
	   3 Input     32 Bit        Muxes := 1     
	   4 Input     32 Bit        Muxes := 1     
	   7 Input     16 Bit        Muxes := 1     
	  96 Input      4 Bit        Muxes := 1     
	   2 Input      1 Bit        Muxes := 4     
Module task_r 
Detailed RTL Component Info : 
+---Adders : 
	   2 Input     10 Bit       Adders := 3     
	   2 Input      9 Bit       Adders := 1     
	   2 Input      7 Bit       Adders := 1     
+---Registers : 
	               16 Bit    Registers := 1     
	                9 Bit    Registers := 1     
	                1 Bit    Registers := 1     
+---Muxes : 
	   3 Input     16 Bit        Muxes := 1     
	   2 Input      9 Bit        Muxes := 1     
	   2 Input      1 Bit        Muxes := 2     
Module CLOCK 
Detailed RTL Component Info : 
+---Registers : 
	                1 Bit    Registers := 1     
+---Muxes : 
	   2 Input      1 Bit        Muxes := 1     
Module task_s 
Detailed RTL Component Info : 
+---Adders : 
	   2 Input     22 Bit       Adders := 1     
	   3 Input      8 Bit       Adders := 1     
	   2 Input      7 Bit       Adders := 2     
+---Registers : 
	               22 Bit    Registers := 1     
	               16 Bit    Registers := 1     
	                7 Bit    Registers := 1     
	                2 Bit    Registers := 1     
	                1 Bit    Registers := 3     
+---Muxes : 
	   2 Input     22 Bit        Muxes := 1     
	   2 Input     16 Bit        Muxes := 2     
	   2 Input     15 Bit        Muxes := 1     
	   2 Input      2 Bit        Muxes := 1     
	   3 Input      1 Bit        Muxes := 2     
	   2 Input      1 Bit        Muxes := 1     
Module Oled_Display 
Detailed RTL Component Info : 
+---Adders : 
	   2 Input     17 Bit       Adders := 1     
	   2 Input      6 Bit       Adders := 1     
+---Registers : 
	               40 Bit    Registers := 1     
	               17 Bit    Registers := 1     
	                6 Bit    Registers := 1     
+---Muxes : 
	   2 Input     40 Bit        Muxes := 3     
	  32 Input     32 Bit        Muxes := 1     
	   2 Input     32 Bit        Muxes := 2     
	  32 Input     20 Bit        Muxes := 1     
	   2 Input     17 Bit        Muxes := 1     
	  32 Input      6 Bit        Muxes := 1     
	   2 Input      6 Bit        Muxes := 1     
	   2 Input      5 Bit        Muxes := 2     
	  32 Input      5 Bit        Muxes := 1     
	   2 Input      1 Bit        Muxes := 2     
Module clk_divider 
Detailed RTL Component Info : 
+---Adders : 
	   2 Input     32 Bit       Adders := 1     
+---Registers : 
	                1 Bit    Registers := 1     
+---Muxes : 
	   2 Input     32 Bit        Muxes := 1     
	   2 Input      1 Bit        Muxes := 1     
---------------------------------------------------------------------------------
Finished RTL Hierarchical Component Statistics
---------------------------------------------------------------------------------
---------------------------------------------------------------------------------
Start Part Resource Summary
---------------------------------------------------------------------------------
Part Resources:
DSPs: 90 (col length:60)
BRAMs: 100 (col length: RAMB18 60 RAMB36 30)
---------------------------------------------------------------------------------
Finished Part Resource Summary
---------------------------------------------------------------------------------
---------------------------------------------------------------------------------
Start Cross Boundary and Area Optimization
---------------------------------------------------------------------------------
Warning: Parallel synthesis criteria is not met 
WARNING: [Synth 8-6014] Unused sequential element unit_b/SLOW_CLOCK_reg was removed.  [C:/Users/jiayu/Documents/EE2026/FDP/FDP.srcs/sources_1/new/task_p.v:20]
INFO: [Synth 8-5845] Not enough pipeline registers after wide multiplier. Recommended levels of pipeline registers is 4 [C:/Users/jiayu/Documents/EE2026/FDP/FDP.srcs/sources_1/new/task_p.v:88]
INFO: [Synth 8-5845] Not enough pipeline registers after wide multiplier. Recommended levels of pipeline registers is 4 [C:/Users/jiayu/Documents/EE2026/FDP/FDP.srcs/sources_1/new/task_p.v:88]
DSP Report: Generating DSP circle1, operation Mode is: A*B.
DSP Report: operator circle1 is absorbed into DSP circle1.
DSP Report: operator circle1 is absorbed into DSP circle1.
DSP Report: Generating DSP circle1, operation Mode is: (PCIN>>17)+A*B.
DSP Report: operator circle1 is absorbed into DSP circle1.
DSP Report: operator circle1 is absorbed into DSP circle1.
DSP Report: Generating DSP circle1, operation Mode is: A*B.
DSP Report: operator circle1 is absorbed into DSP circle1.
DSP Report: operator circle1 is absorbed into DSP circle1.
DSP Report: Generating DSP circle1, operation Mode is: (PCIN>>17)+A*B.
DSP Report: operator circle1 is absorbed into DSP circle1.
DSP Report: operator circle1 is absorbed into DSP circle1.
DSP Report: Generating DSP circle1, operation Mode is: A*B.
DSP Report: operator circle1 is absorbed into DSP circle1.
DSP Report: operator circle1 is absorbed into DSP circle1.
DSP Report: Generating DSP circle1, operation Mode is: (PCIN>>17)+A*B.
DSP Report: operator circle1 is absorbed into DSP circle1.
DSP Report: operator circle1 is absorbed into DSP circle1.
DSP Report: Generating DSP circle1, operation Mode is: A*B.
DSP Report: operator circle1 is absorbed into DSP circle1.
DSP Report: operator circle1 is absorbed into DSP circle1.
DSP Report: Generating DSP circle1, operation Mode is: (PCIN>>17)+A*B.
DSP Report: operator circle1 is absorbed into DSP circle1.
DSP Report: operator circle1 is absorbed into DSP circle1.
INFO: [Synth 8-5545] ROM "clock_unit/my_clk0" won't be mapped to RAM because address size (32) is larger than maximum supported(25)
INFO: [Synth 8-5545] ROM "clock_unit_1/my_clk0" won't be mapped to RAM because address size (32) is larger than maximum supported(25)
INFO: [Synth 8-5545] ROM "clock_unit_2/my_clk0" won't be mapped to RAM because address size (32) is larger than maximum supported(25)
WARNING: [Synth 8-6014] Unused sequential element clk_6p25/my_clk_reg was removed.  [C:/Users/jiayu/Documents/EE2026/FDP/FDP.srcs/sources_1/new/task_s.v:9]
INFO: [Synth 8-5546] ROM "move_tick" won't be mapped to RAM because it is too sparse
INFO: [Synth 8-5545] ROM "my_clk0" won't be mapped to RAM because address size (32) is larger than maximum supported(25)
INFO: [Synth 8-5546] ROM "fsm_next_state0" won't be mapped to RAM because it is too sparse
INFO: [Synth 8-5546] ROM "fsm_next_state0" won't be mapped to RAM because it is too sparse
INFO: [Synth 8-5545] ROM "counter1" won't be mapped to RAM because address size (32) is larger than maximum supported(25)
INFO: [Synth 8-5545] ROM "clk_out0" won't be mapped to RAM because address size (32) is larger than maximum supported(25)
WARNING: [Synth 8-3917] design Top_Student has port seg[2] driven by constant 0
WARNING: [Synth 8-3331] design Top_Student has unconnected port JC_out[2]
INFO: [Synth 8-3886] merging instance 'unit_s/oled_colour_reg[0]' (FD) to 'unit_s/oled_colour_reg[1]'
INFO: [Synth 8-3886] merging instance 'unit_r/oled_colour_reg[0]' (FD) to 'unit_r/oled_colour_reg[1]'
INFO: [Synth 8-3886] merging instance 'unit_q/oled_colour_reg[0]' (FD) to 'unit_q/oled_colour_reg[1]'
INFO: [Synth 8-3886] merging instance 'unit_p/oled_colour_reg[0]' (FDR) to 'unit_p/oled_colour_reg[4]'
INFO: [Synth 8-3886] merging instance 'unit_s/oled_colour_reg[1]' (FD) to 'unit_s/oled_colour_reg[2]'
INFO: [Synth 8-3886] merging instance 'unit_r/oled_colour_reg[1]' (FD) to 'unit_r/oled_colour_reg[2]'
INFO: [Synth 8-3886] merging instance 'unit_q/oled_colour_reg[1]' (FD) to 'unit_q/oled_colour_reg[2]'
INFO: [Synth 8-3886] merging instance 'unit_p/oled_colour_reg[1]' (FDR) to 'unit_p/oled_colour_reg[4]'
INFO: [Synth 8-3886] merging instance 'unit_s/oled_colour_reg[2]' (FD) to 'unit_s/oled_colour_reg[3]'
INFO: [Synth 8-3886] merging instance 'unit_r/oled_colour_reg[2]' (FD) to 'unit_r/oled_colour_reg[3]'
INFO: [Synth 8-3886] merging instance 'unit_q/oled_colour_reg[2]' (FD) to 'unit_q/oled_colour_reg[3]'
INFO: [Synth 8-3886] merging instance 'unit_p/oled_colour_reg[2]' (FDR) to 'unit_p/oled_colour_reg[4]'
INFO: [Synth 8-3886] merging instance 'unit_s/oled_colour_reg[3]' (FD) to 'unit_s/oled_colour_reg[4]'
INFO: [Synth 8-3886] merging instance 'unit_r/oled_colour_reg[3]' (FD) to 'unit_r/oled_colour_reg[4]'
INFO: [Synth 8-3886] merging instance 'unit_q/oled_colour_reg[3]' (FD) to 'unit_q/oled_colour_reg[4]'
INFO: [Synth 8-3886] merging instance 'unit_p/oled_colour_reg[3]' (FDR) to 'unit_p/oled_colour_reg[4]'
INFO: [Synth 8-3886] merging instance 'unit_s/oled_colour_reg[5]' (FD) to 'unit_s/oled_colour_reg[6]'
INFO: [Synth 8-3886] merging instance 'unit_r/oled_colour_reg[5]' (FD) to 'unit_r/oled_colour_reg[6]'
INFO: [Synth 8-3886] merging instance 'unit_q/oled_colour_reg[5]' (FD) to 'unit_q/oled_colour_reg[6]'
INFO: [Synth 8-3886] merging instance 'unit_p/oled_colour_reg[5]' (FDR) to 'unit_p/oled_colour_reg[10]'
INFO: [Synth 8-3886] merging instance 'unit_s/oled_colour_reg[6]' (FD) to 'unit_s/oled_colour_reg[7]'
INFO: [Synth 8-3886] merging instance 'unit_r/oled_colour_reg[6]' (FD) to 'unit_r/oled_colour_reg[7]'
INFO: [Synth 8-3886] merging instance 'unit_q/oled_colour_reg[6]' (FD) to 'unit_q/oled_colour_reg[7]'
INFO: [Synth 8-3886] merging instance 'unit_p/oled_colour_reg[6]' (FDR) to 'unit_p/oled_colour_reg[10]'
INFO: [Synth 8-3886] merging instance 'unit_s/oled_colour_reg[7]' (FD) to 'unit_s/oled_colour_reg[8]'
INFO: [Synth 8-3886] merging instance 'unit_r/oled_colour_reg[7]' (FD) to 'unit_r/oled_colour_reg[8]'
INFO: [Synth 8-3886] merging instance 'unit_q/oled_colour_reg[7]' (FD) to 'unit_q/oled_colour_reg[8]'
INFO: [Synth 8-3886] merging instance 'unit_p/oled_colour_reg[7]' (FDR) to 'unit_p/oled_colour_reg[10]'
INFO: [Synth 8-3886] merging instance 'unit_s/oled_colour_reg[8]' (FD) to 'unit_s/oled_colour_reg[9]'
INFO: [Synth 8-3886] merging instance 'unit_r/oled_colour_reg[8]' (FD) to 'unit_r/oled_colour_reg[9]'
INFO: [Synth 8-3886] merging instance 'unit_q/oled_colour_reg[8]' (FD) to 'unit_q/oled_colour_reg[9]'
INFO: [Synth 8-3886] merging instance 'unit_p/oled_colour_reg[8]' (FDR) to 'unit_p/oled_colour_reg[10]'
INFO: [Synth 8-3886] merging instance 'unit_s/oled_colour_reg[9]' (FD) to 'unit_s/oled_colour_reg[10]'
INFO: [Synth 8-3886] merging instance 'unit_r/oled_colour_reg[9]' (FD) to 'unit_r/oled_colour_reg[10]'
INFO: [Synth 8-3886] merging instance 'unit_q/oled_colour_reg[9]' (FD) to 'unit_q/oled_colour_reg[10]'
INFO: [Synth 8-3886] merging instance 'unit_p/oled_colour_reg[9]' (FDR) to 'unit_p/oled_colour_reg[10]'
INFO: [Synth 8-3886] merging instance 'unit_r/oled_colour_reg[10]' (FD) to 'unit_r/oled_colour_reg[11]'
INFO: [Synth 8-3886] merging instance 'unit_s/oled_colour_reg[11]' (FD) to 'unit_s/oled_colour_reg[12]'
INFO: [Synth 8-3886] merging instance 'unit_r/oled_colour_reg[11]' (FD) to 'unit_r/oled_colour_reg[12]'
INFO: [Synth 8-3886] merging instance 'unit_q/oled_colour_reg[11]' (FD) to 'unit_q/oled_colour_reg[12]'
INFO: [Synth 8-3886] merging instance 'unit_p/oled_colour_reg[11]' (FDR) to 'unit_p/oled_colour_reg[15]'
INFO: [Synth 8-3886] merging instance 'unit_s/oled_colour_reg[12]' (FD) to 'unit_s/oled_colour_reg[15]'
INFO: [Synth 8-3886] merging instance 'unit_r/oled_colour_reg[12]' (FD) to 'unit_r/oled_colour_reg[13]'
INFO: [Synth 8-3886] merging instance 'unit_q/oled_colour_reg[12]' (FD) to 'unit_q/oled_colour_reg[13]'
INFO: [Synth 8-3886] merging instance 'unit_p/oled_colour_reg[12]' (FDR) to 'unit_p/oled_colour_reg[15]'
INFO: [Synth 8-3886] merging instance 'unit_s/oled_colour_reg[13]' (FD) to 'unit_s/oled_colour_reg[14]'
INFO: [Synth 8-3886] merging instance 'unit_r/oled_colour_reg[13]' (FD) to 'unit_r/oled_colour_reg[14]'
INFO: [Synth 8-3886] merging instance 'unit_q/oled_colour_reg[13]' (FD) to 'unit_q/oled_colour_reg[14]'
INFO: [Synth 8-3886] merging instance 'unit_p/oled_colour_reg[13]' (FDR) to 'unit_p/oled_colour_reg[15]'
INFO: [Synth 8-3886] merging instance 'unit_r/oled_colour_reg[14]' (FD) to 'unit_r/oled_colour_reg[15]'
INFO: [Synth 8-3886] merging instance 'unit_q/oled_colour_reg[14]' (FD) to 'unit_q/oled_colour_reg[15]'
INFO: [Synth 8-3886] merging instance 'unit_p/oled_colour_reg[14]' (FDR) to 'unit_p/oled_colour_reg[15]'
INFO: [Synth 8-3886] merging instance 'unit_q/bitmap_reg[80][0]' (FDRE) to 'unit_q/bitmap_reg[80][63]'
INFO: [Synth 8-3886] merging instance 'unit_q/bitmap_reg[78][0]' (FDRE) to 'unit_q/bitmap_reg[80][63]'
INFO: [Synth 8-3886] merging instance 'unit_q/bitmap_reg[76][0]' (FDRE) to 'unit_q/bitmap_reg[80][63]'
INFO: [Synth 8-3886] merging instance 'unit_q/bitmap_reg[70][0]' (FDRE) to 'unit_q/bitmap_reg[80][63]'
INFO: [Synth 8-3886] merging instance 'unit_q/bitmap_reg[39][0]' (FDRE) to 'unit_q/bitmap_reg[80][63]'
INFO: [Synth 8-3886] merging instance 'unit_q/bitmap_reg[22][0]' (FDRE) to 'unit_q/bitmap_reg[80][63]'
INFO: [Synth 8-3886] merging instance 'unit_q/bitmap_reg[0][0]' (FDRE) to 'unit_q/bitmap_reg[80][63]'
INFO: [Synth 8-3886] merging instance 'unit_q/bitmap_reg[20][0]' (FDRE) to 'unit_q/bitmap_reg[80][63]'
INFO: [Synth 8-3886] merging instance 'unit_q/bitmap_reg[19][0]' (FDRE) to 'unit_q/bitmap_reg[80][63]'
INFO: [Synth 8-3886] merging instance 'unit_q/bitmap_reg[80][1]' (FDRE) to 'unit_q/bitmap_reg[80][63]'
INFO: [Synth 8-3886] merging instance 'unit_q/bitmap_reg[78][1]' (FDRE) to 'unit_q/bitmap_reg[80][63]'
INFO: [Synth 8-3886] merging instance 'unit_q/bitmap_reg[76][1]' (FDRE) to 'unit_q/bitmap_reg[80][63]'
INFO: [Synth 8-3886] merging instance 'unit_q/bitmap_reg[70][1]' (FDRE) to 'unit_q/bitmap_reg[80][63]'
INFO: [Synth 8-3886] merging instance 'unit_q/bitmap_reg[39][1]' (FDRE) to 'unit_q/bitmap_reg[80][63]'
INFO: [Synth 8-3886] merging instance 'unit_q/bitmap_reg[22][1]' (FDRE) to 'unit_q/bitmap_reg[80][63]'
INFO: [Synth 8-3886] merging instance 'unit_q/bitmap_reg[0][1]' (FDRE) to 'unit_q/bitmap_reg[80][63]'
INFO: [Synth 8-3886] merging instance 'unit_q/bitmap_reg[20][1]' (FDRE) to 'unit_q/bitmap_reg[80][63]'
INFO: [Synth 8-3886] merging instance 'unit_q/bitmap_reg[19][1]' (FDRE) to 'unit_q/bitmap_reg[80][63]'
INFO: [Synth 8-3886] merging instance 'unit_q/bitmap_reg[80][2]' (FDRE) to 'unit_q/bitmap_reg[80][63]'
INFO: [Synth 8-3886] merging instance 'unit_q/bitmap_reg[78][2]' (FDRE) to 'unit_q/bitmap_reg[80][63]'
INFO: [Synth 8-3886] merging instance 'unit_q/bitmap_reg[76][2]' (FDRE) to 'unit_q/bitmap_reg[80][63]'
INFO: [Synth 8-3886] merging instance 'unit_q/bitmap_reg[70][2]' (FDRE) to 'unit_q/bitmap_reg[80][63]'
INFO: [Synth 8-3886] merging instance 'unit_q/bitmap_reg[39][2]' (FDRE) to 'unit_q/bitmap_reg[80][63]'
INFO: [Synth 8-3886] merging instance 'unit_q/bitmap_reg[22][2]' (FDRE) to 'unit_q/bitmap_reg[80][63]'
INFO: [Synth 8-3886] merging instance 'unit_q/bitmap_reg[0][2]' (FDRE) to 'unit_q/bitmap_reg[80][63]'
INFO: [Synth 8-3886] merging instance 'unit_q/bitmap_reg[20][2]' (FDRE) to 'unit_q/bitmap_reg[80][63]'
INFO: [Synth 8-3886] merging instance 'unit_q/bitmap_reg[19][2]' (FDRE) to 'unit_q/bitmap_reg[80][63]'
INFO: [Synth 8-3886] merging instance 'unit_q/bitmap_reg[80][3]' (FDRE) to 'unit_q/bitmap_reg[80][63]'
INFO: [Synth 8-3886] merging instance 'unit_q/bitmap_reg[78][3]' (FDRE) to 'unit_q/bitmap_reg[80][63]'
INFO: [Synth 8-3886] merging instance 'unit_q/bitmap_reg[76][3]' (FDRE) to 'unit_q/bitmap_reg[80][63]'
INFO: [Synth 8-3886] merging instance 'unit_q/bitmap_reg[70][3]' (FDRE) to 'unit_q/bitmap_reg[80][63]'
INFO: [Synth 8-3886] merging instance 'unit_q/bitmap_reg[39][3]' (FDRE) to 'unit_q/bitmap_reg[80][63]'
INFO: [Synth 8-3886] merging instance 'unit_q/bitmap_reg[22][3]' (FDRE) to 'unit_q/bitmap_reg[80][63]'
INFO: [Synth 8-3886] merging instance 'unit_q/bitmap_reg[0][3]' (FDRE) to 'unit_q/bitmap_reg[80][63]'
INFO: [Synth 8-3886] merging instance 'unit_q/bitmap_reg[20][3]' (FDRE) to 'unit_q/bitmap_reg[80][63]'
INFO: [Synth 8-3886] merging instance 'unit_q/bitmap_reg[19][3]' (FDRE) to 'unit_q/bitmap_reg[80][63]'
INFO: [Synth 8-3886] merging instance 'unit_q/bitmap_reg[80][4]' (FDRE) to 'unit_q/bitmap_reg[80][63]'
INFO: [Synth 8-3886] merging instance 'unit_q/bitmap_reg[78][4]' (FDRE) to 'unit_q/bitmap_reg[80][63]'
INFO: [Synth 8-3886] merging instance 'unit_q/bitmap_reg[76][4]' (FDRE) to 'unit_q/bitmap_reg[80][63]'
INFO: [Synth 8-3886] merging instance 'unit_q/bitmap_reg[70][4]' (FDRE) to 'unit_q/bitmap_reg[80][63]'
INFO: [Synth 8-3886] merging instance 'unit_q/bitmap_reg[39][4]' (FDRE) to 'unit_q/bitmap_reg[80][63]'
INFO: [Synth 8-3886] merging instance 'unit_q/bitmap_reg[22][4]' (FDRE) to 'unit_q/bitmap_reg[80][63]'
INFO: [Synth 8-3886] merging instance 'unit_q/bitmap_reg[0][4]' (FDRE) to 'unit_q/bitmap_reg[80][63]'
INFO: [Synth 8-3886] merging instance 'unit_q/bitmap_reg[20][4]' (FDRE) to 'unit_q/bitmap_reg[80][63]'
INFO: [Synth 8-3886] merging instance 'unit_q/bitmap_reg[19][4]' (FDRE) to 'unit_q/bitmap_reg[80][63]'
INFO: [Synth 8-3886] merging instance 'unit_q/bitmap_reg[80][5]' (FDRE) to 'unit_q/bitmap_reg[80][63]'
INFO: [Synth 8-3886] merging instance 'unit_q/bitmap_reg[78][5]' (FDRE) to 'unit_q/bitmap_reg[80][63]'
INFO: [Synth 8-3886] merging instance 'unit_q/bitmap_reg[76][5]' (FDRE) to 'unit_q/bitmap_reg[80][63]'
INFO: [Common 17-14] Message 'Synth 8-3886' appears 100 times and further instances of the messages will be disabled. Use the Tcl command set_msg_config to change the current settings.
INFO: [Synth 8-3333] propagating constant 1 across sequential element (unit_q/\bitmap_reg[39][56] )
INFO: [Synth 8-3333] propagating constant 0 across sequential element (unit_q/\bitmap_reg[19][63] )
WARNING: [Synth 8-3332] Sequential element (unit_b/counter_reg[2]) is unused and will be removed from module task_p.
WARNING: [Synth 8-3332] Sequential element (unit_b/counter_reg[1]) is unused and will be removed from module task_p.
WARNING: [Synth 8-3332] Sequential element (unit_b/counter_reg[0]) is unused and will be removed from module task_p.
WARNING: [Synth 8-3332] Sequential element (flag_reg) is unused and will be removed from module task_q.
WARNING: [Synth 8-3332] Sequential element (bitmap_reg[39][56]) is unused and will be removed from module task_q.
WARNING: [Synth 8-3332] Sequential element (bitmap_reg[19][63]) is unused and will be removed from module task_q.
---------------------------------------------------------------------------------
Finished Cross Boundary and Area Optimization : Time (s): cpu = 00:00:11 ; elapsed = 00:00:13 . Memory (MB): peak = 797.641 ; gain = 540.938
---------------------------------------------------------------------------------
---------------------------------------------------------------------------------
Start ROM, RAM, DSP and Shift Register Reporting
---------------------------------------------------------------------------------

DSP: Preliminary Mapping  Report (see note below)
+------------+----------------+--------+--------+--------+--------+--------+------+------+------+------+-------+------+------+
|Module Name | DSP Mapping    | A Size | B Size | C Size | D Size | P Size | AREG | BREG | CREG | DREG | ADREG | MREG | PREG | 
+------------+----------------+--------+--------+--------+--------+--------+------+------+------+------+-------+------+------+
|task_p      | A*B            | 18     | 16     | -      | -      | 48     | 0    | 0    | -    | -    | -     | 0    | 0    | 
|task_p      | (PCIN>>17)+A*B | 16     | 16     | -      | -      | 48     | 0    | 0    | -    | -    | -     | 0    | 0    | 
|task_p      | A*B            | 18     | 18     | -      | -      | 48     | 0    | 0    | -    | -    | -     | 0    | 0    | 
|task_p      | (PCIN>>17)+A*B | 18     | 16     | -      | -      | 48     | 0    | 0    | -    | -    | -     | 0    | 0    | 
|task_p      | A*B            | 18     | 16     | -      | -      | 48     | 0    | 0    | -    | -    | -     | 0    | 0    | 
|task_p      | (PCIN>>17)+A*B | 16     | 16     | -      | -      | 48     | 0    | 0    | -    | -    | -     | 0    | 0    | 
|task_p      | A*B            | 18     | 18     | -      | -      | 48     | 0    | 0    | -    | -    | -     | 0    | 0    | 
|task_p      | (PCIN>>17)+A*B | 18     | 16     | -      | -      | 48     | 0    | 0    | -    | -    | -     | 0    | 0    | 
+------------+----------------+--------+--------+--------+--------+--------+------+------+------+------+-------+------+------+

Note: The table above is a preliminary report that shows the DSPs inferred at the current stage of the synthesis flow. Some DSP may be reimplemented as non DSP primitives later in the synthesis flow. Multiple instantiated DSPs are reported only once.
---------------------------------------------------------------------------------
Finished ROM, RAM, DSP and Shift Register Reporting
---------------------------------------------------------------------------------

Report RTL Partitions: 
+-+--------------+------------+----------+
| |RTL Partition |Replication |Instances |
+-+--------------+------------+----------+
+-+--------------+------------+----------+
---------------------------------------------------------------------------------
Start Applying XDC Timing Constraints
---------------------------------------------------------------------------------
---------------------------------------------------------------------------------
Finished Applying XDC Timing Constraints : Time (s): cpu = 00:00:17 ; elapsed = 00:00:20 . Memory (MB): peak = 797.914 ; gain = 541.211
---------------------------------------------------------------------------------
---------------------------------------------------------------------------------
Start Timing Optimization
---------------------------------------------------------------------------------
---------------------------------------------------------------------------------
Finished Timing Optimization : Time (s): cpu = 00:00:18 ; elapsed = 00:00:21 . Memory (MB): peak = 823.555 ; gain = 566.852
---------------------------------------------------------------------------------

Report RTL Partitions: 
+-+--------------+------------+----------+
| |RTL Partition |Replication |Instances |
+-+--------------+------------+----------+
+-+--------------+------------+----------+
---------------------------------------------------------------------------------
Start Technology Mapping
---------------------------------------------------------------------------------
---------------------------------------------------------------------------------
Finished Technology Mapping : Time (s): cpu = 00:00:18 ; elapsed = 00:00:21 . Memory (MB): peak = 860.727 ; gain = 604.023
---------------------------------------------------------------------------------

Report RTL Partitions: 
+-+--------------+------------+----------+
| |RTL Partition |Replication |Instances |
+-+--------------+------------+----------+
+-+--------------+------------+----------+
---------------------------------------------------------------------------------
Start IO Insertion
---------------------------------------------------------------------------------
---------------------------------------------------------------------------------
Start Flattening Before IO Insertion
---------------------------------------------------------------------------------
---------------------------------------------------------------------------------
Finished Flattening Before IO Insertion
---------------------------------------------------------------------------------
---------------------------------------------------------------------------------
Start Final Netlist Cleanup
---------------------------------------------------------------------------------
INFO: [Synth 8-6064] Net n_0_40 is driving 74 big block pins (URAM, BRAM and DSP loads). Created 8 replicas of its driver. 
INFO: [Synth 8-6064] Net \unit_p/circle2 [31] is driving 70 big block pins (URAM, BRAM and DSP loads). Created 7 replicas of its driver. 
---------------------------------------------------------------------------------
Finished Final Netlist Cleanup
---------------------------------------------------------------------------------
---------------------------------------------------------------------------------
Finished IO Insertion : Time (s): cpu = 00:00:18 ; elapsed = 00:00:21 . Memory (MB): peak = 860.727 ; gain = 604.023
---------------------------------------------------------------------------------

Report Check Netlist: 
+------+------------------+-------+---------+-------+------------------+
|      |Item              |Errors |Warnings |Status |Description       |
+------+------------------+-------+---------+-------+------------------+
|1     |multi_driven_nets |      0|        0|Passed |Multi driven nets |
+------+------------------+-------+---------+-------+------------------+
---------------------------------------------------------------------------------
Start Renaming Generated Instances
---------------------------------------------------------------------------------
---------------------------------------------------------------------------------
Finished Renaming Generated Instances : Time (s): cpu = 00:00:18 ; elapsed = 00:00:21 . Memory (MB): peak = 860.727 ; gain = 604.023
---------------------------------------------------------------------------------

Report RTL Partitions: 
+-+--------------+------------+----------+
| |RTL Partition |Replication |Instances |
+-+--------------+------------+----------+
+-+--------------+------------+----------+
---------------------------------------------------------------------------------
Start Rebuilding User Hierarchy
---------------------------------------------------------------------------------
---------------------------------------------------------------------------------
Finished Rebuilding User Hierarchy : Time (s): cpu = 00:00:19 ; elapsed = 00:00:22 . Memory (MB): peak = 860.727 ; gain = 604.023
---------------------------------------------------------------------------------
---------------------------------------------------------------------------------
Start Renaming Generated Ports
---------------------------------------------------------------------------------
---------------------------------------------------------------------------------
Finished Renaming Generated Ports : Time (s): cpu = 00:00:19 ; elapsed = 00:00:22 . Memory (MB): peak = 860.727 ; gain = 604.023
---------------------------------------------------------------------------------
---------------------------------------------------------------------------------
Start Handling Custom Attributes
---------------------------------------------------------------------------------
---------------------------------------------------------------------------------
Finished Handling Custom Attributes : Time (s): cpu = 00:00:19 ; elapsed = 00:00:22 . Memory (MB): peak = 860.727 ; gain = 604.023
---------------------------------------------------------------------------------
---------------------------------------------------------------------------------
Start Renaming Generated Nets
---------------------------------------------------------------------------------
---------------------------------------------------------------------------------
Finished Renaming Generated Nets : Time (s): cpu = 00:00:19 ; elapsed = 00:00:22 . Memory (MB): peak = 860.727 ; gain = 604.023
---------------------------------------------------------------------------------
---------------------------------------------------------------------------------
Start Writing Synthesis Report
---------------------------------------------------------------------------------

Report BlackBoxes: 
+-+--------------+----------+
| |BlackBox name |Instances |
+-+--------------+----------+
+-+--------------+----------+

Report Cell Usage: 
+------+--------+------+
|      |Cell    |Count |
+------+--------+------+
|1     |BUFG    |     4|
|2     |CARRY4  |   202|
|3     |DSP48E1 |     6|
|4     |LUT1    |    33|
|5     |LUT2    |   332|
|6     |LUT3    |   149|
|7     |LUT4    |   141|
|8     |LUT5    |   139|
|9     |LUT6    |   379|
|10    |FDE_1   |    32|
|11    |FDRE    |   408|
|12    |IBUF    |    10|
|13    |OBUF    |    19|
|14    |OBUFT   |     1|
+------+--------+------+

Report Instance Areas: 
+------+-----------------+-------------+------+
|      |Instance         |Module       |Cells |
+------+-----------------+-------------+------+
|1     |top              |             |  1855|
|2     |  clk_div_inst   |clk_divider  |    85|
|3     |  clock_unit     |my_clock     |    64|
|4     |  unit           |Oled_Display |   851|
|5     |  unit_p         |task_p       |   155|
|6     |    unit_d       |debouncer    |    54|
|7     |      unit_u     |clk_1ms      |    31|
|8     |  unit_q         |task_q       |   220|
|9     |    clock_unit   |my_clock_2   |    51|
|10    |  unit_r         |task_r       |   187|
|11    |    clock_unit_1 |my_clock_0   |    51|
|12    |    clock_unit_2 |my_clock_1   |    54|
|13    |  unit_s         |task_s       |   144|
+------+-----------------+-------------+------+
---------------------------------------------------------------------------------
Finished Writing Synthesis Report : Time (s): cpu = 00:00:19 ; elapsed = 00:00:22 . Memory (MB): peak = 860.727 ; gain = 604.023
---------------------------------------------------------------------------------
Synthesis finished with 0 errors, 0 critical warnings and 97 warnings.
Synthesis Optimization Runtime : Time (s): cpu = 00:00:14 ; elapsed = 00:00:17 . Memory (MB): peak = 860.727 ; gain = 241.262
Synthesis Optimization Complete : Time (s): cpu = 00:00:19 ; elapsed = 00:00:22 . Memory (MB): peak = 860.727 ; gain = 604.023
INFO: [Project 1-571] Translating synthesized netlist
INFO: [Netlist 29-17] Analyzing 250 Unisim elements for replacement
INFO: [Netlist 29-28] Unisim Transformation completed in 0 CPU seconds
INFO: [Project 1-570] Preparing netlist for logic optimization
INFO: [Opt 31-138] Pushed 0 inverter(s) to 0 load pin(s).
INFO: [Project 1-111] Unisim Transformation Summary:
  A total of 32 instances were transformed.
  FDE_1 => FDRE (inverted pins: C): 32 instances

INFO: [Common 17-83] Releasing license: Synthesis
258 Infos, 101 Warnings, 0 Critical Warnings and 0 Errors encountered.
synth_design completed successfully
synth_design: Time (s): cpu = 00:00:20 ; elapsed = 00:00:23 . Memory (MB): peak = 860.727 ; gain = 617.059
WARNING: [Constraints 18-5210] No constraint will be written out.
INFO: [Common 17-1381] The checkpoint 'C:/Users/jiayu/Documents/EE2026/FDP/FDP.runs/synth_1/Top_Student.dcp' has been generated.
INFO: [runtcl-4] Executing : report_utilization -file Top_Student_utilization_synth.rpt -pb Top_Student_utilization_synth.pb
report_utilization: Time (s): cpu = 00:00:00 ; elapsed = 00:00:00.012 . Memory (MB): peak = 860.727 ; gain = 0.000
INFO: [Common 17-206] Exiting Vivado at Wed Mar 11 09:53:51 2026...
