#-----------------------------------------------------------
# Vivado v2018.2 (64-bit)
# SW Build 2258646 on Thu Jun 14 20:03:12 MDT 2018
# IP Build 2256618 on Thu Jun 14 22:10:49 MDT 2018
# Start of session at: Fri Mar 20 20:46:28 2026
# Process ID: 12132
# Current directory: C:/Users/jiayu/Documents/GitHub/ee2026_project/FDP
# Command line: vivado.exe -gui_launcher_event rodinguilauncherevent15140 C:\Users\jiayu\Documents\GitHub\ee2026_project\FDP\FDP.xpr
# Log file: C:/Users/jiayu/Documents/GitHub/ee2026_project/FDP/vivado.log
# Journal file: C:/Users/jiayu/Documents/GitHub/ee2026_project/FDP\vivado.jou
#-----------------------------------------------------------
start_gui
open_project C:/Users/jiayu/Documents/GitHub/ee2026_project/FDP/FDP.xpr
INFO: [Project 1-313] Project file moved from 'C:/Users/jiayu/Documents/EE2026/FDP' since last save.
Scanning sources...
Finished scanning sources
INFO: [IP_Flow 19-234] Refreshing IP repositories
INFO: [IP_Flow 19-1704] No user IP repositories specified
INFO: [IP_Flow 19-2313] Loaded Vivado IP repository 'C:/Xilinx/Vivado/2018.2/data/ip'.
open_project: Time (s): cpu = 00:00:07 ; elapsed = 00:00:07 . Memory (MB): peak = 978.844 ; gain = 176.492
update_compile_order -fileset sources_1
update_compile_order -fileset sources_1
export_ip_user_files -of_objects  [get_files C:/Users/jiayu/Documents/GitHub/ee2026_project/FDP/FDP.srcs/sources_1/new/task_p.v] -no_script -reset -force -quiet
remove_files  C:/Users/jiayu/Documents/GitHub/ee2026_project/FDP/FDP.srcs/sources_1/new/task_p.v
file delete -force C:/Users/jiayu/Documents/GitHub/ee2026_project/FDP/FDP.srcs/sources_1/new/task_p.v
export_ip_user_files -of_objects  [get_files C:/Users/jiayu/Documents/GitHub/ee2026_project/FDP/FDP.srcs/sources_1/new/task_q.v] -no_script -reset -force -quiet
remove_files  C:/Users/jiayu/Documents/GitHub/ee2026_project/FDP/FDP.srcs/sources_1/new/task_q.v
file delete -force C:/Users/jiayu/Documents/GitHub/ee2026_project/FDP/FDP.srcs/sources_1/new/task_q.v
export_ip_user_files -of_objects  [get_files C:/Users/jiayu/Documents/GitHub/ee2026_project/FDP/FDP.srcs/sources_1/new/task_r.v] -no_script -reset -force -quiet
remove_files  C:/Users/jiayu/Documents/GitHub/ee2026_project/FDP/FDP.srcs/sources_1/new/task_r.v
file delete -force C:/Users/jiayu/Documents/GitHub/ee2026_project/FDP/FDP.srcs/sources_1/new/task_r.v
export_ip_user_files -of_objects  [get_files C:/Users/jiayu/Documents/GitHub/ee2026_project/FDP/FDP.srcs/sources_1/new/task_s.v] -no_script -reset -force -quiet
remove_files  C:/Users/jiayu/Documents/GitHub/ee2026_project/FDP/FDP.srcs/sources_1/new/task_s.v
file delete -force C:/Users/jiayu/Documents/GitHub/ee2026_project/FDP/FDP.srcs/sources_1/new/task_s.v
export_ip_user_files -of_objects  [get_files C:/Users/jiayu/Documents/GitHub/ee2026_project/FDP/FDP.srcs/sources_1/new/my_clock.v] -no_script -reset -force -quiet
remove_files  C:/Users/jiayu/Documents/GitHub/ee2026_project/FDP/FDP.srcs/sources_1/new/my_clock.v
file delete -force C:/Users/jiayu/Documents/GitHub/ee2026_project/FDP/FDP.srcs/sources_1/new/my_clock.v
exit
INFO: [Common 17-206] Exiting Vivado at Fri Mar 20 20:48:49 2026...
