#-----------------------------------------------------------
# Vivado v2018.2 (64-bit)
# SW Build 2258646 on Thu Jun 14 20:03:12 MDT 2018
# IP Build 2256618 on Thu Jun 14 22:10:49 MDT 2018
# Start of session at: Tue Mar 10 20:42:11 2026
# Process ID: 40548
# Current directory: C:/Users/harve/AppData/Roaming/Xilinx/Vivado
# Command line: vivado.exe -gui_launcher_event rodinguilauncherevent24504
# Log file: C:/Users/harve/AppData/Roaming/Xilinx/Vivado/vivado.log
# Journal file: C:/Users/harve/AppData/Roaming/Xilinx/Vivado\vivado.jou
#-----------------------------------------------------------
start_gui
open_project {C:/Module Files/Year 2 Sem 2/EE2026/Lab3/Lab3.xpr}
Scanning sources...
Finished scanning sources
INFO: [IP_Flow 19-234] Refreshing IP repositories
INFO: [IP_Flow 19-1704] No user IP repositories specified
INFO: [Common 17-41] Interrupt caught. Command should exit soon.
INFO: [IP_Flow 19-2313] Loaded Vivado IP repository 'C:/Vivado/Vivado/2018.2/data/ip'.
INFO: [IP_Flow 19-2338] Canceling the changes to the IP catalog. Reverting the catalog back to its previous state.
INFO: [IP_Flow 19-2340] The IP catalog has been returned to its previous state.
INFO: [Common 17-344] 'open_project' was cancelled
close_project
open_project {C:/Module Files/Year 2 Sem 2/EE2026/FDP/FDP.xpr}
Scanning sources...
Finished scanning sources
INFO: [IP_Flow 19-234] Refreshing IP repositories
INFO: [IP_Flow 19-1704] No user IP repositories specified
INFO: [IP_Flow 19-2313] Loaded Vivado IP repository 'C:/Vivado/Vivado/2018.2/data/ip'.
update_compile_order -fileset sources_1
reset_run synth_1
launch_runs impl_1 -to_step write_bitstream -jobs 11
[Tue Mar 10 20:54:23 2026] Launched synth_1...
Run output will be captured here: C:/Module Files/Year 2 Sem 2/EE2026/FDP/FDP.runs/synth_1/runme.log
[Tue Mar 10 20:54:23 2026] Launched impl_1...
Run output will be captured here: C:/Module Files/Year 2 Sem 2/EE2026/FDP/FDP.runs/impl_1/runme.log
open_hw
connect_hw_server
INFO: [Labtools 27-2285] Connecting to hw_server url TCP:localhost:3121
INFO: [Labtools 27-2222] Launching hw_server...
INFO: [Labtools 27-2221] Launch Output:

****** Xilinx hw_server v2018.2
  **** Build date : Jun 14 2018-20:42:52
    ** Copyright 1986-2018 Xilinx, Inc. All Rights Reserved.


open_hw_target
INFO: [Labtoolstcl 44-466] Opening hw_target localhost:3121/xilinx_tcf/Digilent/210183BD3757A
set_property PROGRAM.FILE {C:/Module Files/Year 2 Sem 2/EE2026/FDP/FDP.runs/impl_1/Top_Student.bit} [get_hw_devices xc7a35t_0]
current_hw_device [get_hw_devices xc7a35t_0]
refresh_hw_device -update_hw_probes false [lindex [get_hw_devices xc7a35t_0] 0]
INFO: [Labtools 27-1434] Device xc7a35t (JTAG device index = 0) is programmed with a design that has no supported debug core(s) in it.
WARNING: [Labtools 27-3361] The debug hub core was not detected.
Resolution: 
1. Make sure the clock connected to the debug hub (dbg_hub) core is a free running clock and is active.
2. Make sure the BSCAN_SWITCH_USER_MASK device property in Vivado Hardware Manager reflects the user scan chain setting in the design and refresh the device.  To determine the user scan chain setting in the design, open the implemented design and use 'get_property C_USER_SCAN_CHAIN [get_debug_cores dbg_hub]'.
For more details on setting the scan chain property, consult the Vivado Debug and Programming User Guide (UG908).
set_property PROBES.FILE {} [get_hw_devices xc7a35t_0]
set_property FULL_PROBES.FILE {} [get_hw_devices xc7a35t_0]
set_property PROGRAM.FILE {C:/Module Files/Year 2 Sem 2/EE2026/FDP/FDP.runs/impl_1/Top_Student.bit} [get_hw_devices xc7a35t_0]
program_hw_devices [get_hw_devices xc7a35t_0]
INFO: [Labtools 27-3164] End of startup status: HIGH
refresh_hw_device [lindex [get_hw_devices xc7a35t_0] 0]
INFO: [Labtools 27-1434] Device xc7a35t (JTAG device index = 0) is programmed with a design that has no supported debug core(s) in it.
WARNING: [Labtools 27-3361] The debug hub core was not detected.
Resolution: 
1. Make sure the clock connected to the debug hub (dbg_hub) core is a free running clock and is active.
2. Make sure the BSCAN_SWITCH_USER_MASK device property in Vivado Hardware Manager reflects the user scan chain setting in the design and refresh the device.  To determine the user scan chain setting in the design, open the implemented design and use 'get_property C_USER_SCAN_CHAIN [get_debug_cores dbg_hub]'.
For more details on setting the scan chain property, consult the Vivado Debug and Programming User Guide (UG908).
ERROR: [Labtoolstcl 44-513] HW Target shutdown. Closing target: localhost:3121/xilinx_tcf/Digilent/210183BD3757A
reset_run synth_1
launch_runs impl_1 -to_step write_bitstream -jobs 11
[Tue Mar 10 21:09:07 2026] Launched synth_1...
Run output will be captured here: C:/Module Files/Year 2 Sem 2/EE2026/FDP/FDP.runs/synth_1/runme.log
[Tue Mar 10 21:09:07 2026] Launched impl_1...
Run output will be captured here: C:/Module Files/Year 2 Sem 2/EE2026/FDP/FDP.runs/impl_1/runme.log
disconnect_hw_server localhost:3121
connect_hw_server
INFO: [Labtools 27-2285] Connecting to hw_server url TCP:localhost:3121
open_hw_target
INFO: [Labtoolstcl 44-466] Opening hw_target localhost:3121/xilinx_tcf/Digilent/210183BD3757A
set_property PROGRAM.FILE {C:/Module Files/Year 2 Sem 2/EE2026/FDP/FDP.runs/impl_1/Top_Student.bit} [get_hw_devices xc7a35t_0]
current_hw_device [get_hw_devices xc7a35t_0]
refresh_hw_device -update_hw_probes false [lindex [get_hw_devices xc7a35t_0] 0]
INFO: [Labtools 27-1434] Device xc7a35t (JTAG device index = 0) is programmed with a design that has no supported debug core(s) in it.
WARNING: [Labtools 27-3361] The debug hub core was not detected.
Resolution: 
1. Make sure the clock connected to the debug hub (dbg_hub) core is a free running clock and is active.
2. Make sure the BSCAN_SWITCH_USER_MASK device property in Vivado Hardware Manager reflects the user scan chain setting in the design and refresh the device.  To determine the user scan chain setting in the design, open the implemented design and use 'get_property C_USER_SCAN_CHAIN [get_debug_cores dbg_hub]'.
For more details on setting the scan chain property, consult the Vivado Debug and Programming User Guide (UG908).
set_property PROBES.FILE {} [get_hw_devices xc7a35t_0]
set_property FULL_PROBES.FILE {} [get_hw_devices xc7a35t_0]
set_property PROGRAM.FILE {C:/Module Files/Year 2 Sem 2/EE2026/FDP/FDP.runs/impl_1/Top_Student.bit} [get_hw_devices xc7a35t_0]
program_hw_devices [get_hw_devices xc7a35t_0]
INFO: [Labtools 27-3164] End of startup status: HIGH
refresh_hw_device [lindex [get_hw_devices xc7a35t_0] 0]
INFO: [Labtools 27-1434] Device xc7a35t (JTAG device index = 0) is programmed with a design that has no supported debug core(s) in it.
WARNING: [Labtools 27-3361] The debug hub core was not detected.
Resolution: 
1. Make sure the clock connected to the debug hub (dbg_hub) core is a free running clock and is active.
2. Make sure the BSCAN_SWITCH_USER_MASK device property in Vivado Hardware Manager reflects the user scan chain setting in the design and refresh the device.  To determine the user scan chain setting in the design, open the implemented design and use 'get_property C_USER_SCAN_CHAIN [get_debug_cores dbg_hub]'.
For more details on setting the scan chain property, consult the Vivado Debug and Programming User Guide (UG908).
reset_run synth_1
launch_runs impl_1 -to_step write_bitstream -jobs 11
[Tue Mar 10 21:12:09 2026] Launched synth_1...
Run output will be captured here: C:/Module Files/Year 2 Sem 2/EE2026/FDP/FDP.runs/synth_1/runme.log
[Tue Mar 10 21:12:09 2026] Launched impl_1...
Run output will be captured here: C:/Module Files/Year 2 Sem 2/EE2026/FDP/FDP.runs/impl_1/runme.log
set_property PROBES.FILE {} [get_hw_devices xc7a35t_0]
set_property FULL_PROBES.FILE {} [get_hw_devices xc7a35t_0]
set_property PROGRAM.FILE {C:/Module Files/Year 2 Sem 2/EE2026/FDP/FDP.runs/impl_1/Top_Student.bit} [get_hw_devices xc7a35t_0]
program_hw_devices [get_hw_devices xc7a35t_0]
INFO: [Labtools 27-3164] End of startup status: HIGH
refresh_hw_device [lindex [get_hw_devices xc7a35t_0] 0]
INFO: [Labtools 27-1434] Device xc7a35t (JTAG device index = 0) is programmed with a design that has no supported debug core(s) in it.
WARNING: [Labtools 27-3361] The debug hub core was not detected.
Resolution: 
1. Make sure the clock connected to the debug hub (dbg_hub) core is a free running clock and is active.
2. Make sure the BSCAN_SWITCH_USER_MASK device property in Vivado Hardware Manager reflects the user scan chain setting in the design and refresh the device.  To determine the user scan chain setting in the design, open the implemented design and use 'get_property C_USER_SCAN_CHAIN [get_debug_cores dbg_hub]'.
For more details on setting the scan chain property, consult the Vivado Debug and Programming User Guide (UG908).
reset_run synth_1
launch_runs impl_1 -to_step write_bitstream -jobs 11
[Tue Mar 10 21:13:50 2026] Launched synth_1...
Run output will be captured here: C:/Module Files/Year 2 Sem 2/EE2026/FDP/FDP.runs/synth_1/runme.log
[Tue Mar 10 21:13:50 2026] Launched impl_1...
Run output will be captured here: C:/Module Files/Year 2 Sem 2/EE2026/FDP/FDP.runs/impl_1/runme.log
set_property PROBES.FILE {} [get_hw_devices xc7a35t_0]
set_property FULL_PROBES.FILE {} [get_hw_devices xc7a35t_0]
set_property PROGRAM.FILE {C:/Module Files/Year 2 Sem 2/EE2026/FDP/FDP.runs/impl_1/Top_Student.bit} [get_hw_devices xc7a35t_0]
program_hw_devices [get_hw_devices xc7a35t_0]
INFO: [Labtools 27-3164] End of startup status: HIGH
refresh_hw_device [lindex [get_hw_devices xc7a35t_0] 0]
INFO: [Labtools 27-1434] Device xc7a35t (JTAG device index = 0) is programmed with a design that has no supported debug core(s) in it.
WARNING: [Labtools 27-3361] The debug hub core was not detected.
Resolution: 
1. Make sure the clock connected to the debug hub (dbg_hub) core is a free running clock and is active.
2. Make sure the BSCAN_SWITCH_USER_MASK device property in Vivado Hardware Manager reflects the user scan chain setting in the design and refresh the device.  To determine the user scan chain setting in the design, open the implemented design and use 'get_property C_USER_SCAN_CHAIN [get_debug_cores dbg_hub]'.
For more details on setting the scan chain property, consult the Vivado Debug and Programming User Guide (UG908).
ERROR: [Labtoolstcl 44-513] HW Target shutdown. Closing target: localhost:3121/xilinx_tcf/Digilent/210183BD3757A
close [ open {C:/Module Files/Year 2 Sem 2/EE2026/FDP/FDP.srcs/sources_1/new/task_q.v} w ]
add_files {{C:/Module Files/Year 2 Sem 2/EE2026/FDP/FDP.srcs/sources_1/new/task_q.v}}
update_compile_order -fileset sources_1
set_property top task_q [current_fileset]
update_compile_order -fileset sources_1
reset_run synth_1
launch_runs impl_1 -to_step write_bitstream -jobs 11
[Tue Mar 10 22:46:47 2026] Launched synth_1...
Run output will be captured here: C:/Module Files/Year 2 Sem 2/EE2026/FDP/FDP.runs/synth_1/runme.log
[Tue Mar 10 22:46:47 2026] Launched impl_1...
Run output will be captured here: C:/Module Files/Year 2 Sem 2/EE2026/FDP/FDP.runs/impl_1/runme.log
reset_run synth_1
launch_runs impl_1 -to_step write_bitstream -jobs 11
[Tue Mar 10 22:49:44 2026] Launched synth_1...
Run output will be captured here: C:/Module Files/Year 2 Sem 2/EE2026/FDP/FDP.runs/synth_1/runme.log
[Tue Mar 10 22:49:44 2026] Launched impl_1...
Run output will be captured here: C:/Module Files/Year 2 Sem 2/EE2026/FDP/FDP.runs/impl_1/runme.log
reset_run synth_1
launch_runs impl_1 -to_step write_bitstream -jobs 11
[Tue Mar 10 22:53:33 2026] Launched synth_1...
Run output will be captured here: C:/Module Files/Year 2 Sem 2/EE2026/FDP/FDP.runs/synth_1/runme.log
[Tue Mar 10 22:53:33 2026] Launched impl_1...
Run output will be captured here: C:/Module Files/Year 2 Sem 2/EE2026/FDP/FDP.runs/impl_1/runme.log
reset_run synth_1
launch_runs impl_1 -to_step write_bitstream -jobs 11
[Tue Mar 10 22:54:24 2026] Launched synth_1...
Run output will be captured here: C:/Module Files/Year 2 Sem 2/EE2026/FDP/FDP.runs/synth_1/runme.log
[Tue Mar 10 22:54:24 2026] Launched impl_1...
Run output will be captured here: C:/Module Files/Year 2 Sem 2/EE2026/FDP/FDP.runs/impl_1/runme.log
disconnect_hw_server localhost:3121
connect_hw_server
INFO: [Labtools 27-2285] Connecting to hw_server url TCP:localhost:3121
ERROR: [Labtoolstcl 44-494] There is no active target available for server at localhost.
 Targets(s) ", jsn-Basys3-210183BD3757A" may be locked by another hw_server.
disconnect_hw_server localhost:3121
connect_hw_server
INFO: [Labtools 27-2285] Connecting to hw_server url TCP:localhost:3121
open_hw_target
INFO: [Labtoolstcl 44-466] Opening hw_target localhost:3121/xilinx_tcf/Digilent/210183BD3757A
current_hw_device [get_hw_devices xc7a35t_0]
refresh_hw_device -update_hw_probes false [lindex [get_hw_devices xc7a35t_0] 0]
INFO: [Labtools 27-1434] Device xc7a35t (JTAG device index = 0) is programmed with a design that has no supported debug core(s) in it.
WARNING: [Labtools 27-3361] The debug hub core was not detected.
Resolution: 
1. Make sure the clock connected to the debug hub (dbg_hub) core is a free running clock and is active.
2. Make sure the BSCAN_SWITCH_USER_MASK device property in Vivado Hardware Manager reflects the user scan chain setting in the design and refresh the device.  To determine the user scan chain setting in the design, open the implemented design and use 'get_property C_USER_SCAN_CHAIN [get_debug_cores dbg_hub]'.
For more details on setting the scan chain property, consult the Vivado Debug and Programming User Guide (UG908).
set_property PROBES.FILE {} [get_hw_devices xc7a35t_0]
set_property FULL_PROBES.FILE {} [get_hw_devices xc7a35t_0]
set_property PROGRAM.FILE {C:/Module Files/Year 2 Sem 2/EE2026/FDP/FDP.runs/impl_1/task_q.bit} [get_hw_devices xc7a35t_0]
program_hw_devices [get_hw_devices xc7a35t_0]
INFO: [Labtools 27-3164] End of startup status: HIGH
refresh_hw_device [lindex [get_hw_devices xc7a35t_0] 0]
INFO: [Labtools 27-1434] Device xc7a35t (JTAG device index = 0) is programmed with a design that has no supported debug core(s) in it.
WARNING: [Labtools 27-3361] The debug hub core was not detected.
Resolution: 
1. Make sure the clock connected to the debug hub (dbg_hub) core is a free running clock and is active.
2. Make sure the BSCAN_SWITCH_USER_MASK device property in Vivado Hardware Manager reflects the user scan chain setting in the design and refresh the device.  To determine the user scan chain setting in the design, open the implemented design and use 'get_property C_USER_SCAN_CHAIN [get_debug_cores dbg_hub]'.
For more details on setting the scan chain property, consult the Vivado Debug and Programming User Guide (UG908).
reset_run synth_1
launch_runs impl_1 -to_step write_bitstream -jobs 11
[Tue Mar 10 22:56:50 2026] Launched synth_1...
Run output will be captured here: C:/Module Files/Year 2 Sem 2/EE2026/FDP/FDP.runs/synth_1/runme.log
[Tue Mar 10 22:56:50 2026] Launched impl_1...
Run output will be captured here: C:/Module Files/Year 2 Sem 2/EE2026/FDP/FDP.runs/impl_1/runme.log
set_property PROBES.FILE {} [get_hw_devices xc7a35t_0]
set_property FULL_PROBES.FILE {} [get_hw_devices xc7a35t_0]
set_property PROGRAM.FILE {C:/Module Files/Year 2 Sem 2/EE2026/FDP/FDP.runs/impl_1/task_q.bit} [get_hw_devices xc7a35t_0]
program_hw_devices [get_hw_devices xc7a35t_0]
INFO: [Labtools 27-3164] End of startup status: HIGH
refresh_hw_device [lindex [get_hw_devices xc7a35t_0] 0]
INFO: [Labtools 27-1434] Device xc7a35t (JTAG device index = 0) is programmed with a design that has no supported debug core(s) in it.
WARNING: [Labtools 27-3361] The debug hub core was not detected.
Resolution: 
1. Make sure the clock connected to the debug hub (dbg_hub) core is a free running clock and is active.
2. Make sure the BSCAN_SWITCH_USER_MASK device property in Vivado Hardware Manager reflects the user scan chain setting in the design and refresh the device.  To determine the user scan chain setting in the design, open the implemented design and use 'get_property C_USER_SCAN_CHAIN [get_debug_cores dbg_hub]'.
For more details on setting the scan chain property, consult the Vivado Debug and Programming User Guide (UG908).
reset_run synth_1
launch_runs impl_1 -to_step write_bitstream -jobs 11
[Tue Mar 10 23:00:32 2026] Launched synth_1...
Run output will be captured here: C:/Module Files/Year 2 Sem 2/EE2026/FDP/FDP.runs/synth_1/runme.log
[Tue Mar 10 23:00:32 2026] Launched impl_1...
Run output will be captured here: C:/Module Files/Year 2 Sem 2/EE2026/FDP/FDP.runs/impl_1/runme.log
set_property PROBES.FILE {} [get_hw_devices xc7a35t_0]
set_property FULL_PROBES.FILE {} [get_hw_devices xc7a35t_0]
set_property PROGRAM.FILE {C:/Module Files/Year 2 Sem 2/EE2026/FDP/FDP.runs/impl_1/task_q.bit} [get_hw_devices xc7a35t_0]
program_hw_devices [get_hw_devices xc7a35t_0]
INFO: [Labtools 27-3164] End of startup status: HIGH
refresh_hw_device [lindex [get_hw_devices xc7a35t_0] 0]
INFO: [Labtools 27-1434] Device xc7a35t (JTAG device index = 0) is programmed with a design that has no supported debug core(s) in it.
WARNING: [Labtools 27-3361] The debug hub core was not detected.
Resolution: 
1. Make sure the clock connected to the debug hub (dbg_hub) core is a free running clock and is active.
2. Make sure the BSCAN_SWITCH_USER_MASK device property in Vivado Hardware Manager reflects the user scan chain setting in the design and refresh the device.  To determine the user scan chain setting in the design, open the implemented design and use 'get_property C_USER_SCAN_CHAIN [get_debug_cores dbg_hub]'.
For more details on setting the scan chain property, consult the Vivado Debug and Programming User Guide (UG908).
reset_run synth_1
launch_runs impl_1 -to_step write_bitstream -jobs 11
[Tue Mar 10 23:05:12 2026] Launched synth_1...
Run output will be captured here: C:/Module Files/Year 2 Sem 2/EE2026/FDP/FDP.runs/synth_1/runme.log
[Tue Mar 10 23:05:12 2026] Launched impl_1...
Run output will be captured here: C:/Module Files/Year 2 Sem 2/EE2026/FDP/FDP.runs/impl_1/runme.log
set_property PROBES.FILE {} [get_hw_devices xc7a35t_0]
set_property FULL_PROBES.FILE {} [get_hw_devices xc7a35t_0]
set_property PROGRAM.FILE {C:/Module Files/Year 2 Sem 2/EE2026/FDP/FDP.runs/impl_1/task_q.bit} [get_hw_devices xc7a35t_0]
program_hw_devices [get_hw_devices xc7a35t_0]
INFO: [Labtools 27-3164] End of startup status: HIGH
refresh_hw_device [lindex [get_hw_devices xc7a35t_0] 0]
INFO: [Labtools 27-1434] Device xc7a35t (JTAG device index = 0) is programmed with a design that has no supported debug core(s) in it.
WARNING: [Labtools 27-3361] The debug hub core was not detected.
Resolution: 
1. Make sure the clock connected to the debug hub (dbg_hub) core is a free running clock and is active.
2. Make sure the BSCAN_SWITCH_USER_MASK device property in Vivado Hardware Manager reflects the user scan chain setting in the design and refresh the device.  To determine the user scan chain setting in the design, open the implemented design and use 'get_property C_USER_SCAN_CHAIN [get_debug_cores dbg_hub]'.
For more details on setting the scan chain property, consult the Vivado Debug and Programming User Guide (UG908).
ERROR: [Labtoolstcl 44-513] HW Target shutdown. Closing target: localhost:3121/xilinx_tcf/Digilent/210183BD3757A
reset_run synth_1
INFO: [Labtoolstcl 44-466] Opening hw_target localhost:3121/xilinx_tcf/Digilent/210183BD3757A
INFO: [Labtools 27-1434] Device xc7a35t (JTAG device index = 0) is programmed with a design that has no supported debug core(s) in it.
WARNING: [Labtools 27-3361] The debug hub core was not detected.
Resolution: 
1. Make sure the clock connected to the debug hub (dbg_hub) core is a free running clock and is active.
2. Make sure the BSCAN_SWITCH_USER_MASK device property in Vivado Hardware Manager reflects the user scan chain setting in the design and refresh the device.  To determine the user scan chain setting in the design, open the implemented design and use 'get_property C_USER_SCAN_CHAIN [get_debug_cores dbg_hub]'.
For more details on setting the scan chain property, consult the Vivado Debug and Programming User Guide (UG908).
WARNING: [Labtoolstcl 44-129] No matching hw_ila_data was found.
launch_runs impl_1 -to_step write_bitstream -jobs 11
[Tue Mar 10 23:15:18 2026] Launched synth_1...
Run output will be captured here: C:/Module Files/Year 2 Sem 2/EE2026/FDP/FDP.runs/synth_1/runme.log
[Tue Mar 10 23:15:18 2026] Launched impl_1...
Run output will be captured here: C:/Module Files/Year 2 Sem 2/EE2026/FDP/FDP.runs/impl_1/runme.log
open_run impl_1
INFO: [Netlist 29-17] Analyzing 30 Unisim elements for replacement
INFO: [Netlist 29-28] Unisim Transformation completed in 0 CPU seconds
INFO: [Project 1-479] Netlist was created with Vivado 2018.2
INFO: [Device 21-403] Loading part xc7a35tcpg236-1
INFO: [Project 1-570] Preparing netlist for logic optimization
INFO: [Timing 38-478] Restoring timing data from binary archive.
INFO: [Timing 38-479] Binary timing data restore complete.
INFO: [Project 1-856] Restoring constraints from binary archive.
INFO: [Project 1-853] Binary constraint restore complete.
Reading XDEF placement.
Reading placer database...
Reading XDEF routing.
Read XDEF File: Time (s): cpu = 00:00:00 ; elapsed = 00:00:00.037 . Memory (MB): peak = 2383.566 ; gain = 0.000
Restored from archive | CPU: 0.000000 secs | Memory: 0.000000 MB |
Finished XDEF File Restore: Time (s): cpu = 00:00:00 ; elapsed = 00:00:00.037 . Memory (MB): peak = 2383.566 ; gain = 0.000
INFO: [Project 1-111] Unisim Transformation Summary:
No Unisim elements were transformed.

open_run: Time (s): cpu = 00:00:18 ; elapsed = 00:00:15 . Memory (MB): peak = 2512.906 ; gain = 957.500
set_property PROBES.FILE {} [get_hw_devices xc7a35t_0]
set_property FULL_PROBES.FILE {} [get_hw_devices xc7a35t_0]
set_property PROGRAM.FILE {C:/Module Files/Year 2 Sem 2/EE2026/FDP/FDP.runs/impl_1/task_q.bit} [get_hw_devices xc7a35t_0]
program_hw_devices [get_hw_devices xc7a35t_0]
INFO: [Labtools 27-3164] End of startup status: HIGH
refresh_hw_device [lindex [get_hw_devices xc7a35t_0] 0]
INFO: [Labtools 27-1434] Device xc7a35t (JTAG device index = 0) is programmed with a design that has no supported debug core(s) in it.
WARNING: [Labtools 27-3361] The debug hub core was not detected.
Resolution: 
1. Make sure the clock connected to the debug hub (dbg_hub) core is a free running clock and is active.
2. Make sure the BSCAN_SWITCH_USER_MASK device property in Vivado Hardware Manager reflects the user scan chain setting in the design and refresh the device.  To determine the user scan chain setting in the design, open the implemented design and use 'get_property C_USER_SCAN_CHAIN [get_debug_cores dbg_hub]'.
For more details on setting the scan chain property, consult the Vivado Debug and Programming User Guide (UG908).
reset_run synth_1
launch_runs impl_1 -to_step write_bitstream -jobs 11
[Tue Mar 10 23:18:18 2026] Launched synth_1...
Run output will be captured here: C:/Module Files/Year 2 Sem 2/EE2026/FDP/FDP.runs/synth_1/runme.log
[Tue Mar 10 23:18:18 2026] Launched impl_1...
Run output will be captured here: C:/Module Files/Year 2 Sem 2/EE2026/FDP/FDP.runs/impl_1/runme.log
set_property PROBES.FILE {} [get_hw_devices xc7a35t_0]
set_property FULL_PROBES.FILE {} [get_hw_devices xc7a35t_0]
set_property PROGRAM.FILE {C:/Module Files/Year 2 Sem 2/EE2026/FDP/FDP.runs/impl_1/task_q.bit} [get_hw_devices xc7a35t_0]
program_hw_devices [get_hw_devices xc7a35t_0]
INFO: [Labtools 27-3164] End of startup status: HIGH
refresh_hw_device [lindex [get_hw_devices xc7a35t_0] 0]
INFO: [Labtools 27-1434] Device xc7a35t (JTAG device index = 0) is programmed with a design that has no supported debug core(s) in it.
WARNING: [Labtools 27-3361] The debug hub core was not detected.
Resolution: 
1. Make sure the clock connected to the debug hub (dbg_hub) core is a free running clock and is active.
2. Make sure the BSCAN_SWITCH_USER_MASK device property in Vivado Hardware Manager reflects the user scan chain setting in the design and refresh the device.  To determine the user scan chain setting in the design, open the implemented design and use 'get_property C_USER_SCAN_CHAIN [get_debug_cores dbg_hub]'.
For more details on setting the scan chain property, consult the Vivado Debug and Programming User Guide (UG908).
reset_run synth_1
launch_runs impl_1 -to_step write_bitstream -jobs 11
[Tue Mar 10 23:31:22 2026] Launched synth_1...
Run output will be captured here: C:/Module Files/Year 2 Sem 2/EE2026/FDP/FDP.runs/synth_1/runme.log
[Tue Mar 10 23:31:22 2026] Launched impl_1...
Run output will be captured here: C:/Module Files/Year 2 Sem 2/EE2026/FDP/FDP.runs/impl_1/runme.log
set_property PROBES.FILE {} [get_hw_devices xc7a35t_0]
set_property FULL_PROBES.FILE {} [get_hw_devices xc7a35t_0]
set_property PROGRAM.FILE {C:/Module Files/Year 2 Sem 2/EE2026/FDP/FDP.runs/impl_1/task_q.bit} [get_hw_devices xc7a35t_0]
program_hw_devices [get_hw_devices xc7a35t_0]
INFO: [Labtools 27-3164] End of startup status: HIGH
refresh_hw_device [lindex [get_hw_devices xc7a35t_0] 0]
INFO: [Labtools 27-1434] Device xc7a35t (JTAG device index = 0) is programmed with a design that has no supported debug core(s) in it.
WARNING: [Labtools 27-3361] The debug hub core was not detected.
Resolution: 
1. Make sure the clock connected to the debug hub (dbg_hub) core is a free running clock and is active.
2. Make sure the BSCAN_SWITCH_USER_MASK device property in Vivado Hardware Manager reflects the user scan chain setting in the design and refresh the device.  To determine the user scan chain setting in the design, open the implemented design and use 'get_property C_USER_SCAN_CHAIN [get_debug_cores dbg_hub]'.
For more details on setting the scan chain property, consult the Vivado Debug and Programming User Guide (UG908).
reset_run synth_1
launch_runs impl_1 -to_step write_bitstream -jobs 11
[Tue Mar 10 23:34:12 2026] Launched synth_1...
Run output will be captured here: C:/Module Files/Year 2 Sem 2/EE2026/FDP/FDP.runs/synth_1/runme.log
[Tue Mar 10 23:34:12 2026] Launched impl_1...
Run output will be captured here: C:/Module Files/Year 2 Sem 2/EE2026/FDP/FDP.runs/impl_1/runme.log
set_property PROBES.FILE {} [get_hw_devices xc7a35t_0]
set_property FULL_PROBES.FILE {} [get_hw_devices xc7a35t_0]
set_property PROGRAM.FILE {C:/Module Files/Year 2 Sem 2/EE2026/FDP/FDP.runs/impl_1/task_q.bit} [get_hw_devices xc7a35t_0]
program_hw_devices [get_hw_devices xc7a35t_0]
INFO: [Labtools 27-3164] End of startup status: HIGH
refresh_hw_device [lindex [get_hw_devices xc7a35t_0] 0]
INFO: [Labtools 27-1434] Device xc7a35t (JTAG device index = 0) is programmed with a design that has no supported debug core(s) in it.
WARNING: [Labtools 27-3361] The debug hub core was not detected.
Resolution: 
1. Make sure the clock connected to the debug hub (dbg_hub) core is a free running clock and is active.
2. Make sure the BSCAN_SWITCH_USER_MASK device property in Vivado Hardware Manager reflects the user scan chain setting in the design and refresh the device.  To determine the user scan chain setting in the design, open the implemented design and use 'get_property C_USER_SCAN_CHAIN [get_debug_cores dbg_hub]'.
For more details on setting the scan chain property, consult the Vivado Debug and Programming User Guide (UG908).
ERROR: [Labtoolstcl 44-513] HW Target shutdown. Closing target: localhost:3121/xilinx_tcf/Digilent/210183BD3757A
reset_run synth_1
launch_runs impl_1 -to_step write_bitstream -jobs 11
[Tue Mar 10 23:50:37 2026] Launched synth_1...
Run output will be captured here: C:/Module Files/Year 2 Sem 2/EE2026/FDP/FDP.runs/synth_1/runme.log
[Tue Mar 10 23:50:37 2026] Launched impl_1...
Run output will be captured here: C:/Module Files/Year 2 Sem 2/EE2026/FDP/FDP.runs/impl_1/runme.log
disconnect_hw_server localhost:3121
connect_hw_server
INFO: [Labtools 27-2285] Connecting to hw_server url TCP:localhost:3121
open_hw_target
INFO: [Labtoolstcl 44-466] Opening hw_target localhost:3121/xilinx_tcf/Digilent/210183BD3757A
set_property PROGRAM.FILE {C:/Module Files/Year 2 Sem 2/EE2026/FDP/FDP.runs/impl_1/task_q.bit} [get_hw_devices xc7a35t_0]
current_hw_device [get_hw_devices xc7a35t_0]
refresh_hw_device -update_hw_probes false [lindex [get_hw_devices xc7a35t_0] 0]
INFO: [Labtools 27-1434] Device xc7a35t (JTAG device index = 0) is programmed with a design that has no supported debug core(s) in it.
WARNING: [Labtools 27-3361] The debug hub core was not detected.
Resolution: 
1. Make sure the clock connected to the debug hub (dbg_hub) core is a free running clock and is active.
2. Make sure the BSCAN_SWITCH_USER_MASK device property in Vivado Hardware Manager reflects the user scan chain setting in the design and refresh the device.  To determine the user scan chain setting in the design, open the implemented design and use 'get_property C_USER_SCAN_CHAIN [get_debug_cores dbg_hub]'.
For more details on setting the scan chain property, consult the Vivado Debug and Programming User Guide (UG908).
set_property PROBES.FILE {} [get_hw_devices xc7a35t_0]
set_property FULL_PROBES.FILE {} [get_hw_devices xc7a35t_0]
set_property PROGRAM.FILE {C:/Module Files/Year 2 Sem 2/EE2026/FDP/FDP.runs/impl_1/task_q.bit} [get_hw_devices xc7a35t_0]
program_hw_devices [get_hw_devices xc7a35t_0]
INFO: [Labtools 27-3164] End of startup status: HIGH
refresh_hw_device [lindex [get_hw_devices xc7a35t_0] 0]
INFO: [Labtools 27-1434] Device xc7a35t (JTAG device index = 0) is programmed with a design that has no supported debug core(s) in it.
WARNING: [Labtools 27-3361] The debug hub core was not detected.
Resolution: 
1. Make sure the clock connected to the debug hub (dbg_hub) core is a free running clock and is active.
2. Make sure the BSCAN_SWITCH_USER_MASK device property in Vivado Hardware Manager reflects the user scan chain setting in the design and refresh the device.  To determine the user scan chain setting in the design, open the implemented design and use 'get_property C_USER_SCAN_CHAIN [get_debug_cores dbg_hub]'.
For more details on setting the scan chain property, consult the Vivado Debug and Programming User Guide (UG908).
reset_run synth_1
launch_runs impl_1 -to_step write_bitstream -jobs 11
[Tue Mar 10 23:54:33 2026] Launched synth_1...
Run output will be captured here: C:/Module Files/Year 2 Sem 2/EE2026/FDP/FDP.runs/synth_1/runme.log
[Tue Mar 10 23:54:33 2026] Launched impl_1...
Run output will be captured here: C:/Module Files/Year 2 Sem 2/EE2026/FDP/FDP.runs/impl_1/runme.log
set_property PROBES.FILE {} [get_hw_devices xc7a35t_0]
set_property FULL_PROBES.FILE {} [get_hw_devices xc7a35t_0]
set_property PROGRAM.FILE {C:/Module Files/Year 2 Sem 2/EE2026/FDP/FDP.runs/impl_1/task_q.bit} [get_hw_devices xc7a35t_0]
program_hw_devices [get_hw_devices xc7a35t_0]
INFO: [Labtools 27-3164] End of startup status: HIGH
refresh_hw_device [lindex [get_hw_devices xc7a35t_0] 0]
INFO: [Labtools 27-1434] Device xc7a35t (JTAG device index = 0) is programmed with a design that has no supported debug core(s) in it.
WARNING: [Labtools 27-3361] The debug hub core was not detected.
Resolution: 
1. Make sure the clock connected to the debug hub (dbg_hub) core is a free running clock and is active.
2. Make sure the BSCAN_SWITCH_USER_MASK device property in Vivado Hardware Manager reflects the user scan chain setting in the design and refresh the device.  To determine the user scan chain setting in the design, open the implemented design and use 'get_property C_USER_SCAN_CHAIN [get_debug_cores dbg_hub]'.
For more details on setting the scan chain property, consult the Vivado Debug and Programming User Guide (UG908).
reset_run synth_1
launch_runs impl_1 -to_step write_bitstream -jobs 11
[Wed Mar 11 00:03:20 2026] Launched synth_1...
Run output will be captured here: C:/Module Files/Year 2 Sem 2/EE2026/FDP/FDP.runs/synth_1/runme.log
[Wed Mar 11 00:03:20 2026] Launched impl_1...
Run output will be captured here: C:/Module Files/Year 2 Sem 2/EE2026/FDP/FDP.runs/impl_1/runme.log
set_property PROBES.FILE {} [get_hw_devices xc7a35t_0]
set_property FULL_PROBES.FILE {} [get_hw_devices xc7a35t_0]
set_property PROGRAM.FILE {C:/Module Files/Year 2 Sem 2/EE2026/FDP/FDP.runs/impl_1/task_q.bit} [get_hw_devices xc7a35t_0]
program_hw_devices [get_hw_devices xc7a35t_0]
INFO: [Labtools 27-3164] End of startup status: HIGH
refresh_hw_device [lindex [get_hw_devices xc7a35t_0] 0]
INFO: [Labtools 27-1434] Device xc7a35t (JTAG device index = 0) is programmed with a design that has no supported debug core(s) in it.
WARNING: [Labtools 27-3361] The debug hub core was not detected.
Resolution: 
1. Make sure the clock connected to the debug hub (dbg_hub) core is a free running clock and is active.
2. Make sure the BSCAN_SWITCH_USER_MASK device property in Vivado Hardware Manager reflects the user scan chain setting in the design and refresh the device.  To determine the user scan chain setting in the design, open the implemented design and use 'get_property C_USER_SCAN_CHAIN [get_debug_cores dbg_hub]'.
For more details on setting the scan chain property, consult the Vivado Debug and Programming User Guide (UG908).
reset_run synth_1
launch_runs impl_1 -to_step write_bitstream -jobs 11
[Wed Mar 11 00:08:30 2026] Launched synth_1...
Run output will be captured here: C:/Module Files/Year 2 Sem 2/EE2026/FDP/FDP.runs/synth_1/runme.log
[Wed Mar 11 00:08:30 2026] Launched impl_1...
Run output will be captured here: C:/Module Files/Year 2 Sem 2/EE2026/FDP/FDP.runs/impl_1/runme.log
set_property PROBES.FILE {} [get_hw_devices xc7a35t_0]
set_property FULL_PROBES.FILE {} [get_hw_devices xc7a35t_0]
set_property PROGRAM.FILE {C:/Module Files/Year 2 Sem 2/EE2026/FDP/FDP.runs/impl_1/task_q.bit} [get_hw_devices xc7a35t_0]
program_hw_devices [get_hw_devices xc7a35t_0]
INFO: [Labtools 27-3164] End of startup status: HIGH
refresh_hw_device [lindex [get_hw_devices xc7a35t_0] 0]
INFO: [Labtools 27-1434] Device xc7a35t (JTAG device index = 0) is programmed with a design that has no supported debug core(s) in it.
WARNING: [Labtools 27-3361] The debug hub core was not detected.
Resolution: 
1. Make sure the clock connected to the debug hub (dbg_hub) core is a free running clock and is active.
2. Make sure the BSCAN_SWITCH_USER_MASK device property in Vivado Hardware Manager reflects the user scan chain setting in the design and refresh the device.  To determine the user scan chain setting in the design, open the implemented design and use 'get_property C_USER_SCAN_CHAIN [get_debug_cores dbg_hub]'.
For more details on setting the scan chain property, consult the Vivado Debug and Programming User Guide (UG908).
reset_run synth_1
launch_runs impl_1 -to_step write_bitstream -jobs 11
[Wed Mar 11 00:13:43 2026] Launched synth_1...
Run output will be captured here: C:/Module Files/Year 2 Sem 2/EE2026/FDP/FDP.runs/synth_1/runme.log
[Wed Mar 11 00:13:44 2026] Launched impl_1...
Run output will be captured here: C:/Module Files/Year 2 Sem 2/EE2026/FDP/FDP.runs/impl_1/runme.log
reset_run synth_1
launch_runs impl_1 -to_step write_bitstream -jobs 11
[Wed Mar 11 00:15:06 2026] Launched synth_1...
Run output will be captured here: C:/Module Files/Year 2 Sem 2/EE2026/FDP/FDP.runs/synth_1/runme.log
[Wed Mar 11 00:15:06 2026] Launched impl_1...
Run output will be captured here: C:/Module Files/Year 2 Sem 2/EE2026/FDP/FDP.runs/impl_1/runme.log
reset_run synth_1
launch_runs impl_1 -to_step write_bitstream -jobs 11
[Wed Mar 11 00:17:56 2026] Launched synth_1...
Run output will be captured here: C:/Module Files/Year 2 Sem 2/EE2026/FDP/FDP.runs/synth_1/runme.log
[Wed Mar 11 00:17:56 2026] Launched impl_1...
Run output will be captured here: C:/Module Files/Year 2 Sem 2/EE2026/FDP/FDP.runs/impl_1/runme.log
reset_run synth_1
launch_runs impl_1 -to_step write_bitstream -jobs 11
[Wed Mar 11 00:19:50 2026] Launched synth_1...
Run output will be captured here: C:/Module Files/Year 2 Sem 2/EE2026/FDP/FDP.runs/synth_1/runme.log
[Wed Mar 11 00:19:50 2026] Launched impl_1...
Run output will be captured here: C:/Module Files/Year 2 Sem 2/EE2026/FDP/FDP.runs/impl_1/runme.log
reset_run synth_1
launch_runs impl_1 -to_step write_bitstream -jobs 11
[Wed Mar 11 00:24:29 2026] Launched synth_1...
Run output will be captured here: C:/Module Files/Year 2 Sem 2/EE2026/FDP/FDP.runs/synth_1/runme.log
[Wed Mar 11 00:24:29 2026] Launched impl_1...
Run output will be captured here: C:/Module Files/Year 2 Sem 2/EE2026/FDP/FDP.runs/impl_1/runme.log
set_property PROBES.FILE {} [get_hw_devices xc7a35t_0]
set_property FULL_PROBES.FILE {} [get_hw_devices xc7a35t_0]
set_property PROGRAM.FILE {C:/Module Files/Year 2 Sem 2/EE2026/FDP/FDP.runs/impl_1/task_q.bit} [get_hw_devices xc7a35t_0]
program_hw_devices [get_hw_devices xc7a35t_0]
INFO: [Labtools 27-3164] End of startup status: HIGH
refresh_hw_device [lindex [get_hw_devices xc7a35t_0] 0]
INFO: [Labtools 27-1434] Device xc7a35t (JTAG device index = 0) is programmed with a design that has no supported debug core(s) in it.
WARNING: [Labtools 27-3361] The debug hub core was not detected.
Resolution: 
1. Make sure the clock connected to the debug hub (dbg_hub) core is a free running clock and is active.
2. Make sure the BSCAN_SWITCH_USER_MASK device property in Vivado Hardware Manager reflects the user scan chain setting in the design and refresh the device.  To determine the user scan chain setting in the design, open the implemented design and use 'get_property C_USER_SCAN_CHAIN [get_debug_cores dbg_hub]'.
For more details on setting the scan chain property, consult the Vivado Debug and Programming User Guide (UG908).
reset_run synth_1
launch_runs impl_1 -to_step write_bitstream -jobs 11
[Wed Mar 11 00:47:05 2026] Launched synth_1...
Run output will be captured here: C:/Module Files/Year 2 Sem 2/EE2026/FDP/FDP.runs/synth_1/runme.log
[Wed Mar 11 00:47:05 2026] Launched impl_1...
Run output will be captured here: C:/Module Files/Year 2 Sem 2/EE2026/FDP/FDP.runs/impl_1/runme.log
set_property PROBES.FILE {} [get_hw_devices xc7a35t_0]
set_property FULL_PROBES.FILE {} [get_hw_devices xc7a35t_0]
set_property PROGRAM.FILE {C:/Module Files/Year 2 Sem 2/EE2026/FDP/FDP.runs/impl_1/task_q.bit} [get_hw_devices xc7a35t_0]
program_hw_devices [get_hw_devices xc7a35t_0]
INFO: [Labtools 27-3164] End of startup status: HIGH
refresh_hw_device [lindex [get_hw_devices xc7a35t_0] 0]
INFO: [Labtools 27-1434] Device xc7a35t (JTAG device index = 0) is programmed with a design that has no supported debug core(s) in it.
WARNING: [Labtools 27-3361] The debug hub core was not detected.
Resolution: 
1. Make sure the clock connected to the debug hub (dbg_hub) core is a free running clock and is active.
2. Make sure the BSCAN_SWITCH_USER_MASK device property in Vivado Hardware Manager reflects the user scan chain setting in the design and refresh the device.  To determine the user scan chain setting in the design, open the implemented design and use 'get_property C_USER_SCAN_CHAIN [get_debug_cores dbg_hub]'.
For more details on setting the scan chain property, consult the Vivado Debug and Programming User Guide (UG908).
reset_run synth_1
launch_runs impl_1 -to_step write_bitstream -jobs 11
[Wed Mar 11 00:50:11 2026] Launched synth_1...
Run output will be captured here: C:/Module Files/Year 2 Sem 2/EE2026/FDP/FDP.runs/synth_1/runme.log
[Wed Mar 11 00:50:11 2026] Launched impl_1...
Run output will be captured here: C:/Module Files/Year 2 Sem 2/EE2026/FDP/FDP.runs/impl_1/runme.log
set_property PROBES.FILE {} [get_hw_devices xc7a35t_0]
set_property FULL_PROBES.FILE {} [get_hw_devices xc7a35t_0]
set_property PROGRAM.FILE {C:/Module Files/Year 2 Sem 2/EE2026/FDP/FDP.runs/impl_1/task_q.bit} [get_hw_devices xc7a35t_0]
program_hw_devices [get_hw_devices xc7a35t_0]
INFO: [Labtools 27-3164] End of startup status: HIGH
refresh_hw_device [lindex [get_hw_devices xc7a35t_0] 0]
INFO: [Labtools 27-1434] Device xc7a35t (JTAG device index = 0) is programmed with a design that has no supported debug core(s) in it.
WARNING: [Labtools 27-3361] The debug hub core was not detected.
Resolution: 
1. Make sure the clock connected to the debug hub (dbg_hub) core is a free running clock and is active.
2. Make sure the BSCAN_SWITCH_USER_MASK device property in Vivado Hardware Manager reflects the user scan chain setting in the design and refresh the device.  To determine the user scan chain setting in the design, open the implemented design and use 'get_property C_USER_SCAN_CHAIN [get_debug_cores dbg_hub]'.
For more details on setting the scan chain property, consult the Vivado Debug and Programming User Guide (UG908).
reset_run synth_1
launch_runs impl_1 -to_step write_bitstream -jobs 11
[Wed Mar 11 00:53:46 2026] Launched synth_1...
Run output will be captured here: C:/Module Files/Year 2 Sem 2/EE2026/FDP/FDP.runs/synth_1/runme.log
[Wed Mar 11 00:53:46 2026] Launched impl_1...
Run output will be captured here: C:/Module Files/Year 2 Sem 2/EE2026/FDP/FDP.runs/impl_1/runme.log
set_property PROBES.FILE {} [get_hw_devices xc7a35t_0]
set_property FULL_PROBES.FILE {} [get_hw_devices xc7a35t_0]
set_property PROGRAM.FILE {C:/Module Files/Year 2 Sem 2/EE2026/FDP/FDP.runs/impl_1/task_q.bit} [get_hw_devices xc7a35t_0]
program_hw_devices [get_hw_devices xc7a35t_0]
INFO: [Labtools 27-3164] End of startup status: HIGH
refresh_hw_device [lindex [get_hw_devices xc7a35t_0] 0]
INFO: [Labtools 27-1434] Device xc7a35t (JTAG device index = 0) is programmed with a design that has no supported debug core(s) in it.
WARNING: [Labtools 27-3361] The debug hub core was not detected.
Resolution: 
1. Make sure the clock connected to the debug hub (dbg_hub) core is a free running clock and is active.
2. Make sure the BSCAN_SWITCH_USER_MASK device property in Vivado Hardware Manager reflects the user scan chain setting in the design and refresh the device.  To determine the user scan chain setting in the design, open the implemented design and use 'get_property C_USER_SCAN_CHAIN [get_debug_cores dbg_hub]'.
For more details on setting the scan chain property, consult the Vivado Debug and Programming User Guide (UG908).
reset_run synth_1
launch_runs impl_1 -to_step write_bitstream -jobs 11
[Wed Mar 11 00:55:34 2026] Launched synth_1...
Run output will be captured here: C:/Module Files/Year 2 Sem 2/EE2026/FDP/FDP.runs/synth_1/runme.log
[Wed Mar 11 00:55:34 2026] Launched impl_1...
Run output will be captured here: C:/Module Files/Year 2 Sem 2/EE2026/FDP/FDP.runs/impl_1/runme.log
set_property PROBES.FILE {} [get_hw_devices xc7a35t_0]
set_property FULL_PROBES.FILE {} [get_hw_devices xc7a35t_0]
set_property PROGRAM.FILE {C:/Module Files/Year 2 Sem 2/EE2026/FDP/FDP.runs/impl_1/task_q.bit} [get_hw_devices xc7a35t_0]
program_hw_devices [get_hw_devices xc7a35t_0]
INFO: [Labtools 27-3164] End of startup status: HIGH
refresh_hw_device [lindex [get_hw_devices xc7a35t_0] 0]
INFO: [Labtools 27-1434] Device xc7a35t (JTAG device index = 0) is programmed with a design that has no supported debug core(s) in it.
WARNING: [Labtools 27-3361] The debug hub core was not detected.
Resolution: 
1. Make sure the clock connected to the debug hub (dbg_hub) core is a free running clock and is active.
2. Make sure the BSCAN_SWITCH_USER_MASK device property in Vivado Hardware Manager reflects the user scan chain setting in the design and refresh the device.  To determine the user scan chain setting in the design, open the implemented design and use 'get_property C_USER_SCAN_CHAIN [get_debug_cores dbg_hub]'.
For more details on setting the scan chain property, consult the Vivado Debug and Programming User Guide (UG908).
reset_run synth_1
launch_runs impl_1 -to_step write_bitstream -jobs 11
[Wed Mar 11 00:56:56 2026] Launched synth_1...
Run output will be captured here: C:/Module Files/Year 2 Sem 2/EE2026/FDP/FDP.runs/synth_1/runme.log
[Wed Mar 11 00:56:56 2026] Launched impl_1...
Run output will be captured here: C:/Module Files/Year 2 Sem 2/EE2026/FDP/FDP.runs/impl_1/runme.log
set_property PROBES.FILE {} [get_hw_devices xc7a35t_0]
set_property FULL_PROBES.FILE {} [get_hw_devices xc7a35t_0]
set_property PROGRAM.FILE {C:/Module Files/Year 2 Sem 2/EE2026/FDP/FDP.runs/impl_1/task_q.bit} [get_hw_devices xc7a35t_0]
program_hw_devices [get_hw_devices xc7a35t_0]
INFO: [Labtools 27-3164] End of startup status: HIGH
refresh_hw_device [lindex [get_hw_devices xc7a35t_0] 0]
INFO: [Labtools 27-1434] Device xc7a35t (JTAG device index = 0) is programmed with a design that has no supported debug core(s) in it.
WARNING: [Labtools 27-3361] The debug hub core was not detected.
Resolution: 
1. Make sure the clock connected to the debug hub (dbg_hub) core is a free running clock and is active.
2. Make sure the BSCAN_SWITCH_USER_MASK device property in Vivado Hardware Manager reflects the user scan chain setting in the design and refresh the device.  To determine the user scan chain setting in the design, open the implemented design and use 'get_property C_USER_SCAN_CHAIN [get_debug_cores dbg_hub]'.
For more details on setting the scan chain property, consult the Vivado Debug and Programming User Guide (UG908).
reset_run synth_1
launch_runs impl_1 -to_step write_bitstream -jobs 11
[Wed Mar 11 01:00:01 2026] Launched synth_1...
Run output will be captured here: C:/Module Files/Year 2 Sem 2/EE2026/FDP/FDP.runs/synth_1/runme.log
[Wed Mar 11 01:00:01 2026] Launched impl_1...
Run output will be captured here: C:/Module Files/Year 2 Sem 2/EE2026/FDP/FDP.runs/impl_1/runme.log
set_property PROBES.FILE {} [get_hw_devices xc7a35t_0]
set_property FULL_PROBES.FILE {} [get_hw_devices xc7a35t_0]
set_property PROGRAM.FILE {C:/Module Files/Year 2 Sem 2/EE2026/FDP/FDP.runs/impl_1/task_q.bit} [get_hw_devices xc7a35t_0]
program_hw_devices [get_hw_devices xc7a35t_0]
INFO: [Labtools 27-3164] End of startup status: HIGH
refresh_hw_device [lindex [get_hw_devices xc7a35t_0] 0]
INFO: [Labtools 27-1434] Device xc7a35t (JTAG device index = 0) is programmed with a design that has no supported debug core(s) in it.
WARNING: [Labtools 27-3361] The debug hub core was not detected.
Resolution: 
1. Make sure the clock connected to the debug hub (dbg_hub) core is a free running clock and is active.
2. Make sure the BSCAN_SWITCH_USER_MASK device property in Vivado Hardware Manager reflects the user scan chain setting in the design and refresh the device.  To determine the user scan chain setting in the design, open the implemented design and use 'get_property C_USER_SCAN_CHAIN [get_debug_cores dbg_hub]'.
For more details on setting the scan chain property, consult the Vivado Debug and Programming User Guide (UG908).
reset_run synth_1
launch_runs impl_1 -to_step write_bitstream -jobs 11
[Wed Mar 11 01:16:09 2026] Launched synth_1...
Run output will be captured here: C:/Module Files/Year 2 Sem 2/EE2026/FDP/FDP.runs/synth_1/runme.log
[Wed Mar 11 01:16:09 2026] Launched impl_1...
Run output will be captured here: C:/Module Files/Year 2 Sem 2/EE2026/FDP/FDP.runs/impl_1/runme.log
set_property PROBES.FILE {} [get_hw_devices xc7a35t_0]
set_property FULL_PROBES.FILE {} [get_hw_devices xc7a35t_0]
set_property PROGRAM.FILE {C:/Module Files/Year 2 Sem 2/EE2026/FDP/FDP.runs/impl_1/task_q.bit} [get_hw_devices xc7a35t_0]
program_hw_devices [get_hw_devices xc7a35t_0]
ERROR: [Labtools 27-3165] End of startup status: LOW
ERROR: [Common 17-39] 'program_hw_devices' failed due to earlier errors.
set_property PROBES.FILE {} [get_hw_devices xc7a35t_0]
set_property FULL_PROBES.FILE {} [get_hw_devices xc7a35t_0]
set_property PROGRAM.FILE {C:/Module Files/Year 2 Sem 2/EE2026/FDP/FDP.runs/impl_1/task_q.bit} [get_hw_devices xc7a35t_0]
program_hw_devices [get_hw_devices xc7a35t_0]
INFO: [Labtools 27-3164] End of startup status: HIGH
refresh_hw_device [lindex [get_hw_devices xc7a35t_0] 0]
INFO: [Labtools 27-1434] Device xc7a35t (JTAG device index = 0) is programmed with a design that has no supported debug core(s) in it.
WARNING: [Labtools 27-3361] The debug hub core was not detected.
Resolution: 
1. Make sure the clock connected to the debug hub (dbg_hub) core is a free running clock and is active.
2. Make sure the BSCAN_SWITCH_USER_MASK device property in Vivado Hardware Manager reflects the user scan chain setting in the design and refresh the device.  To determine the user scan chain setting in the design, open the implemented design and use 'get_property C_USER_SCAN_CHAIN [get_debug_cores dbg_hub]'.
For more details on setting the scan chain property, consult the Vivado Debug and Programming User Guide (UG908).
reset_run synth_1
launch_runs impl_1 -to_step write_bitstream -jobs 11
[Wed Mar 11 01:19:11 2026] Launched synth_1...
Run output will be captured here: C:/Module Files/Year 2 Sem 2/EE2026/FDP/FDP.runs/synth_1/runme.log
[Wed Mar 11 01:19:11 2026] Launched impl_1...
Run output will be captured here: C:/Module Files/Year 2 Sem 2/EE2026/FDP/FDP.runs/impl_1/runme.log
set_property PROBES.FILE {} [get_hw_devices xc7a35t_0]
set_property FULL_PROBES.FILE {} [get_hw_devices xc7a35t_0]
set_property PROGRAM.FILE {C:/Module Files/Year 2 Sem 2/EE2026/FDP/FDP.runs/impl_1/task_q.bit} [get_hw_devices xc7a35t_0]
program_hw_devices [get_hw_devices xc7a35t_0]
INFO: [Labtools 27-3164] End of startup status: HIGH
refresh_hw_device [lindex [get_hw_devices xc7a35t_0] 0]
INFO: [Labtools 27-1434] Device xc7a35t (JTAG device index = 0) is programmed with a design that has no supported debug core(s) in it.
WARNING: [Labtools 27-3361] The debug hub core was not detected.
Resolution: 
1. Make sure the clock connected to the debug hub (dbg_hub) core is a free running clock and is active.
2. Make sure the BSCAN_SWITCH_USER_MASK device property in Vivado Hardware Manager reflects the user scan chain setting in the design and refresh the device.  To determine the user scan chain setting in the design, open the implemented design and use 'get_property C_USER_SCAN_CHAIN [get_debug_cores dbg_hub]'.
For more details on setting the scan chain property, consult the Vivado Debug and Programming User Guide (UG908).
reset_run synth_1
launch_runs impl_1 -to_step write_bitstream -jobs 11
[Wed Mar 11 01:21:31 2026] Launched synth_1...
Run output will be captured here: C:/Module Files/Year 2 Sem 2/EE2026/FDP/FDP.runs/synth_1/runme.log
[Wed Mar 11 01:21:31 2026] Launched impl_1...
Run output will be captured here: C:/Module Files/Year 2 Sem 2/EE2026/FDP/FDP.runs/impl_1/runme.log
set_property PROBES.FILE {} [get_hw_devices xc7a35t_0]
set_property FULL_PROBES.FILE {} [get_hw_devices xc7a35t_0]
set_property PROGRAM.FILE {C:/Module Files/Year 2 Sem 2/EE2026/FDP/FDP.runs/impl_1/task_q.bit} [get_hw_devices xc7a35t_0]
program_hw_devices [get_hw_devices xc7a35t_0]
INFO: [Labtools 27-3164] End of startup status: HIGH
refresh_hw_device [lindex [get_hw_devices xc7a35t_0] 0]
INFO: [Labtools 27-1434] Device xc7a35t (JTAG device index = 0) is programmed with a design that has no supported debug core(s) in it.
WARNING: [Labtools 27-3361] The debug hub core was not detected.
Resolution: 
1. Make sure the clock connected to the debug hub (dbg_hub) core is a free running clock and is active.
2. Make sure the BSCAN_SWITCH_USER_MASK device property in Vivado Hardware Manager reflects the user scan chain setting in the design and refresh the device.  To determine the user scan chain setting in the design, open the implemented design and use 'get_property C_USER_SCAN_CHAIN [get_debug_cores dbg_hub]'.
For more details on setting the scan chain property, consult the Vivado Debug and Programming User Guide (UG908).
reset_run synth_1
launch_runs impl_1 -to_step write_bitstream -jobs 11
[Wed Mar 11 01:24:48 2026] Launched synth_1...
Run output will be captured here: C:/Module Files/Year 2 Sem 2/EE2026/FDP/FDP.runs/synth_1/runme.log
[Wed Mar 11 01:24:48 2026] Launched impl_1...
Run output will be captured here: C:/Module Files/Year 2 Sem 2/EE2026/FDP/FDP.runs/impl_1/runme.log
set_property PROBES.FILE {} [get_hw_devices xc7a35t_0]
set_property FULL_PROBES.FILE {} [get_hw_devices xc7a35t_0]
set_property PROGRAM.FILE {C:/Module Files/Year 2 Sem 2/EE2026/FDP/FDP.runs/impl_1/task_q.bit} [get_hw_devices xc7a35t_0]
program_hw_devices [get_hw_devices xc7a35t_0]
INFO: [Labtools 27-3164] End of startup status: HIGH
refresh_hw_device [lindex [get_hw_devices xc7a35t_0] 0]
INFO: [Labtools 27-1434] Device xc7a35t (JTAG device index = 0) is programmed with a design that has no supported debug core(s) in it.
WARNING: [Labtools 27-3361] The debug hub core was not detected.
Resolution: 
1. Make sure the clock connected to the debug hub (dbg_hub) core is a free running clock and is active.
2. Make sure the BSCAN_SWITCH_USER_MASK device property in Vivado Hardware Manager reflects the user scan chain setting in the design and refresh the device.  To determine the user scan chain setting in the design, open the implemented design and use 'get_property C_USER_SCAN_CHAIN [get_debug_cores dbg_hub]'.
For more details on setting the scan chain property, consult the Vivado Debug and Programming User Guide (UG908).
reset_run synth_1
launch_runs impl_1 -to_step write_bitstream -jobs 11
[Wed Mar 11 01:29:08 2026] Launched synth_1...
Run output will be captured here: C:/Module Files/Year 2 Sem 2/EE2026/FDP/FDP.runs/synth_1/runme.log
[Wed Mar 11 01:29:08 2026] Launched impl_1...
Run output will be captured here: C:/Module Files/Year 2 Sem 2/EE2026/FDP/FDP.runs/impl_1/runme.log
set_property PROBES.FILE {} [get_hw_devices xc7a35t_0]
set_property FULL_PROBES.FILE {} [get_hw_devices xc7a35t_0]
set_property PROGRAM.FILE {C:/Module Files/Year 2 Sem 2/EE2026/FDP/FDP.runs/impl_1/task_q.bit} [get_hw_devices xc7a35t_0]
program_hw_devices [get_hw_devices xc7a35t_0]
INFO: [Labtools 27-3164] End of startup status: HIGH
refresh_hw_device [lindex [get_hw_devices xc7a35t_0] 0]
INFO: [Labtools 27-1434] Device xc7a35t (JTAG device index = 0) is programmed with a design that has no supported debug core(s) in it.
WARNING: [Labtools 27-3361] The debug hub core was not detected.
Resolution: 
1. Make sure the clock connected to the debug hub (dbg_hub) core is a free running clock and is active.
2. Make sure the BSCAN_SWITCH_USER_MASK device property in Vivado Hardware Manager reflects the user scan chain setting in the design and refresh the device.  To determine the user scan chain setting in the design, open the implemented design and use 'get_property C_USER_SCAN_CHAIN [get_debug_cores dbg_hub]'.
For more details on setting the scan chain property, consult the Vivado Debug and Programming User Guide (UG908).
reset_run synth_1
launch_runs impl_1 -to_step write_bitstream -jobs 11
[Wed Mar 11 01:44:52 2026] Launched synth_1...
Run output will be captured here: C:/Module Files/Year 2 Sem 2/EE2026/FDP/FDP.runs/synth_1/runme.log
[Wed Mar 11 01:44:52 2026] Launched impl_1...
Run output will be captured here: C:/Module Files/Year 2 Sem 2/EE2026/FDP/FDP.runs/impl_1/runme.log
set_property PROBES.FILE {} [get_hw_devices xc7a35t_0]
set_property FULL_PROBES.FILE {} [get_hw_devices xc7a35t_0]
set_property PROGRAM.FILE {C:/Module Files/Year 2 Sem 2/EE2026/FDP/FDP.runs/impl_1/task_q.bit} [get_hw_devices xc7a35t_0]
program_hw_devices [get_hw_devices xc7a35t_0]
INFO: [Labtools 27-3164] End of startup status: HIGH
refresh_hw_device [lindex [get_hw_devices xc7a35t_0] 0]
INFO: [Labtools 27-1434] Device xc7a35t (JTAG device index = 0) is programmed with a design that has no supported debug core(s) in it.
WARNING: [Labtools 27-3361] The debug hub core was not detected.
Resolution: 
1. Make sure the clock connected to the debug hub (dbg_hub) core is a free running clock and is active.
2. Make sure the BSCAN_SWITCH_USER_MASK device property in Vivado Hardware Manager reflects the user scan chain setting in the design and refresh the device.  To determine the user scan chain setting in the design, open the implemented design and use 'get_property C_USER_SCAN_CHAIN [get_debug_cores dbg_hub]'.
For more details on setting the scan chain property, consult the Vivado Debug and Programming User Guide (UG908).
close [ open {C:/Module Files/Year 2 Sem 2/EE2026/FDP/FDP.srcs/sources_1/new/task_r.v} w ]
add_files {{C:/Module Files/Year 2 Sem 2/EE2026/FDP/FDP.srcs/sources_1/new/task_r.v}}
update_compile_order -fileset sources_1
set_property top task_r [current_fileset]
update_compile_order -fileset sources_1
reset_run synth_1
launch_runs impl_1 -to_step write_bitstream -jobs 11
[Wed Mar 11 03:11:29 2026] Launched synth_1...
Run output will be captured here: C:/Module Files/Year 2 Sem 2/EE2026/FDP/FDP.runs/synth_1/runme.log
[Wed Mar 11 03:11:29 2026] Launched impl_1...
Run output will be captured here: C:/Module Files/Year 2 Sem 2/EE2026/FDP/FDP.runs/impl_1/runme.log
reset_run synth_1
launch_runs impl_1 -to_step write_bitstream -jobs 11
[Wed Mar 11 03:13:05 2026] Launched synth_1...
Run output will be captured here: C:/Module Files/Year 2 Sem 2/EE2026/FDP/FDP.runs/synth_1/runme.log
[Wed Mar 11 03:13:05 2026] Launched impl_1...
Run output will be captured here: C:/Module Files/Year 2 Sem 2/EE2026/FDP/FDP.runs/impl_1/runme.log
reset_run impl_1 -prev_step 
launch_runs impl_1 -to_step write_bitstream -jobs 11
[Wed Mar 11 03:14:32 2026] Launched impl_1...
Run output will be captured here: C:/Module Files/Year 2 Sem 2/EE2026/FDP/FDP.runs/impl_1/runme.log
set_property PROBES.FILE {} [get_hw_devices xc7a35t_0]
set_property FULL_PROBES.FILE {} [get_hw_devices xc7a35t_0]
set_property PROGRAM.FILE {C:/Module Files/Year 2 Sem 2/EE2026/FDP/FDP.runs/impl_1/task_r.bit} [get_hw_devices xc7a35t_0]
program_hw_devices [get_hw_devices xc7a35t_0]
INFO: [Labtools 27-3164] End of startup status: HIGH
refresh_hw_device [lindex [get_hw_devices xc7a35t_0] 0]
INFO: [Labtools 27-1434] Device xc7a35t (JTAG device index = 0) is programmed with a design that has no supported debug core(s) in it.
WARNING: [Labtools 27-3361] The debug hub core was not detected.
Resolution: 
1. Make sure the clock connected to the debug hub (dbg_hub) core is a free running clock and is active.
2. Make sure the BSCAN_SWITCH_USER_MASK device property in Vivado Hardware Manager reflects the user scan chain setting in the design and refresh the device.  To determine the user scan chain setting in the design, open the implemented design and use 'get_property C_USER_SCAN_CHAIN [get_debug_cores dbg_hub]'.
For more details on setting the scan chain property, consult the Vivado Debug and Programming User Guide (UG908).
reset_run synth_1
launch_runs impl_1 -to_step write_bitstream -jobs 11
[Wed Mar 11 03:16:10 2026] Launched synth_1...
Run output will be captured here: C:/Module Files/Year 2 Sem 2/EE2026/FDP/FDP.runs/synth_1/runme.log
[Wed Mar 11 03:16:10 2026] Launched impl_1...
Run output will be captured here: C:/Module Files/Year 2 Sem 2/EE2026/FDP/FDP.runs/impl_1/runme.log
set_property PROBES.FILE {} [get_hw_devices xc7a35t_0]
set_property FULL_PROBES.FILE {} [get_hw_devices xc7a35t_0]
set_property PROGRAM.FILE {C:/Module Files/Year 2 Sem 2/EE2026/FDP/FDP.runs/impl_1/task_r.bit} [get_hw_devices xc7a35t_0]
program_hw_devices [get_hw_devices xc7a35t_0]
INFO: [Labtools 27-3164] End of startup status: HIGH
refresh_hw_device [lindex [get_hw_devices xc7a35t_0] 0]
INFO: [Labtools 27-1434] Device xc7a35t (JTAG device index = 0) is programmed with a design that has no supported debug core(s) in it.
WARNING: [Labtools 27-3361] The debug hub core was not detected.
Resolution: 
1. Make sure the clock connected to the debug hub (dbg_hub) core is a free running clock and is active.
2. Make sure the BSCAN_SWITCH_USER_MASK device property in Vivado Hardware Manager reflects the user scan chain setting in the design and refresh the device.  To determine the user scan chain setting in the design, open the implemented design and use 'get_property C_USER_SCAN_CHAIN [get_debug_cores dbg_hub]'.
For more details on setting the scan chain property, consult the Vivado Debug and Programming User Guide (UG908).
reset_run synth_1
launch_runs impl_1 -to_step write_bitstream -jobs 11
[Wed Mar 11 04:03:17 2026] Launched synth_1...
Run output will be captured here: C:/Module Files/Year 2 Sem 2/EE2026/FDP/FDP.runs/synth_1/runme.log
[Wed Mar 11 04:03:17 2026] Launched impl_1...
Run output will be captured here: C:/Module Files/Year 2 Sem 2/EE2026/FDP/FDP.runs/impl_1/runme.log
close [ open {C:/Module Files/Year 2 Sem 2/EE2026/FDP/FDP.srcs/sources_1/new/task_p.v} w ]
add_files {{C:/Module Files/Year 2 Sem 2/EE2026/FDP/FDP.srcs/sources_1/new/task_p.v}}
update_compile_order -fileset sources_1
close [ open {C:/Module Files/Year 2 Sem 2/EE2026/FDP/FDP.srcs/sources_1/new/task_s.v} w ]
add_files {{C:/Module Files/Year 2 Sem 2/EE2026/FDP/FDP.srcs/sources_1/new/task_s.v}}
update_compile_order -fileset sources_1
set_property top Top_Student [current_fileset]
update_compile_order -fileset sources_1
reset_run synth_1
launch_runs impl_1 -jobs 11
[Wed Mar 11 04:10:13 2026] Launched synth_1...
Run output will be captured here: C:/Module Files/Year 2 Sem 2/EE2026/FDP/FDP.runs/synth_1/runme.log
[Wed Mar 11 04:10:13 2026] Launched impl_1...
Run output will be captured here: C:/Module Files/Year 2 Sem 2/EE2026/FDP/FDP.runs/impl_1/runme.log
launch_runs impl_1 -to_step write_bitstream -jobs 11
[Wed Mar 11 04:11:45 2026] Launched impl_1...
Run output will be captured here: C:/Module Files/Year 2 Sem 2/EE2026/FDP/FDP.runs/impl_1/runme.log
reset_run synth_1
launch_runs impl_1 -jobs 11
[Wed Mar 11 04:13:09 2026] Launched synth_1...
Run output will be captured here: C:/Module Files/Year 2 Sem 2/EE2026/FDP/FDP.runs/synth_1/runme.log
[Wed Mar 11 04:13:09 2026] Launched impl_1...
Run output will be captured here: C:/Module Files/Year 2 Sem 2/EE2026/FDP/FDP.runs/impl_1/runme.log
launch_runs impl_1 -to_step write_bitstream -jobs 11
[Wed Mar 11 04:14:38 2026] Launched impl_1...
Run output will be captured here: C:/Module Files/Year 2 Sem 2/EE2026/FDP/FDP.runs/impl_1/runme.log
set_property PROBES.FILE {} [get_hw_devices xc7a35t_0]
set_property FULL_PROBES.FILE {} [get_hw_devices xc7a35t_0]
set_property PROGRAM.FILE {C:/Module Files/Year 2 Sem 2/EE2026/FDP/FDP.runs/impl_1/Top_Student.bit} [get_hw_devices xc7a35t_0]
program_hw_devices [get_hw_devices xc7a35t_0]
INFO: [Labtools 27-3164] End of startup status: HIGH
refresh_hw_device [lindex [get_hw_devices xc7a35t_0] 0]
INFO: [Labtools 27-1434] Device xc7a35t (JTAG device index = 0) is programmed with a design that has no supported debug core(s) in it.
WARNING: [Labtools 27-3361] The debug hub core was not detected.
Resolution: 
1. Make sure the clock connected to the debug hub (dbg_hub) core is a free running clock and is active.
2. Make sure the BSCAN_SWITCH_USER_MASK device property in Vivado Hardware Manager reflects the user scan chain setting in the design and refresh the device.  To determine the user scan chain setting in the design, open the implemented design and use 'get_property C_USER_SCAN_CHAIN [get_debug_cores dbg_hub]'.
For more details on setting the scan chain property, consult the Vivado Debug and Programming User Guide (UG908).
update_compile_order -fileset sources_1
update_compile_order -fileset sources_1
reset_run synth_1
launch_runs impl_1 -to_step write_bitstream -jobs 11
[Wed Mar 11 04:26:36 2026] Launched synth_1...
Run output will be captured here: C:/Module Files/Year 2 Sem 2/EE2026/FDP/FDP.runs/synth_1/runme.log
[Wed Mar 11 04:26:36 2026] Launched impl_1...
Run output will be captured here: C:/Module Files/Year 2 Sem 2/EE2026/FDP/FDP.runs/impl_1/runme.log
reset_run synth_1
launch_runs impl_1 -to_step write_bitstream -jobs 11
[Wed Mar 11 04:27:24 2026] Launched synth_1...
Run output will be captured here: C:/Module Files/Year 2 Sem 2/EE2026/FDP/FDP.runs/synth_1/runme.log
[Wed Mar 11 04:27:24 2026] Launched impl_1...
Run output will be captured here: C:/Module Files/Year 2 Sem 2/EE2026/FDP/FDP.runs/impl_1/runme.log
set_property PROBES.FILE {} [get_hw_devices xc7a35t_0]
set_property FULL_PROBES.FILE {} [get_hw_devices xc7a35t_0]
set_property PROGRAM.FILE {C:/Module Files/Year 2 Sem 2/EE2026/FDP/FDP.runs/impl_1/Top_Student.bit} [get_hw_devices xc7a35t_0]
program_hw_devices [get_hw_devices xc7a35t_0]
INFO: [Labtools 27-3164] End of startup status: HIGH
refresh_hw_device [lindex [get_hw_devices xc7a35t_0] 0]
INFO: [Labtools 27-1434] Device xc7a35t (JTAG device index = 0) is programmed with a design that has no supported debug core(s) in it.
WARNING: [Labtools 27-3361] The debug hub core was not detected.
Resolution: 
1. Make sure the clock connected to the debug hub (dbg_hub) core is a free running clock and is active.
2. Make sure the BSCAN_SWITCH_USER_MASK device property in Vivado Hardware Manager reflects the user scan chain setting in the design and refresh the device.  To determine the user scan chain setting in the design, open the implemented design and use 'get_property C_USER_SCAN_CHAIN [get_debug_cores dbg_hub]'.
For more details on setting the scan chain property, consult the Vivado Debug and Programming User Guide (UG908).
archive_project {C:/Module Files/Year 2 Sem 2/EE2026/FDP_test_1.xpr.zip} -temp_dir C:/Users/harve/AppData/Roaming/Xilinx/Vivado/.Xil/Vivado-40548-LAPTOP-E2ED17JP -force -include_local_ip_cache
INFO: [Coretcl 2-137] starting archive...
INFO: [Coretcl 2-1499] Saving project copy to temporary location 'C:/Users/harve/AppData/Roaming/Xilinx/Vivado/.Xil/Vivado-40548-LAPTOP-E2ED17JP' for archiving project
Scanning sources...
Finished scanning sources
INFO: [IP_Flow 19-234] Refreshing IP repositories
INFO: [IP_Flow 19-1704] No user IP repositories specified
INFO: [IP_Flow 19-2313] Loaded Vivado IP repository 'C:/Vivado/Vivado/2018.2/data/ip'.
INFO: [Coretcl 2-1211] Creating project copy for archival...
INFO: [ProjectBase 1-495] The host OS only allows 260 characters in a normal path. The project is stored in a path with more than 80 characters. If you experience any problem with archiving the project, please consider setting environment variable $TEMP to a shorter path.
Current project path is 'C:/Users/harve/AppData/Roaming/Xilinx/Vivado/.Xil/Vivado-40548-LAPTOP-E2ED17JP/PrjAr/_X_'.
INFO: [Coretcl 2-1213] Including run results for 'synth_1'
INFO: [Coretcl 2-1213] Including run results for 'impl_1'
INFO: [Coretcl 2-1212] Importing remotely added design sources and verilog include files (if any)...
INFO: [filemgmt 20-334] All file(s) are already imported in fileset: 'constrs_1'
INFO: [filemgmt 20-348] Importing the appropriate files for fileset: 'constrs_1'
INFO: [filemgmt 20-348] Importing the appropriate files for fileset: 'sources_1'
INFO: [Coretcl 2-1209] Adding archive summary file to the project...
INFO: [Coretcl 2-1214] Preparing project files for archive...
INFO: [Coretcl 2-1210] Compressing project files and data...
INFO: [Coretcl 2-1215] Project archived (C:/Module Files/Year 2 Sem 2/EE2026/FDP_test_1.xpr.zip)
INFO: [Coretcl 2-1216] To view the archive summary log in GUI, double click on 'Design Sources->Text->archive_project_summary.txt', or open this file from the archived project directory.
archive_project: Time (s): cpu = 00:00:04 ; elapsed = 00:00:09 . Memory (MB): peak = 2679.395 ; gain = 0.000
reset_run impl_1 -prev_step 
launch_runs impl_1 -to_step write_bitstream -jobs 11
[Wed Mar 11 04:40:40 2026] Launched impl_1...
Run output will be captured here: C:/Module Files/Year 2 Sem 2/EE2026/FDP/FDP.runs/impl_1/runme.log
update_compile_order -fileset sources_1
set_property PROBES.FILE {} [get_hw_devices xc7a35t_0]
set_property FULL_PROBES.FILE {} [get_hw_devices xc7a35t_0]
set_property PROGRAM.FILE {C:/Module Files/Year 2 Sem 2/EE2026/FDP/FDP.runs/impl_1/Top_Student.bit} [get_hw_devices xc7a35t_0]
program_hw_devices [get_hw_devices xc7a35t_0]
INFO: [Labtools 27-3164] End of startup status: HIGH
refresh_hw_device [lindex [get_hw_devices xc7a35t_0] 0]
INFO: [Labtools 27-1434] Device xc7a35t (JTAG device index = 0) is programmed with a design that has no supported debug core(s) in it.
WARNING: [Labtools 27-3361] The debug hub core was not detected.
Resolution: 
1. Make sure the clock connected to the debug hub (dbg_hub) core is a free running clock and is active.
2. Make sure the BSCAN_SWITCH_USER_MASK device property in Vivado Hardware Manager reflects the user scan chain setting in the design and refresh the device.  To determine the user scan chain setting in the design, open the implemented design and use 'get_property C_USER_SCAN_CHAIN [get_debug_cores dbg_hub]'.
For more details on setting the scan chain property, consult the Vivado Debug and Programming User Guide (UG908).
reset_run synth_1
launch_runs impl_1 -to_step write_bitstream -jobs 11
[Wed Mar 11 04:43:49 2026] Launched synth_1...
Run output will be captured here: C:/Module Files/Year 2 Sem 2/EE2026/FDP/FDP.runs/synth_1/runme.log
[Wed Mar 11 04:43:49 2026] Launched impl_1...
Run output will be captured here: C:/Module Files/Year 2 Sem 2/EE2026/FDP/FDP.runs/impl_1/runme.log
update_compile_order -fileset sources_1
reset_run synth_1
launch_runs impl_1 -to_step write_bitstream -jobs 11
[Wed Mar 11 04:50:18 2026] Launched synth_1...
Run output will be captured here: C:/Module Files/Year 2 Sem 2/EE2026/FDP/FDP.runs/synth_1/runme.log
[Wed Mar 11 04:50:18 2026] Launched impl_1...
Run output will be captured here: C:/Module Files/Year 2 Sem 2/EE2026/FDP/FDP.runs/impl_1/runme.log
reset_run synth_1
launch_runs impl_1 -to_step write_bitstream -jobs 11
[Wed Mar 11 04:54:29 2026] Launched synth_1...
Run output will be captured here: C:/Module Files/Year 2 Sem 2/EE2026/FDP/FDP.runs/synth_1/runme.log
[Wed Mar 11 04:54:29 2026] Launched impl_1...
Run output will be captured here: C:/Module Files/Year 2 Sem 2/EE2026/FDP/FDP.runs/impl_1/runme.log
reset_run synth_1
launch_runs impl_1 -to_step write_bitstream -jobs 11
[Wed Mar 11 04:55:21 2026] Launched synth_1...
Run output will be captured here: C:/Module Files/Year 2 Sem 2/EE2026/FDP/FDP.runs/synth_1/runme.log
[Wed Mar 11 04:55:22 2026] Launched impl_1...
Run output will be captured here: C:/Module Files/Year 2 Sem 2/EE2026/FDP/FDP.runs/impl_1/runme.log
reset_run synth_1
launch_runs impl_1 -to_step write_bitstream -jobs 11
[Wed Mar 11 04:56:00 2026] Launched synth_1...
Run output will be captured here: C:/Module Files/Year 2 Sem 2/EE2026/FDP/FDP.runs/synth_1/runme.log
[Wed Mar 11 04:56:01 2026] Launched impl_1...
Run output will be captured here: C:/Module Files/Year 2 Sem 2/EE2026/FDP/FDP.runs/impl_1/runme.log
set_property PROBES.FILE {} [get_hw_devices xc7a35t_0]
set_property FULL_PROBES.FILE {} [get_hw_devices xc7a35t_0]
set_property PROGRAM.FILE {C:/Module Files/Year 2 Sem 2/EE2026/FDP/FDP.runs/impl_1/Top_Student.bit} [get_hw_devices xc7a35t_0]
program_hw_devices [get_hw_devices xc7a35t_0]
INFO: [Labtools 27-3164] End of startup status: HIGH
refresh_hw_device [lindex [get_hw_devices xc7a35t_0] 0]
INFO: [Labtools 27-1434] Device xc7a35t (JTAG device index = 0) is programmed with a design that has no supported debug core(s) in it.
WARNING: [Labtools 27-3361] The debug hub core was not detected.
Resolution: 
1. Make sure the clock connected to the debug hub (dbg_hub) core is a free running clock and is active.
2. Make sure the BSCAN_SWITCH_USER_MASK device property in Vivado Hardware Manager reflects the user scan chain setting in the design and refresh the device.  To determine the user scan chain setting in the design, open the implemented design and use 'get_property C_USER_SCAN_CHAIN [get_debug_cores dbg_hub]'.
For more details on setting the scan chain property, consult the Vivado Debug and Programming User Guide (UG908).
update_compile_order -fileset sources_1
reset_run synth_1
launch_runs impl_1 -to_step write_bitstream -jobs 11
[Wed Mar 11 05:06:37 2026] Launched synth_1...
Run output will be captured here: C:/Module Files/Year 2 Sem 2/EE2026/FDP/FDP.runs/synth_1/runme.log
[Wed Mar 11 05:06:37 2026] Launched impl_1...
Run output will be captured here: C:/Module Files/Year 2 Sem 2/EE2026/FDP/FDP.runs/impl_1/runme.log
reset_run synth_1
launch_runs impl_1 -to_step write_bitstream -jobs 11
[Wed Mar 11 05:08:48 2026] Launched synth_1...
Run output will be captured here: C:/Module Files/Year 2 Sem 2/EE2026/FDP/FDP.runs/synth_1/runme.log
[Wed Mar 11 05:08:49 2026] Launched impl_1...
Run output will be captured here: C:/Module Files/Year 2 Sem 2/EE2026/FDP/FDP.runs/impl_1/runme.log
reset_run synth_1
launch_runs impl_1 -to_step write_bitstream -jobs 11
[Wed Mar 11 05:10:16 2026] Launched synth_1...
Run output will be captured here: C:/Module Files/Year 2 Sem 2/EE2026/FDP/FDP.runs/synth_1/runme.log
[Wed Mar 11 05:10:16 2026] Launched impl_1...
Run output will be captured here: C:/Module Files/Year 2 Sem 2/EE2026/FDP/FDP.runs/impl_1/runme.log
reset_run synth_1
launch_runs impl_1 -to_step write_bitstream -jobs 11
[Wed Mar 11 05:11:03 2026] Launched synth_1...
Run output will be captured here: C:/Module Files/Year 2 Sem 2/EE2026/FDP/FDP.runs/synth_1/runme.log
[Wed Mar 11 05:11:03 2026] Launched impl_1...
Run output will be captured here: C:/Module Files/Year 2 Sem 2/EE2026/FDP/FDP.runs/impl_1/runme.log
reset_run synth_1
launch_runs impl_1 -to_step write_bitstream -jobs 11
[Wed Mar 11 05:12:47 2026] Launched synth_1...
Run output will be captured here: C:/Module Files/Year 2 Sem 2/EE2026/FDP/FDP.runs/synth_1/runme.log
[Wed Mar 11 05:12:47 2026] Launched impl_1...
Run output will be captured here: C:/Module Files/Year 2 Sem 2/EE2026/FDP/FDP.runs/impl_1/runme.log
set_property PROBES.FILE {} [get_hw_devices xc7a35t_0]
set_property FULL_PROBES.FILE {} [get_hw_devices xc7a35t_0]
set_property PROGRAM.FILE {C:/Module Files/Year 2 Sem 2/EE2026/FDP/FDP.runs/impl_1/Top_Student.bit} [get_hw_devices xc7a35t_0]
program_hw_devices [get_hw_devices xc7a35t_0]
INFO: [Labtools 27-3164] End of startup status: HIGH
refresh_hw_device [lindex [get_hw_devices xc7a35t_0] 0]
INFO: [Labtools 27-1434] Device xc7a35t (JTAG device index = 0) is programmed with a design that has no supported debug core(s) in it.
WARNING: [Labtools 27-3361] The debug hub core was not detected.
Resolution: 
1. Make sure the clock connected to the debug hub (dbg_hub) core is a free running clock and is active.
2. Make sure the BSCAN_SWITCH_USER_MASK device property in Vivado Hardware Manager reflects the user scan chain setting in the design and refresh the device.  To determine the user scan chain setting in the design, open the implemented design and use 'get_property C_USER_SCAN_CHAIN [get_debug_cores dbg_hub]'.
For more details on setting the scan chain property, consult the Vivado Debug and Programming User Guide (UG908).
reset_run impl_1 -prev_step 
launch_runs impl_1 -to_step write_bitstream -jobs 11
[Wed Mar 11 05:15:23 2026] Launched impl_1...
Run output will be captured here: C:/Module Files/Year 2 Sem 2/EE2026/FDP/FDP.runs/impl_1/runme.log
reset_run impl_1 -prev_step 
WARNING: [Vivado 12-1017] Problems encountered:
1. PID not specified

reset_run synth_1
WARNING: [Vivado 12-1017] Problems encountered:
1. PID not specified

launch_runs impl_1 -to_step write_bitstream -jobs 11
[Wed Mar 11 05:15:32 2026] Launched synth_1...
Run output will be captured here: C:/Module Files/Year 2 Sem 2/EE2026/FDP/FDP.runs/synth_1/runme.log
[Wed Mar 11 05:15:32 2026] Launched impl_1...
Run output will be captured here: C:/Module Files/Year 2 Sem 2/EE2026/FDP/FDP.runs/impl_1/runme.log
reset_run synth_1
launch_runs impl_1 -to_step write_bitstream -jobs 11
[Wed Mar 11 05:16:59 2026] Launched synth_1...
Run output will be captured here: C:/Module Files/Year 2 Sem 2/EE2026/FDP/FDP.runs/synth_1/runme.log
[Wed Mar 11 05:16:59 2026] Launched impl_1...
Run output will be captured here: C:/Module Files/Year 2 Sem 2/EE2026/FDP/FDP.runs/impl_1/runme.log
set_property PROBES.FILE {} [get_hw_devices xc7a35t_0]
set_property FULL_PROBES.FILE {} [get_hw_devices xc7a35t_0]
set_property PROGRAM.FILE {C:/Module Files/Year 2 Sem 2/EE2026/FDP/FDP.runs/impl_1/Top_Student.bit} [get_hw_devices xc7a35t_0]
program_hw_devices [get_hw_devices xc7a35t_0]
INFO: [Labtools 27-3164] End of startup status: HIGH
refresh_hw_device [lindex [get_hw_devices xc7a35t_0] 0]
INFO: [Labtools 27-1434] Device xc7a35t (JTAG device index = 0) is programmed with a design that has no supported debug core(s) in it.
WARNING: [Labtools 27-3361] The debug hub core was not detected.
Resolution: 
1. Make sure the clock connected to the debug hub (dbg_hub) core is a free running clock and is active.
2. Make sure the BSCAN_SWITCH_USER_MASK device property in Vivado Hardware Manager reflects the user scan chain setting in the design and refresh the device.  To determine the user scan chain setting in the design, open the implemented design and use 'get_property C_USER_SCAN_CHAIN [get_debug_cores dbg_hub]'.
For more details on setting the scan chain property, consult the Vivado Debug and Programming User Guide (UG908).
reset_run synth_1
launch_runs impl_1 -to_step write_bitstream -jobs 11
[Wed Mar 11 05:21:20 2026] Launched synth_1...
Run output will be captured here: C:/Module Files/Year 2 Sem 2/EE2026/FDP/FDP.runs/synth_1/runme.log
[Wed Mar 11 05:21:20 2026] Launched impl_1...
Run output will be captured here: C:/Module Files/Year 2 Sem 2/EE2026/FDP/FDP.runs/impl_1/runme.log
set_property PROBES.FILE {} [get_hw_devices xc7a35t_0]
set_property FULL_PROBES.FILE {} [get_hw_devices xc7a35t_0]
set_property PROGRAM.FILE {C:/Module Files/Year 2 Sem 2/EE2026/FDP/FDP.runs/impl_1/Top_Student.bit} [get_hw_devices xc7a35t_0]
program_hw_devices [get_hw_devices xc7a35t_0]
INFO: [Labtools 27-3164] End of startup status: HIGH
refresh_hw_device [lindex [get_hw_devices xc7a35t_0] 0]
INFO: [Labtools 27-1434] Device xc7a35t (JTAG device index = 0) is programmed with a design that has no supported debug core(s) in it.
WARNING: [Labtools 27-3361] The debug hub core was not detected.
Resolution: 
1. Make sure the clock connected to the debug hub (dbg_hub) core is a free running clock and is active.
2. Make sure the BSCAN_SWITCH_USER_MASK device property in Vivado Hardware Manager reflects the user scan chain setting in the design and refresh the device.  To determine the user scan chain setting in the design, open the implemented design and use 'get_property C_USER_SCAN_CHAIN [get_debug_cores dbg_hub]'.
For more details on setting the scan chain property, consult the Vivado Debug and Programming User Guide (UG908).
reset_run impl_1 -prev_step 
launch_runs impl_1 -to_step write_bitstream -jobs 11
[Wed Mar 11 05:27:07 2026] Launched impl_1...
Run output will be captured here: C:/Module Files/Year 2 Sem 2/EE2026/FDP/FDP.runs/impl_1/runme.log
reset_run impl_1 -prev_step 
reset_run synth_1
launch_runs impl_1 -to_step write_bitstream -jobs 11
[Wed Mar 11 05:27:27 2026] Launched synth_1...
Run output will be captured here: C:/Module Files/Year 2 Sem 2/EE2026/FDP/FDP.runs/synth_1/runme.log
[Wed Mar 11 05:27:27 2026] Launched impl_1...
Run output will be captured here: C:/Module Files/Year 2 Sem 2/EE2026/FDP/FDP.runs/impl_1/runme.log
reset_run synth_1
launch_runs impl_1 -to_step write_bitstream -jobs 11
[Wed Mar 11 05:28:54 2026] Launched synth_1...
Run output will be captured here: C:/Module Files/Year 2 Sem 2/EE2026/FDP/FDP.runs/synth_1/runme.log
[Wed Mar 11 05:28:54 2026] Launched impl_1...
Run output will be captured here: C:/Module Files/Year 2 Sem 2/EE2026/FDP/FDP.runs/impl_1/runme.log
set_property PROBES.FILE {} [get_hw_devices xc7a35t_0]
set_property FULL_PROBES.FILE {} [get_hw_devices xc7a35t_0]
set_property PROGRAM.FILE {C:/Module Files/Year 2 Sem 2/EE2026/FDP/FDP.runs/impl_1/Top_Student.bit} [get_hw_devices xc7a35t_0]
program_hw_devices [get_hw_devices xc7a35t_0]
INFO: [Labtools 27-3164] End of startup status: HIGH
refresh_hw_device [lindex [get_hw_devices xc7a35t_0] 0]
INFO: [Labtools 27-1434] Device xc7a35t (JTAG device index = 0) is programmed with a design that has no supported debug core(s) in it.
WARNING: [Labtools 27-3361] The debug hub core was not detected.
Resolution: 
1. Make sure the clock connected to the debug hub (dbg_hub) core is a free running clock and is active.
2. Make sure the BSCAN_SWITCH_USER_MASK device property in Vivado Hardware Manager reflects the user scan chain setting in the design and refresh the device.  To determine the user scan chain setting in the design, open the implemented design and use 'get_property C_USER_SCAN_CHAIN [get_debug_cores dbg_hub]'.
For more details on setting the scan chain property, consult the Vivado Debug and Programming User Guide (UG908).
reset_run impl_1 -prev_step 
launch_runs impl_1 -to_step write_bitstream -jobs 11
INFO: [Common 17-344] 'launch_runs' was cancelled
update_compile_order -fileset sources_1
reset_run synth_1
launch_runs impl_1 -to_step write_bitstream -jobs 11
INFO: [Vivado 12-4149] The synthesis checkpoint for IP 'C:/Module Files/Year 2 Sem 2/EE2026/FDP/FDP.srcs/sources_1/ip/blk_mem_gen_inter/blk_mem_gen_inter.xci' is already up-to-date
INFO: [IP_Flow 19-1686] Generating 'Synthesis' target for IP 'blk_mem_gen_const'...
INFO: [IP_Flow 19-1686] Generating 'Synthesis' target for IP 'blk_mem_gen_img'...
INFO: [Vivado 12-4149] The synthesis checkpoint for IP 'C:/Module Files/Year 2 Sem 2/EE2026/FDP/FDP.srcs/sources_1/ip/blk_mem_gen_0_1/blk_mem_gen_0.xci' is already up-to-date
CRITICAL WARNING: [filemgmt 20-742] The top module "Top_Student" specified for this project can not be validated. The current project is using automatic hierarchy update mode, and hence a new suitable replacement top will be automatically selected. If this is not desired, please change the hierarchy update mode to one of the manual compile order modes first, and then set top to any desired value.
Resolution: To switch to manual update order go to the Sources view, right-click on any node in the hierarchy and in the context menu select: 'Hierarchy Update' option 'No Update' or run the following Tcl Command: set_property source_mgmt_mode None [current_project] (which is the Manual Compile Order mode).
[Wed Mar 11 05:34:10 2026] Launched blk_mem_gen_img_synth_1, blk_mem_gen_const_synth_1, synth_1...
Run output will be captured here:
blk_mem_gen_img_synth_1: C:/Module Files/Year 2 Sem 2/EE2026/FDP/FDP.runs/blk_mem_gen_img_synth_1/runme.log
blk_mem_gen_const_synth_1: C:/Module Files/Year 2 Sem 2/EE2026/FDP/FDP.runs/blk_mem_gen_const_synth_1/runme.log
synth_1: C:/Module Files/Year 2 Sem 2/EE2026/FDP/FDP.runs/synth_1/runme.log
[Wed Mar 11 05:34:11 2026] Launched impl_1...
Run output will be captured here: C:/Module Files/Year 2 Sem 2/EE2026/FDP/FDP.runs/impl_1/runme.log
update_compile_order -fileset sources_1
set_property top Top_Student [current_fileset]
update_compile_order -fileset sources_1
reset_run synth_1
launch_runs impl_1 -to_step write_bitstream -jobs 11
[Wed Mar 11 05:35:21 2026] Launched synth_1...
Run output will be captured here: C:/Module Files/Year 2 Sem 2/EE2026/FDP/FDP.runs/synth_1/runme.log
[Wed Mar 11 05:35:21 2026] Launched impl_1...
Run output will be captured here: C:/Module Files/Year 2 Sem 2/EE2026/FDP/FDP.runs/impl_1/runme.log
set_property PROBES.FILE {} [get_hw_devices xc7a35t_0]
set_property FULL_PROBES.FILE {} [get_hw_devices xc7a35t_0]
set_property PROGRAM.FILE {C:/Module Files/Year 2 Sem 2/EE2026/FDP/FDP.runs/impl_1/Top_Student.bit} [get_hw_devices xc7a35t_0]
program_hw_devices [get_hw_devices xc7a35t_0]
INFO: [Labtools 27-3164] End of startup status: HIGH
refresh_hw_device [lindex [get_hw_devices xc7a35t_0] 0]
INFO: [Labtools 27-1434] Device xc7a35t (JTAG device index = 0) is programmed with a design that has no supported debug core(s) in it.
WARNING: [Labtools 27-3361] The debug hub core was not detected.
Resolution: 
1. Make sure the clock connected to the debug hub (dbg_hub) core is a free running clock and is active.
2. Make sure the BSCAN_SWITCH_USER_MASK device property in Vivado Hardware Manager reflects the user scan chain setting in the design and refresh the device.  To determine the user scan chain setting in the design, open the implemented design and use 'get_property C_USER_SCAN_CHAIN [get_debug_cores dbg_hub]'.
For more details on setting the scan chain property, consult the Vivado Debug and Programming User Guide (UG908).
reset_run synth_1
launch_runs impl_1 -to_step write_bitstream -jobs 11
[Wed Mar 11 05:37:59 2026] Launched synth_1...
Run output will be captured here: C:/Module Files/Year 2 Sem 2/EE2026/FDP/FDP.runs/synth_1/runme.log
[Wed Mar 11 05:37:59 2026] Launched impl_1...
Run output will be captured here: C:/Module Files/Year 2 Sem 2/EE2026/FDP/FDP.runs/impl_1/runme.log
reset_run synth_1
launch_runs impl_1 -to_step write_bitstream -jobs 11
[Wed Mar 11 05:39:10 2026] Launched synth_1...
Run output will be captured here: C:/Module Files/Year 2 Sem 2/EE2026/FDP/FDP.runs/synth_1/runme.log
[Wed Mar 11 05:39:10 2026] Launched impl_1...
Run output will be captured here: C:/Module Files/Year 2 Sem 2/EE2026/FDP/FDP.runs/impl_1/runme.log
set_property PROBES.FILE {} [get_hw_devices xc7a35t_0]
set_property FULL_PROBES.FILE {} [get_hw_devices xc7a35t_0]
set_property PROGRAM.FILE {C:/Module Files/Year 2 Sem 2/EE2026/FDP/FDP.runs/impl_1/Top_Student.bit} [get_hw_devices xc7a35t_0]
program_hw_devices [get_hw_devices xc7a35t_0]
INFO: [Labtools 27-3164] End of startup status: HIGH
refresh_hw_device [lindex [get_hw_devices xc7a35t_0] 0]
INFO: [Labtools 27-1434] Device xc7a35t (JTAG device index = 0) is programmed with a design that has no supported debug core(s) in it.
WARNING: [Labtools 27-3361] The debug hub core was not detected.
Resolution: 
1. Make sure the clock connected to the debug hub (dbg_hub) core is a free running clock and is active.
2. Make sure the BSCAN_SWITCH_USER_MASK device property in Vivado Hardware Manager reflects the user scan chain setting in the design and refresh the device.  To determine the user scan chain setting in the design, open the implemented design and use 'get_property C_USER_SCAN_CHAIN [get_debug_cores dbg_hub]'.
For more details on setting the scan chain property, consult the Vivado Debug and Programming User Guide (UG908).
reset_run synth_1
launch_runs impl_1 -to_step write_bitstream -jobs 11
[Wed Mar 11 05:42:47 2026] Launched synth_1...
Run output will be captured here: C:/Module Files/Year 2 Sem 2/EE2026/FDP/FDP.runs/synth_1/runme.log
[Wed Mar 11 05:42:47 2026] Launched impl_1...
Run output will be captured here: C:/Module Files/Year 2 Sem 2/EE2026/FDP/FDP.runs/impl_1/runme.log
set_property PROBES.FILE {} [get_hw_devices xc7a35t_0]
set_property FULL_PROBES.FILE {} [get_hw_devices xc7a35t_0]
set_property PROGRAM.FILE {C:/Module Files/Year 2 Sem 2/EE2026/FDP/FDP.runs/impl_1/Top_Student.bit} [get_hw_devices xc7a35t_0]
program_hw_devices [get_hw_devices xc7a35t_0]
INFO: [Labtools 27-3164] End of startup status: HIGH
refresh_hw_device [lindex [get_hw_devices xc7a35t_0] 0]
INFO: [Labtools 27-1434] Device xc7a35t (JTAG device index = 0) is programmed with a design that has no supported debug core(s) in it.
WARNING: [Labtools 27-3361] The debug hub core was not detected.
Resolution: 
1. Make sure the clock connected to the debug hub (dbg_hub) core is a free running clock and is active.
2. Make sure the BSCAN_SWITCH_USER_MASK device property in Vivado Hardware Manager reflects the user scan chain setting in the design and refresh the device.  To determine the user scan chain setting in the design, open the implemented design and use 'get_property C_USER_SCAN_CHAIN [get_debug_cores dbg_hub]'.
For more details on setting the scan chain property, consult the Vivado Debug and Programming User Guide (UG908).
archive_project {C:/Module Files/Year 2 Sem 2/EE2026/Week_7_S5_01_Group.xpr.zip} -temp_dir C:/Users/harve/AppData/Roaming/Xilinx/Vivado/.Xil/Vivado-40548-LAPTOP-E2ED17JP -force -include_local_ip_cache
INFO: [Coretcl 2-137] starting archive...
INFO: [Coretcl 2-1499] Saving project copy to temporary location 'C:/Users/harve/AppData/Roaming/Xilinx/Vivado/.Xil/Vivado-40548-LAPTOP-E2ED17JP' for archiving project
Scanning sources...
Finished scanning sources
INFO: [IP_Flow 19-234] Refreshing IP repositories
INFO: [IP_Flow 19-1704] No user IP repositories specified
INFO: [IP_Flow 19-2313] Loaded Vivado IP repository 'C:/Vivado/Vivado/2018.2/data/ip'.
INFO: [Coretcl 2-1211] Creating project copy for archival...
INFO: [ProjectBase 1-495] The host OS only allows 260 characters in a normal path. The project is stored in a path with more than 80 characters. If you experience any problem with archiving the project, please consider setting environment variable $TEMP to a shorter path.
Current project path is 'C:/Users/harve/AppData/Roaming/Xilinx/Vivado/.Xil/Vivado-40548-LAPTOP-E2ED17JP/PrjAr/_X_'.
INFO: [Coretcl 2-1213] Including run results for 'synth_1'
INFO: [Coretcl 2-1213] Including run results for 'blk_mem_gen_img_synth_1'
INFO: [Coretcl 2-1213] Including run results for 'blk_mem_gen_const_synth_1'
INFO: [Coretcl 2-1213] Including run results for 'impl_1'
INFO: [Coretcl 2-133] re-setting run 'blk_mem_gen_img_impl_1'...
INFO: [Coretcl 2-133] re-setting run 'blk_mem_gen_const_impl_1'...
INFO: [Coretcl 2-1212] Importing remotely added design sources and verilog include files (if any)...
INFO: [filemgmt 20-334] All file(s) are already imported in fileset: 'blk_mem_gen_const'
INFO: [filemgmt 20-348] Importing the appropriate files for fileset: 'blk_mem_gen_const'
INFO: [filemgmt 20-334] All file(s) are already imported in fileset: 'blk_mem_gen_img'
INFO: [filemgmt 20-348] Importing the appropriate files for fileset: 'blk_mem_gen_img'
INFO: [filemgmt 20-334] All file(s) are already imported in fileset: 'constrs_1'
INFO: [filemgmt 20-348] Importing the appropriate files for fileset: 'constrs_1'
INFO: [filemgmt 20-348] Importing the appropriate files for fileset: 'sources_1'
