Copyright 1986-2018 Xilinx, Inc. All Rights Reserved.
------------------------------------------------------------------------------------
| Tool Version : Vivado v.2018.2 (win64) Build 2258646 Thu Jun 14 20:03:12 MDT 2018
| Date         : Wed Apr  8 18:55:39 2026
| Host         : LAPTOP-TX5PRO running 64-bit major release  (build 9200)
| Command      : report_control_sets -verbose -file main_control_sets_placed.rpt
| Design       : main
| Device       : xc7a35t
------------------------------------------------------------------------------------

Control Set Information

Table of Contents
-----------------
1. Summary
2. Histogram
3. Flip-Flop Distribution
4. Detailed Control Set Information

1. Summary
----------

+----------------------------------------------------------+-------+
|                          Status                          | Count |
+----------------------------------------------------------+-------+
| Number of unique control sets                            |    32 |
| Unused register locations in slices containing registers |    96 |
+----------------------------------------------------------+-------+


2. Histogram
------------

+--------+--------------+
| Fanout | Control Sets |
+--------+--------------+
|      2 |            2 |
|      8 |            4 |
|     10 |            2 |
|     12 |            6 |
|     14 |            4 |
|    16+ |           14 |
+--------+--------------+


3. Flip-Flop Distribution
-------------------------

+--------------+-----------------------+------------------------+-----------------+--------------+
| Clock Enable | Synchronous Set/Reset | Asynchronous Set/Reset | Total Registers | Total Slices |
+--------------+-----------------------+------------------------+-----------------+--------------+
| No           | No                    | No                     |              10 |            3 |
| No           | No                    | Yes                    |             400 |           67 |
| No           | Yes                   | No                     |             124 |           24 |
| Yes          | No                    | No                     |              38 |            8 |
| Yes          | No                    | Yes                    |             444 |           83 |
| Yes          | Yes                   | No                     |             104 |           12 |
+--------------+-----------------------+------------------------+-----------------+--------------+


4. Detailed Control Set Information
-----------------------------------

+----------------+---------------------------------------+--------------------------------+------------------+----------------+
|  Clock Signal  |             Enable Signal             |        Set/Reset Signal        | Slice Load Count | Bel Load Count |
+----------------+---------------------------------------+--------------------------------+------------------+----------------+
| ~clk_6p25_BUFG |                                       |                                |                1 |              2 |
|  clk_IBUF_BUFG | game_fsm/defeat_i_1_n_0               | sw_IBUF[15]                    |                1 |              2 |
|  clk_IBUF_BUFG |                                       |                                |                2 |              8 |
|  clk_IBUF_BUFG | game_fsm/ai_power[3]_i_1_n_0          | sw_IBUF[15]                    |                2 |              8 |
|  clk_IBUF_BUFG | game_fsm/enemy_entity_0[1]_i_1_n_0    | sw_IBUF[15]                    |                2 |              8 |
|  clk_IBUF_BUFG | game_fsm/player_power[3]_i_1_n_0      | sw_IBUF[15]                    |                2 |              8 |
|  clk_IBUF_BUFG | game_fsm/ai_angle[4]_i_1_n_0          | sw_IBUF[15]                    |                2 |             10 |
|  clk_IBUF_BUFG | game_fsm/ai_delay[4]_i_1_n_0          | sw_IBUF[15]                    |                2 |             10 |
|  clk_IBUF_BUFG | game_fsm/proj_y[5]_i_1_n_0            | sw_IBUF[15]                    |                4 |             12 |
|  clk_IBUF_BUFG | game_fsm/enemy_entity_1[12]_i_1_n_0   | sw_IBUF[15]                    |                4 |             12 |
|  clk_IBUF_BUFG | game_fsm/enemy_entity_0[12]_i_1_n_0   | sw_IBUF[15]                    |                4 |             12 |
|  clk_IBUF_BUFG | game_fsm/enemy_entity_2[12]_i_1_n_0   | sw_IBUF[15]                    |                2 |             12 |
|  clk_IBUF_BUFG | game_fsm/player_entity[12]_i_1_n_0    | sw_IBUF[15]                    |                4 |             12 |
|  clk_IBUF_BUFG | game_fsm/player_entity[43]_i_1_n_0    | sw_IBUF[15]                    |                1 |             12 |
|  clk_IBUF_BUFG | game_fsm/proj_x[6]_i_1_n_0            | sw_IBUF[15]                    |                2 |             14 |
|  clk_IBUF_BUFG | game_fsm/init_col[6]_i_1_n_0          | sw_IBUF[15]                    |                5 |             14 |
|  clk_IBUF_BUFG | game_fsm/player_angle[6]_i_1_n_0      | sw_IBUF[15]                    |                3 |             14 |
|  clk_IBUF_BUFG | game_fsm/terrain_rd_addr_a[6]_i_1_n_0 |                                |                3 |             14 |
|  clk_IBUF_BUFG | game_fsm/blast_dx[7]_i_1_n_0          | sw_IBUF[15]                    |                3 |             16 |
|  clk_IBUF_BUFG | game_fsm/real_hp_enemy[0][8]_i_1_n_0  | sw_IBUF[15]                    |                2 |             18 |
|  clk_IBUF_BUFG | game_fsm/real_hp_enemy[1][8]_i_1_n_0  | sw_IBUF[15]                    |                3 |             18 |
|  clk_IBUF_BUFG | game_fsm/real_hp_enemy[2][8]_i_1_n_0  | sw_IBUF[15]                    |                2 |             18 |
|  clk_IBUF_BUFG | game_fsm/real_hp_player[8]_i_1_n_0    | sw_IBUF[15]                    |                5 |             18 |
|  clk_IBUF_BUFG | game_fsm/terrain_wr_addr[6]_i_1_n_0   |                                |                5 |             24 |
|  clk_IBUF_BUFG | game_fsm/lut_angle_rep[6]_i_1_n_0     | sw_IBUF[15]                    |                6 |             28 |
|  clk_IBUF_BUFG | game_fsm/proj_vx[15]_i_1_n_0          | sw_IBUF[15]                    |                4 |             32 |
| ~clk_6p25_BUFG |                                       | sw_IBUF[15]                    |                4 |             34 |
| ~clk_6p25_BUFG | oled_inst/delay[0]_i_1_n_0            | sw_IBUF[15]                    |                5 |             40 |
| ~clk_6p25_BUFG | oled_inst/state                       | sw_IBUF[15]                    |                7 |             64 |
| ~clk_6p25_BUFG |                                       | oled_inst/spi_word[39]_i_1_n_0 |               20 |             90 |
|  clk_IBUF_BUFG | game_fsm/proj_vy                      | sw_IBUF[15]                    |               18 |            136 |
|  clk_IBUF_BUFG |                                       | sw_IBUF[15]                    |               67 |            400 |
+----------------+---------------------------------------+--------------------------------+------------------+----------------+


