Copyright 1986-2018 Xilinx, Inc. All Rights Reserved.
----------------------------------------------------------------------------------------
| Tool Version : Vivado v.2018.2 (win64) Build 2258646 Thu Jun 14 20:03:12 MDT 2018
| Date         : Wed Mar 11 09:54:20 2026
| Host         : LAPTOP-TX5PRO running 64-bit major release  (build 9200)
| Command      : report_control_sets -verbose -file Top_Student_control_sets_placed.rpt
| Design       : Top_Student
| Device       : xc7a35t
----------------------------------------------------------------------------------------

Control Set Information

Table of Contents
-----------------
1. Summary
2. Histogram
3. Flip-Flop Distribution
4. Detailed Control Set Information

1. Summary
----------

+----------------------------------------------------------+-------+
|                          Status                          | Count |
+----------------------------------------------------------+-------+
| Number of unique control sets                            |    24 |
| Unused register locations in slices containing registers |    56 |
+----------------------------------------------------------+-------+


2. Histogram
------------

+--------+--------------+
| Fanout | Control Sets |
+--------+--------------+
|      2 |            3 |
|      4 |            1 |
|      6 |            1 |
|      8 |            1 |
|     14 |            1 |
|    16+ |           17 |
+--------+--------------+


3. Flip-Flop Distribution
-------------------------

+--------------+-----------------------+------------------------+-----------------+--------------+
| Clock Enable | Synchronous Set/Reset | Asynchronous Set/Reset | Total Registers | Total Slices |
+--------------+-----------------------+------------------------+-----------------+--------------+
| No           | No                    | No                     |              84 |           25 |
| No           | No                    | Yes                    |               0 |            0 |
| No           | Yes                   | No                     |             518 |           73 |
| Yes          | No                    | No                     |             138 |           23 |
| Yes          | No                    | Yes                    |               0 |            0 |
| Yes          | Yes                   | No                     |             140 |           18 |
+--------------+-----------------------+------------------------+-----------------+--------------+


4. Detailed Control Set Information
-----------------------------------

+------------------------------------+-------------------------------+------------------------------------------+------------------+----------------+
|            Clock Signal            |         Enable Signal         |             Set/Reset Signal             | Slice Load Count | Bel Load Count |
+------------------------------------+-------------------------------+------------------------------------------+------------------+----------------+
|  unit_r/clock_unit_2/direction_reg |                               |                                          |                1 |              2 |
|  clk_IBUF_BUFG                     | unit_p/unit_d/unit_u/tick_1ms |                                          |                1 |              2 |
| ~clk_6p25mhz_BUFG                  |                               |                                          |                1 |              2 |
|  clk_div_inst/clk_300hz            |                               |                                          |                1 |              4 |
|  oled_colour_reg[15]_i_2__0_n_0    |                               |                                          |                2 |              6 |
|  clk_6p25mhz_BUFG                  |                               |                                          |                2 |              8 |
|  clk_IBUF_BUFG                     | unit_s/circle_x               |                                          |                4 |             14 |
|  clk_IBUF_BUFG                     | unit_p/unit_d/unit_u/E[0]     | unit_p/unit_d/unit_u/SR[0]               |                2 |             16 |
|  my_clk                            |                               |                                          |                7 |             16 |
|  unit_r/clock_unit_2/direction_reg | unit_r/NW_x                   |                                          |                4 |             18 |
|  clk_IBUF_BUFG                     |                               | unit_p/unit_d/unit_u/counter[16]_i_1_n_0 |                4 |             32 |
| ~clk_6p25mhz_BUFG                  |                               | unit/frame_counter[16]_i_1_n_0           |                5 |             34 |
| ~clk_6p25mhz_BUFG                  | unit/delay[0]_i_1_n_0         |                                          |                5 |             40 |
|  clk_IBUF_BUFG                     |                               | unit_s/move_counter[21]_i_1_n_0          |                6 |             42 |
|  clk_IBUF_BUFG                     |                               |                                          |               11 |             46 |
|  my_clk                            | unit_q/cnt_500002_out         | unit_q/cnt_5000[10]                      |                8 |             62 |
|  my_clk                            | unit_q/cnt_200[31]_i_2_n_0    | unit_q/cnt_200[1]                        |                8 |             62 |
|  clk_IBUF_BUFG                     |                               | clock_unit/clear                         |                8 |             64 |
|  clk_IBUF_BUFG                     |                               | unit_q/clock_unit/clear                  |                8 |             64 |
|  clk_IBUF_BUFG                     |                               | clk_div_inst/clear                       |                8 |             64 |
|  clk_IBUF_BUFG                     |                               | unit_r/clock_unit_1/clear                |                8 |             64 |
| ~clk_6p25mhz_BUFG                  | unit/state_0                  |                                          |                9 |             64 |
|  oled_colour_reg[15]_i_2__0_n_0    |                               | unit_r/clock_unit_2/count[0]_i_1__1_n_0  |                8 |             64 |
| ~clk_6p25mhz_BUFG                  |                               | unit/spi_word[39]_i_1_n_0                |               18 |             90 |
+------------------------------------+-------------------------------+------------------------------------------+------------------+----------------+


